08:49:21.458 INFO  [d.f.a.osm.OsmMap] [] - Loading file maps/Blankenese-Wedel.osm
08:49:21.806 INFO  [d.f.a.osm.OsmMap] [] - Initializing
08:49:21.836 INFO  [d.f.a.osm.OsmMap] [] - Parsing nodes
08:49:22.206 INFO  [d.f.a.osm.OsmMap] [] - 4821 nodes parsed in 283 milliseconds
08:49:22.217 INFO  [d.f.a.osm.OsmMap] [] - Parsing ways
08:49:28.026 INFO  [d.f.a.osm.OsmMap] [] - 1343 ways parsed in 5785 milliseconds
08:49:28.032 INFO  [d.f.a.osm.OsmMap] [] - Computing node ways mapping
08:49:28.860 INFO  [d.f.a.osm.OsmMap] [] - Node ways mapping with 4821 elements computed, took 705 ms
08:49:28.887 INFO  [d.f.a.r.RoutingService] [akka://AntScout/user/antScout/routingService] - Initialized
08:49:29.014 INFO  [d.f.a.antnet.AntMap] [] - Preparing
08:49:29.150 INFO  [d.f.a.antnet.AntMap] [] - Computing ant ways data
08:49:29.648 INFO  [d.f.a.antnet.AntMap] [] - 126 ant ways data computed, took 476 ms
08:49:29.654 INFO  [d.f.a.antnet.AntMap] [] - Computing nodes
08:49:29.677 INFO  [d.f.a.antnet.AntMap] [] - 88 nodes computed
08:49:29.709 INFO  [d.f.a.a.AntNodeSupervisor] [akka://AntScout/user/antScout/antNode] - Initializing
08:49:29.870 INFO  [d.f.a.a.AntNodeSupervisor] [akka://AntScout/user/antScout/antNode] - Initialized
08:49:29.878 INFO  [d.f.a.antnet.AntMap] [] - Computing ant ways
08:49:30.186 INFO  [d.f.a.antnet.AntMap] [] - Ant ways computed
08:49:30.214 INFO  [d.f.a.antnet.AntMap] [] - Computing incoming and outgoing ways
08:49:30.291 INFO  [d.f.a.antnet.AntMap] [] - Incoming and outgoing ways computed
08:49:30.297 INFO  [d.f.a.antnet.AntMap] [] - Computing sources and destinations
08:49:30.329 INFO  [d.f.a.antnet.AntMap] [] - 86 sources and 86 destinations computed, took 12 ms
08:49:30.349 INFO  [d.f.a.a.AntNodeSupervisor] [akka://AntScout/user/antScout/antNode] - Initializing nodes
08:49:30.659 INFO  [d.f.a.antnet.AntMap] [] - Calculating shortest paths
08:49:32.007 INFO  [d.f.a.antnet.AntMap] [] - Shortest paths calculated, took 1224 ms
08:49:32.684 INFO  [d.f.a.a.AntNodeSupervisor] [akka://AntScout/user/antScout/antNode] - Nodes initialized
08:53:44.900 WARN  [d.f.a.c.Statistics] [] - Unknown message: CometName(statistics)
08:53:45.409 WARN  [d.f.a.c.UserInterface] [] - Unknown message: CometName(userInterface)
09:13:36.316 INFO  [b.liftweb.Boot] [] - Shutting down
09:13:46.184 DEBUG [a.event.EventStream] [EventStream] - shutting down: StandardOutLogger started
18:40:09.508 INFO  [d.f.a.osm.OsmMap] [] - Loading file maps/Blankenese-Wedel.osm
18:40:11.624 INFO  [d.f.a.osm.OsmMap] [] - Initializing
18:40:11.696 INFO  [d.f.a.osm.OsmMap] [] - Parsing nodes
18:40:14.434 INFO  [d.f.a.osm.OsmMap] [] - 4821 nodes parsed in 2568 milliseconds
18:40:14.484 INFO  [d.f.a.osm.OsmMap] [] - Parsing ways
18:40:28.526 INFO  [d.f.a.osm.OsmMap] [] - 1343 ways parsed in 13948 milliseconds
18:40:28.574 INFO  [d.f.a.osm.OsmMap] [] - Computing node ways mapping
18:40:31.370 WARN  [d.f.a.c.Statistics] [] - Unknown message: CometName(statistics)
18:40:32.281 WARN  [d.f.a.c.UserInterface] [] - Unknown message: CometName(userInterface)
18:40:34.692 INFO  [d.f.a.osm.OsmMap] [] - Node ways mapping with 4821 elements computed, took 4432 ms
18:40:34.952 INFO  [d.f.a.r.RoutingService] [akka://AntScout/user/antScout/routingService] - Initialized
18:40:35.399 INFO  [d.f.a.antnet.AntMap] [] - Preparing
18:40:37.202 INFO  [d.f.a.antnet.AntMap] [] - Computing ant ways data
18:40:42.837 ERROR [n.l.http.LiftRules] [] - Exception being returned to browser when processing Req(List(), Map(), ParsePath(List(ways),,true,false), , GetRequest, Empty)
java.lang.NullPointerException: null
	at de.fhwedel.antscout.rest.Rest$$anonfun$1.apply(Rest.scala:81) ~[classes/:na]
	at de.fhwedel.antscout.rest.Rest$$anonfun$1.apply(Rest.scala:24) ~[classes/:na]
	at net.liftweb.http.rest.RestHelper$class.apply(RestHelper.scala:508) ~[lift-webkit_2.9.2-2.5-M3.jar:2.5-M3]
	at de.fhwedel.antscout.rest.Rest$.apply(Rest.scala:20) ~[classes/:na]
	at de.fhwedel.antscout.rest.Rest$.apply(Rest.scala:20) ~[classes/:na]
	at net.liftweb.http.LiftServlet$$anonfun$liftedTree1$1$1.apply(LiftServlet.scala:351) ~[lift-webkit_2.9.2-2.5-M3.jar:2.5-M3]
	at net.liftweb.http.LiftServlet$$anonfun$liftedTree1$1$1.apply(LiftServlet.scala:351) ~[lift-webkit_2.9.2-2.5-M3.jar:2.5-M3]
	at net.liftweb.util.ThreadGlobal.doWith(ThreadGlobal.scala:71) [lift-util_2.9.2-2.5-M3.jar:2.5-M3]
	at net.liftweb.http.S$class.functionLifespan(S.scala:1712) ~[lift-webkit_2.9.2-2.5-M3.jar:2.5-M3]
	at net.liftweb.http.S$.functionLifespan(S.scala:47) ~[lift-webkit_2.9.2-2.5-M3.jar:2.5-M3]
	at net.liftweb.http.LiftServlet.liftedTree1$1(LiftServlet.scala:350) [lift-webkit_2.9.2-2.5-M3.jar:2.5-M3]
	at net.liftweb.http.LiftServlet.net$liftweb$http$LiftServlet$$dispatchStatefulRequest(LiftServlet.scala:337) [lift-webkit_2.9.2-2.5-M3.jar:2.5-M3]
	at net.liftweb.http.LiftServlet$$anonfun$doSession$1$1.apply(LiftServlet.scala:286) ~[lift-webkit_2.9.2-2.5-M3.jar:2.5-M3]
	at net.liftweb.http.LiftServlet$$anonfun$doSession$1$1.apply(LiftServlet.scala:286) ~[lift-webkit_2.9.2-2.5-M3.jar:2.5-M3]
	at net.liftweb.http.S$class.net$liftweb$http$S$$wrapQuery(S.scala:1453) ~[lift-webkit_2.9.2-2.5-M3.jar:2.5-M3]
	at net.liftweb.http.S$$anonfun$net$liftweb$http$S$$_nest2InnerInit$1$$anonfun$apply$36.apply(S.scala:1601) ~[lift-webkit_2.9.2-2.5-M3.jar:2.5-M3]
	at net.liftweb.http.S$class.net$liftweb$http$S$$doAround(S.scala:1382) ~[lift-webkit_2.9.2-2.5-M3.jar:2.5-M3]
	at net.liftweb.http.S$$anonfun$net$liftweb$http$S$$_nest2InnerInit$1.apply(S.scala:1599) ~[lift-webkit_2.9.2-2.5-M3.jar:2.5-M3]
	at net.liftweb.util.ThreadGlobal.doWith(ThreadGlobal.scala:71) [lift-util_2.9.2-2.5-M3.jar:2.5-M3]
	at net.liftweb.http.S$class.net$liftweb$http$S$$_nest2InnerInit(S.scala:1598) ~[lift-webkit_2.9.2-2.5-M3.jar:2.5-M3]
	at net.liftweb.http.S$$anonfun$net$liftweb$http$S$$_innerInit$1$$anonfun$apply$40$$anonfun$apply$41$$anonfun$apply$42$$anonfun$apply$43.apply(S.scala:1642) ~[lift-webkit_2.9.2-2.5-M3.jar:2.5-M3]
	at net.liftweb.util.ThreadGlobal.doWith(ThreadGlobal.scala:71) [lift-util_2.9.2-2.5-M3.jar:2.5-M3]
	at net.liftweb.http.S$$anonfun$withReq$1.apply(S.scala:1652) ~[lift-webkit_2.9.2-2.5-M3.jar:2.5-M3]
	at net.liftweb.util.ThreadGlobal.doWith(ThreadGlobal.scala:71) [lift-util_2.9.2-2.5-M3.jar:2.5-M3]
	at net.liftweb.http.S$class.withReq(S.scala:1651) ~[lift-webkit_2.9.2-2.5-M3.jar:2.5-M3]
	at net.liftweb.http.S$.withReq(S.scala:47) ~[lift-webkit_2.9.2-2.5-M3.jar:2.5-M3]
	at net.liftweb.http.S$$anonfun$net$liftweb$http$S$$_innerInit$1$$anonfun$apply$40$$anonfun$apply$41$$anonfun$apply$42.apply(S.scala:1638) ~[lift-webkit_2.9.2-2.5-M3.jar:2.5-M3]
	at net.liftweb.util.ThreadGlobal.doWith(ThreadGlobal.scala:71) [lift-util_2.9.2-2.5-M3.jar:2.5-M3]
	at net.liftweb.http.S$$anonfun$net$liftweb$http$S$$_innerInit$1$$anonfun$apply$40$$anonfun$apply$41.apply(S.scala:1636) ~[lift-webkit_2.9.2-2.5-M3.jar:2.5-M3]
	at net.liftweb.util.ThreadGlobal.doWith(ThreadGlobal.scala:71) [lift-util_2.9.2-2.5-M3.jar:2.5-M3]
	at net.liftweb.http.S$$anonfun$net$liftweb$http$S$$_innerInit$1$$anonfun$apply$40.apply(S.scala:1635) ~[lift-webkit_2.9.2-2.5-M3.jar:2.5-M3]
	at net.liftweb.util.ThreadGlobal.doWith(ThreadGlobal.scala:71) [lift-util_2.9.2-2.5-M3.jar:2.5-M3]
	at net.liftweb.http.S$$anonfun$net$liftweb$http$S$$_innerInit$1.apply(S.scala:1634) ~[lift-webkit_2.9.2-2.5-M3.jar:2.5-M3]
	at net.liftweb.util.ThreadGlobal.doWith(ThreadGlobal.scala:71) [lift-util_2.9.2-2.5-M3.jar:2.5-M3]
	at net.liftweb.http.S$class.net$liftweb$http$S$$_innerInit(S.scala:1633) ~[lift-webkit_2.9.2-2.5-M3.jar:2.5-M3]
	at net.liftweb.http.S$$anonfun$net$liftweb$http$S$$_init$1$$anonfun$apply$46$$anonfun$apply$47$$anonfun$apply$48$$anonfun$apply$49$$anonfun$apply$50.apply(S.scala:1675) ~[lift-webkit_2.9.2-2.5-M3.jar:2.5-M3]
	at net.liftweb.util.ThreadGlobal.doWith(ThreadGlobal.scala:71) [lift-util_2.9.2-2.5-M3.jar:2.5-M3]
	at net.liftweb.http.S$$anonfun$net$liftweb$http$S$$_init$1$$anonfun$apply$46$$anonfun$apply$47$$anonfun$apply$48$$anonfun$apply$49.apply(S.scala:1673) ~[lift-webkit_2.9.2-2.5-M3.jar:2.5-M3]
	at net.liftweb.http.CoreRequestVarHandler$class.apply(Vars.scala:613) [lift-webkit_2.9.2-2.5-M3.jar:2.5-M3]
	at net.liftweb.http.RequestVarHandler$.apply(Vars.scala:515) [lift-webkit_2.9.2-2.5-M3.jar:2.5-M3]
	at net.liftweb.http.S$$anonfun$net$liftweb$http$S$$_init$1$$anonfun$apply$46$$anonfun$apply$47$$anonfun$apply$48.apply(S.scala:1672) ~[lift-webkit_2.9.2-2.5-M3.jar:2.5-M3]
	at net.liftweb.http.CoreRequestVarHandler$class.apply(Vars.scala:613) [lift-webkit_2.9.2-2.5-M3.jar:2.5-M3]
	at net.liftweb.http.TransientRequestVarHandler$.apply(Vars.scala:528) [lift-webkit_2.9.2-2.5-M3.jar:2.5-M3]
	at net.liftweb.http.S$$anonfun$net$liftweb$http$S$$_init$1$$anonfun$apply$46$$anonfun$apply$47.apply(S.scala:1671) ~[lift-webkit_2.9.2-2.5-M3.jar:2.5-M3]
	at net.liftweb.util.ThreadGlobal.doWith(ThreadGlobal.scala:71) [lift-util_2.9.2-2.5-M3.jar:2.5-M3]
	at net.liftweb.http.S$$anonfun$net$liftweb$http$S$$_init$1$$anonfun$apply$46.apply(S.scala:1670) ~[lift-webkit_2.9.2-2.5-M3.jar:2.5-M3]
	at net.liftweb.util.ThreadGlobal.doWith(ThreadGlobal.scala:71) [lift-util_2.9.2-2.5-M3.jar:2.5-M3]
	at net.liftweb.http.S$$anonfun$net$liftweb$http$S$$_init$1.apply(S.scala:1669) ~[lift-webkit_2.9.2-2.5-M3.jar:2.5-M3]
	at net.liftweb.util.ThreadGlobal.doWith(ThreadGlobal.scala:71) [lift-util_2.9.2-2.5-M3.jar:2.5-M3]
	at net.liftweb.http.S$class.net$liftweb$http$S$$_init(S.scala:1668) ~[lift-webkit_2.9.2-2.5-M3.jar:2.5-M3]
	at net.liftweb.http.S$class.init(S.scala:1267) ~[lift-webkit_2.9.2-2.5-M3.jar:2.5-M3]
	at net.liftweb.http.S$.init(S.scala:47) ~[lift-webkit_2.9.2-2.5-M3.jar:2.5-M3]
	at net.liftweb.http.LiftServlet.doSession$1(LiftServlet.scala:285) [lift-webkit_2.9.2-2.5-M3.jar:2.5-M3]
	at net.liftweb.http.LiftServlet.doService(LiftServlet.scala:295) [lift-webkit_2.9.2-2.5-M3.jar:2.5-M3]
	at net.liftweb.http.LiftServlet$$anonfun$doIt$1$1.apply(LiftServlet.scala:133) [lift-webkit_2.9.2-2.5-M3.jar:2.5-M3]
	at net.liftweb.http.LiftServlet$$anonfun$doIt$1$1.apply(LiftServlet.scala:132) [lift-webkit_2.9.2-2.5-M3.jar:2.5-M3]
	at net.liftweb.util.TimeHelpers$class.calcTime(TimeHelpers.scala:345) [lift-util_2.9.2-2.5-M3.jar:2.5-M3]
	at net.liftweb.util.Helpers$.calcTime(Helpers.scala:34) [lift-util_2.9.2-2.5-M3.jar:2.5-M3]
	at net.liftweb.util.TimeHelpers$class.logTime(TimeHelpers.scala:364) [lift-util_2.9.2-2.5-M3.jar:2.5-M3]
	at net.liftweb.util.Helpers$.logTime(Helpers.scala:34) [lift-util_2.9.2-2.5-M3.jar:2.5-M3]
	at net.liftweb.http.LiftServlet.doIt$1(LiftServlet.scala:132) [lift-webkit_2.9.2-2.5-M3.jar:2.5-M3]
	at net.liftweb.http.LiftServlet.service(LiftServlet.scala:143) [lift-webkit_2.9.2-2.5-M3.jar:2.5-M3]
	at net.liftweb.http.provider.HTTPProvider$$anonfun$service$2$$anonfun$apply$mcV$sp$1$$anonfun$apply$mcV$sp$2.apply$mcV$sp(HTTPProvider.scala:72) [lift-webkit_2.9.2-2.5-M3.jar:2.5-M3]
	at net.liftweb.http.provider.HTTPProvider$$anonfun$service$2$$anonfun$apply$mcV$sp$1$$anonfun$apply$mcV$sp$2.apply(HTTPProvider.scala:71) [lift-webkit_2.9.2-2.5-M3.jar:2.5-M3]
	at net.liftweb.http.provider.HTTPProvider$$anonfun$service$2$$anonfun$apply$mcV$sp$1$$anonfun$apply$mcV$sp$2.apply(HTTPProvider.scala:71) [lift-webkit_2.9.2-2.5-M3.jar:2.5-M3]
	at net.liftweb.util.ThreadGlobal.doWith(ThreadGlobal.scala:71) [lift-util_2.9.2-2.5-M3.jar:2.5-M3]
	at net.liftweb.http.URLRewriter$.doWith(Req.scala:1278) [lift-webkit_2.9.2-2.5-M3.jar:2.5-M3]
	at net.liftweb.http.provider.HTTPProvider$$anonfun$service$2$$anonfun$apply$mcV$sp$1.apply$mcV$sp(HTTPProvider.scala:70) [lift-webkit_2.9.2-2.5-M3.jar:2.5-M3]
	at net.liftweb.http.provider.HTTPProvider$$anonfun$service$2$$anonfun$apply$mcV$sp$1.apply(HTTPProvider.scala:70) [lift-webkit_2.9.2-2.5-M3.jar:2.5-M3]
	at net.liftweb.http.provider.HTTPProvider$$anonfun$service$2$$anonfun$apply$mcV$sp$1.apply(HTTPProvider.scala:70) [lift-webkit_2.9.2-2.5-M3.jar:2.5-M3]
	at net.liftweb.util.ThreadGlobal.doWith(ThreadGlobal.scala:71) [lift-util_2.9.2-2.5-M3.jar:2.5-M3]
	at net.liftweb.http.provider.HTTPProvider$$anonfun$service$2.apply$mcV$sp(HTTPProvider.scala:66) [lift-webkit_2.9.2-2.5-M3.jar:2.5-M3]
	at net.liftweb.http.provider.HTTPProvider$$anonfun$service$2.apply(HTTPProvider.scala:60) [lift-webkit_2.9.2-2.5-M3.jar:2.5-M3]
	at net.liftweb.http.provider.HTTPProvider$$anonfun$service$2.apply(HTTPProvider.scala:60) [lift-webkit_2.9.2-2.5-M3.jar:2.5-M3]
	at net.liftweb.util.ThreadGlobal.doWith(ThreadGlobal.scala:71) [lift-util_2.9.2-2.5-M3.jar:2.5-M3]
	at net.liftweb.http.provider.HTTPProvider$class.service(HTTPProvider.scala:60) [lift-webkit_2.9.2-2.5-M3.jar:2.5-M3]
	at net.liftweb.http.LiftFilter.service(LiftServlet.scala:904) [lift-webkit_2.9.2-2.5-M3.jar:2.5-M3]
	at net.liftweb.http.provider.servlet.ServletFilterProvider$$anonfun$doFilter$1$$anonfun$apply$mcV$sp$1$$anonfun$apply$mcV$sp$2.apply$mcV$sp(ServletFilterProvider.scala:82) [lift-webkit_2.9.2-2.5-M3.jar:2.5-M3]
	at net.liftweb.http.provider.servlet.ServletFilterProvider$$anonfun$doFilter$1$$anonfun$apply$mcV$sp$1$$anonfun$apply$mcV$sp$2.apply(ServletFilterProvider.scala:82) [lift-webkit_2.9.2-2.5-M3.jar:2.5-M3]
	at net.liftweb.http.provider.servlet.ServletFilterProvider$$anonfun$doFilter$1$$anonfun$apply$mcV$sp$1$$anonfun$apply$mcV$sp$2.apply(ServletFilterProvider.scala:82) [lift-webkit_2.9.2-2.5-M3.jar:2.5-M3]
	at net.liftweb.http.provider.servlet.ServletFilterProvider$class.handleLoan$1(ServletFilterProvider.scala:59) [lift-webkit_2.9.2-2.5-M3.jar:2.5-M3]
	at net.liftweb.http.provider.servlet.ServletFilterProvider$class.net$liftweb$http$provider$servlet$ServletFilterProvider$$handleLoanWrappers(ServletFilterProvider.scala:63) [lift-webkit_2.9.2-2.5-M3.jar:2.5-M3]
	at net.liftweb.http.provider.servlet.ServletFilterProvider$$anonfun$doFilter$1$$anonfun$apply$mcV$sp$1.apply$mcV$sp(ServletFilterProvider.scala:82) [lift-webkit_2.9.2-2.5-M3.jar:2.5-M3]
	at net.liftweb.http.provider.servlet.ServletFilterProvider$$anonfun$doFilter$1$$anonfun$apply$mcV$sp$1.apply(ServletFilterProvider.scala:77) [lift-webkit_2.9.2-2.5-M3.jar:2.5-M3]
	at net.liftweb.http.provider.servlet.ServletFilterProvider$$anonfun$doFilter$1$$anonfun$apply$mcV$sp$1.apply(ServletFilterProvider.scala:77) [lift-webkit_2.9.2-2.5-M3.jar:2.5-M3]
	at net.liftweb.http.CoreRequestVarHandler$$anonfun$apply$16$$anonfun$apply$17$$anonfun$apply$18$$anonfun$apply$19.apply(Vars.scala:619) [lift-webkit_2.9.2-2.5-M3.jar:2.5-M3]
	at net.liftweb.util.ThreadGlobal.doWith(ThreadGlobal.scala:71) [lift-util_2.9.2-2.5-M3.jar:2.5-M3]
	at net.liftweb.http.CoreRequestVarHandler$$anonfun$apply$16$$anonfun$apply$17$$anonfun$apply$18.apply(Vars.scala:618) [lift-webkit_2.9.2-2.5-M3.jar:2.5-M3]
	at net.liftweb.util.ThreadGlobal.doWith(ThreadGlobal.scala:71) [lift-util_2.9.2-2.5-M3.jar:2.5-M3]
	at net.liftweb.http.CoreRequestVarHandler$$anonfun$apply$16$$anonfun$apply$17.apply(Vars.scala:617) [lift-webkit_2.9.2-2.5-M3.jar:2.5-M3]
	at net.liftweb.util.ThreadGlobal.doWith(ThreadGlobal.scala:71) [lift-util_2.9.2-2.5-M3.jar:2.5-M3]
	at net.liftweb.http.CoreRequestVarHandler$$anonfun$apply$16.apply(Vars.scala:616) [lift-webkit_2.9.2-2.5-M3.jar:2.5-M3]
	at net.liftweb.util.ThreadGlobal.doWith(ThreadGlobal.scala:71) [lift-util_2.9.2-2.5-M3.jar:2.5-M3]
	at net.liftweb.http.CoreRequestVarHandler$class.apply(Vars.scala:615) [lift-webkit_2.9.2-2.5-M3.jar:2.5-M3]
	at net.liftweb.http.RequestVarHandler$.apply(Vars.scala:515) [lift-webkit_2.9.2-2.5-M3.jar:2.5-M3]
	at net.liftweb.http.provider.servlet.ServletFilterProvider$$anonfun$doFilter$1.apply$mcV$sp(ServletFilterProvider.scala:75) [lift-webkit_2.9.2-2.5-M3.jar:2.5-M3]
	at net.liftweb.http.provider.servlet.ServletFilterProvider$$anonfun$doFilter$1.apply(ServletFilterProvider.scala:75) [lift-webkit_2.9.2-2.5-M3.jar:2.5-M3]
	at net.liftweb.http.provider.servlet.ServletFilterProvider$$anonfun$doFilter$1.apply(ServletFilterProvider.scala:75) [lift-webkit_2.9.2-2.5-M3.jar:2.5-M3]
	at net.liftweb.http.CoreRequestVarHandler$$anonfun$apply$16$$anonfun$apply$17$$anonfun$apply$18$$anonfun$apply$19.apply(Vars.scala:619) [lift-webkit_2.9.2-2.5-M3.jar:2.5-M3]
	at net.liftweb.util.ThreadGlobal.doWith(ThreadGlobal.scala:71) [lift-util_2.9.2-2.5-M3.jar:2.5-M3]
	at net.liftweb.http.CoreRequestVarHandler$$anonfun$apply$16$$anonfun$apply$17$$anonfun$apply$18.apply(Vars.scala:618) [lift-webkit_2.9.2-2.5-M3.jar:2.5-M3]
	at net.liftweb.util.ThreadGlobal.doWith(ThreadGlobal.scala:71) [lift-util_2.9.2-2.5-M3.jar:2.5-M3]
	at net.liftweb.http.CoreRequestVarHandler$$anonfun$apply$16$$anonfun$apply$17.apply(Vars.scala:617) [lift-webkit_2.9.2-2.5-M3.jar:2.5-M3]
	at net.liftweb.util.ThreadGlobal.doWith(ThreadGlobal.scala:71) [lift-util_2.9.2-2.5-M3.jar:2.5-M3]
	at net.liftweb.http.CoreRequestVarHandler$$anonfun$apply$16.apply(Vars.scala:616) [lift-webkit_2.9.2-2.5-M3.jar:2.5-M3]
	at net.liftweb.util.ThreadGlobal.doWith(ThreadGlobal.scala:71) [lift-util_2.9.2-2.5-M3.jar:2.5-M3]
	at net.liftweb.http.CoreRequestVarHandler$class.apply(Vars.scala:615) [lift-webkit_2.9.2-2.5-M3.jar:2.5-M3]
	at net.liftweb.http.TransientRequestVarHandler$.apply(Vars.scala:528) [lift-webkit_2.9.2-2.5-M3.jar:2.5-M3]
	at net.liftweb.http.provider.servlet.ServletFilterProvider$class.doFilter(ServletFilterProvider.scala:74) [lift-webkit_2.9.2-2.5-M3.jar:2.5-M3]
	at net.liftweb.http.LiftFilter.doFilter(LiftServlet.scala:904) [lift-webkit_2.9.2-2.5-M3.jar:2.5-M3]
	at org.eclipse.jetty.servlet.ServletHandler$CachedChain.doFilter(ServletHandler.java:1307) [jetty-servlet-8.1.7.v20120910.jar:8.1.7.v20120910]
	at org.eclipse.jetty.servlet.ServletHandler.doHandle(ServletHandler.java:453) [jetty-servlet-8.1.7.v20120910.jar:8.1.7.v20120910]
	at org.eclipse.jetty.server.handler.ScopedHandler.handle(ScopedHandler.java:137) [jetty-server-8.1.7.v20120910.jar:8.1.7.v20120910]
	at org.eclipse.jetty.security.SecurityHandler.handle(SecurityHandler.java:559) [jetty-security-8.1.7.v20120910.jar:8.1.7.v20120910]
	at org.eclipse.jetty.server.session.SessionHandler.doHandle(SessionHandler.java:231) [jetty-server-8.1.7.v20120910.jar:8.1.7.v20120910]
	at org.eclipse.jetty.server.handler.ContextHandler.doHandle(ContextHandler.java:1072) [jetty-server-8.1.7.v20120910.jar:8.1.7.v20120910]
	at org.eclipse.jetty.servlet.ServletHandler.doScope(ServletHandler.java:382) [jetty-servlet-8.1.7.v20120910.jar:8.1.7.v20120910]
	at org.eclipse.jetty.server.session.SessionHandler.doScope(SessionHandler.java:193) [jetty-server-8.1.7.v20120910.jar:8.1.7.v20120910]
	at org.eclipse.jetty.server.handler.ContextHandler.doScope(ContextHandler.java:1006) [jetty-server-8.1.7.v20120910.jar:8.1.7.v20120910]
	at org.eclipse.jetty.server.handler.ScopedHandler.handle(ScopedHandler.java:135) [jetty-server-8.1.7.v20120910.jar:8.1.7.v20120910]
	at org.eclipse.jetty.server.handler.ContextHandlerCollection.handle(ContextHandlerCollection.java:255) [jetty-server-8.1.7.v20120910.jar:8.1.7.v20120910]
	at org.eclipse.jetty.server.handler.HandlerWrapper.handle(HandlerWrapper.java:116) [jetty-server-8.1.7.v20120910.jar:8.1.7.v20120910]
	at org.eclipse.jetty.server.Server.handle(Server.java:361) [jetty-server-8.1.7.v20120910.jar:8.1.7.v20120910]
	at org.eclipse.jetty.server.AbstractHttpConnection.handleRequest(AbstractHttpConnection.java:485) [jetty-server-8.1.7.v20120910.jar:8.1.7.v20120910]
	at org.eclipse.jetty.server.AbstractHttpConnection.headerComplete(AbstractHttpConnection.java:926) [jetty-server-8.1.7.v20120910.jar:8.1.7.v20120910]
	at org.eclipse.jetty.server.AbstractHttpConnection$RequestHandler.headerComplete(AbstractHttpConnection.java:988) [jetty-server-8.1.7.v20120910.jar:8.1.7.v20120910]
	at org.eclipse.jetty.http.HttpParser.parseNext(HttpParser.java:635) [jetty-http-8.1.7.v20120910.jar:8.1.7.v20120910]
	at org.eclipse.jetty.http.HttpParser.parseAvailable(HttpParser.java:235) [jetty-http-8.1.7.v20120910.jar:8.1.7.v20120910]
	at org.eclipse.jetty.server.AsyncHttpConnection.handle(AsyncHttpConnection.java:82) [jetty-server-8.1.7.v20120910.jar:8.1.7.v20120910]
	at org.eclipse.jetty.io.nio.SelectChannelEndPoint.handle(SelectChannelEndPoint.java:627) [jetty-io-8.1.7.v20120910.jar:8.1.7.v20120910]
	at org.eclipse.jetty.io.nio.SelectChannelEndPoint$1.run(SelectChannelEndPoint.java:51) [jetty-io-8.1.7.v20120910.jar:8.1.7.v20120910]
	at org.eclipse.jetty.util.thread.QueuedThreadPool.runJob(QueuedThreadPool.java:608) [jetty-util-8.1.7.v20120910.jar:8.1.7.v20120910]
	at org.eclipse.jetty.util.thread.QueuedThreadPool$3.run(QueuedThreadPool.java:543) [jetty-util-8.1.7.v20120910.jar:8.1.7.v20120910]
	at java.lang.Thread.run(Thread.java:722) [na:1.7.0_01]
18:40:43.715 INFO  [d.f.a.antnet.AntMap] [] - 126 ant ways data computed, took 6223 ms
18:40:43.775 INFO  [d.f.a.antnet.AntMap] [] - Computing nodes
18:40:43.922 INFO  [d.f.a.antnet.AntMap] [] - 88 nodes computed
18:40:43.944 INFO  [d.f.a.a.AntNodeSupervisor] [akka://AntScout/user/antScout/antNode] - Initializing
18:40:44.487 INFO  [d.f.a.a.AntNodeSupervisor] [akka://AntScout/user/antScout/antNode] - Initialized
18:40:44.555 INFO  [d.f.a.antnet.AntMap] [] - Computing ant ways
18:40:46.155 INFO  [d.f.a.antnet.AntMap] [] - Ant ways computed
18:40:46.287 INFO  [d.f.a.antnet.AntMap] [] - Computing incoming and outgoing ways
18:40:46.695 INFO  [d.f.a.antnet.AntMap] [] - Incoming and outgoing ways computed
18:40:46.781 INFO  [d.f.a.antnet.AntMap] [] - Computing sources and destinations
18:40:46.903 INFO  [d.f.a.antnet.AntMap] [] - 86 sources and 86 destinations computed, took 27 ms
18:40:46.960 INFO  [d.f.a.a.AntNodeSupervisor] [akka://AntScout/user/antScout/antNode] - Initializing nodes
18:40:49.971 INFO  [d.f.a.antnet.AntMap] [] - Calculating shortest paths
18:40:52.851 WARN  [d.f.a.c.Statistics] [] - Unknown message: CometName(statistics)
18:40:52.854 WARN  [d.f.a.c.UserInterface] [] - Unknown message: CometName(userInterface)
18:40:52.950 INFO  [d.f.a.antnet.AntMap] [] - Shortest paths calculated, took 2651 ms
18:40:54.003 INFO  [d.f.a.a.AntNodeSupervisor] [akka://AntScout/user/antScout/antNode] - Nodes initialized
18:45:34.166 INFO  [d.f.a.osm.OsmMap] [] - Loading file maps/Blankenese-Wedel.osm
18:45:34.400 INFO  [d.f.a.osm.OsmMap] [] - Initializing
18:45:34.408 INFO  [d.f.a.osm.OsmMap] [] - Parsing nodes
18:45:34.600 INFO  [d.f.a.osm.OsmMap] [] - 4821 nodes parsed in 187 milliseconds
18:45:34.634 INFO  [d.f.a.osm.OsmMap] [] - Parsing ways
18:45:39.153 WARN  [d.f.a.c.Statistics] [] - Unknown message: CometName(statistics)
18:45:39.187 WARN  [d.f.a.c.UserInterface] [] - Unknown message: CometName(userInterface)
18:45:39.342 INFO  [d.f.a.osm.OsmMap] [] - 1343 ways parsed in 4699 milliseconds
18:45:39.343 INFO  [d.f.a.osm.OsmMap] [] - Computing node ways mapping
18:45:40.004 INFO  [d.f.a.osm.OsmMap] [] - Node ways mapping with 4821 elements computed, took 603 ms
18:45:40.007 INFO  [d.f.a.r.RoutingService] [akka://AntScout/user/antScout/routingService] - Initialized
18:45:40.022 INFO  [d.f.a.antnet.AntMap] [] - Preparing
18:45:40.167 ERROR [n.l.http.LiftRules] [] - Exception being returned to browser when processing Req(List(), Map(), ParsePath(List(ways),,true,false), , GetRequest, Empty)
java.lang.NullPointerException: null
	at de.fhwedel.antscout.rest.Rest$$anonfun$1.apply(Rest.scala:81) ~[classes/:na]
	at de.fhwedel.antscout.rest.Rest$$anonfun$1.apply(Rest.scala:24) ~[classes/:na]
	at net.liftweb.http.rest.RestHelper$class.apply(RestHelper.scala:508) ~[lift-webkit_2.9.2-2.5-M3.jar:2.5-M3]
	at de.fhwedel.antscout.rest.Rest$.apply(Rest.scala:20) ~[classes/:na]
	at de.fhwedel.antscout.rest.Rest$.apply(Rest.scala:20) ~[classes/:na]
	at net.liftweb.http.LiftServlet$$anonfun$liftedTree1$1$1.apply(LiftServlet.scala:351) ~[lift-webkit_2.9.2-2.5-M3.jar:2.5-M3]
	at net.liftweb.http.LiftServlet$$anonfun$liftedTree1$1$1.apply(LiftServlet.scala:351) ~[lift-webkit_2.9.2-2.5-M3.jar:2.5-M3]
	at net.liftweb.util.ThreadGlobal.doWith(ThreadGlobal.scala:71) [lift-util_2.9.2-2.5-M3.jar:2.5-M3]
	at net.liftweb.http.S$class.functionLifespan(S.scala:1712) ~[lift-webkit_2.9.2-2.5-M3.jar:2.5-M3]
	at net.liftweb.http.S$.functionLifespan(S.scala:47) ~[lift-webkit_2.9.2-2.5-M3.jar:2.5-M3]
	at net.liftweb.http.LiftServlet.liftedTree1$1(LiftServlet.scala:350) [lift-webkit_2.9.2-2.5-M3.jar:2.5-M3]
	at net.liftweb.http.LiftServlet.net$liftweb$http$LiftServlet$$dispatchStatefulRequest(LiftServlet.scala:337) [lift-webkit_2.9.2-2.5-M3.jar:2.5-M3]
	at net.liftweb.http.LiftServlet$$anonfun$doSession$1$1.apply(LiftServlet.scala:286) ~[lift-webkit_2.9.2-2.5-M3.jar:2.5-M3]
	at net.liftweb.http.LiftServlet$$anonfun$doSession$1$1.apply(LiftServlet.scala:286) ~[lift-webkit_2.9.2-2.5-M3.jar:2.5-M3]
	at net.liftweb.http.S$class.net$liftweb$http$S$$wrapQuery(S.scala:1453) ~[lift-webkit_2.9.2-2.5-M3.jar:2.5-M3]
	at net.liftweb.http.S$$anonfun$net$liftweb$http$S$$_nest2InnerInit$1$$anonfun$apply$36.apply(S.scala:1601) ~[lift-webkit_2.9.2-2.5-M3.jar:2.5-M3]
	at net.liftweb.http.S$class.net$liftweb$http$S$$doAround(S.scala:1382) ~[lift-webkit_2.9.2-2.5-M3.jar:2.5-M3]
	at net.liftweb.http.S$$anonfun$net$liftweb$http$S$$_nest2InnerInit$1.apply(S.scala:1599) ~[lift-webkit_2.9.2-2.5-M3.jar:2.5-M3]
	at net.liftweb.util.ThreadGlobal.doWith(ThreadGlobal.scala:71) [lift-util_2.9.2-2.5-M3.jar:2.5-M3]
	at net.liftweb.http.S$class.net$liftweb$http$S$$_nest2InnerInit(S.scala:1598) ~[lift-webkit_2.9.2-2.5-M3.jar:2.5-M3]
	at net.liftweb.http.S$$anonfun$net$liftweb$http$S$$_innerInit$1$$anonfun$apply$40$$anonfun$apply$41$$anonfun$apply$42$$anonfun$apply$43.apply(S.scala:1642) ~[lift-webkit_2.9.2-2.5-M3.jar:2.5-M3]
	at net.liftweb.util.ThreadGlobal.doWith(ThreadGlobal.scala:71) [lift-util_2.9.2-2.5-M3.jar:2.5-M3]
	at net.liftweb.http.S$$anonfun$withReq$1.apply(S.scala:1652) ~[lift-webkit_2.9.2-2.5-M3.jar:2.5-M3]
	at net.liftweb.util.ThreadGlobal.doWith(ThreadGlobal.scala:71) [lift-util_2.9.2-2.5-M3.jar:2.5-M3]
	at net.liftweb.http.S$class.withReq(S.scala:1651) ~[lift-webkit_2.9.2-2.5-M3.jar:2.5-M3]
	at net.liftweb.http.S$.withReq(S.scala:47) ~[lift-webkit_2.9.2-2.5-M3.jar:2.5-M3]
	at net.liftweb.http.S$$anonfun$net$liftweb$http$S$$_innerInit$1$$anonfun$apply$40$$anonfun$apply$41$$anonfun$apply$42.apply(S.scala:1638) ~[lift-webkit_2.9.2-2.5-M3.jar:2.5-M3]
	at net.liftweb.util.ThreadGlobal.doWith(ThreadGlobal.scala:71) [lift-util_2.9.2-2.5-M3.jar:2.5-M3]
	at net.liftweb.http.S$$anonfun$net$liftweb$http$S$$_innerInit$1$$anonfun$apply$40$$anonfun$apply$41.apply(S.scala:1636) ~[lift-webkit_2.9.2-2.5-M3.jar:2.5-M3]
	at net.liftweb.util.ThreadGlobal.doWith(ThreadGlobal.scala:71) [lift-util_2.9.2-2.5-M3.jar:2.5-M3]
	at net.liftweb.http.S$$anonfun$net$liftweb$http$S$$_innerInit$1$$anonfun$apply$40.apply(S.scala:1635) ~[lift-webkit_2.9.2-2.5-M3.jar:2.5-M3]
	at net.liftweb.util.ThreadGlobal.doWith(ThreadGlobal.scala:71) [lift-util_2.9.2-2.5-M3.jar:2.5-M3]
	at net.liftweb.http.S$$anonfun$net$liftweb$http$S$$_innerInit$1.apply(S.scala:1634) ~[lift-webkit_2.9.2-2.5-M3.jar:2.5-M3]
	at net.liftweb.util.ThreadGlobal.doWith(ThreadGlobal.scala:71) [lift-util_2.9.2-2.5-M3.jar:2.5-M3]
	at net.liftweb.http.S$class.net$liftweb$http$S$$_innerInit(S.scala:1633) ~[lift-webkit_2.9.2-2.5-M3.jar:2.5-M3]
	at net.liftweb.http.S$$anonfun$net$liftweb$http$S$$_init$1$$anonfun$apply$46$$anonfun$apply$47$$anonfun$apply$48$$anonfun$apply$49$$anonfun$apply$50.apply(S.scala:1675) ~[lift-webkit_2.9.2-2.5-M3.jar:2.5-M3]
	at net.liftweb.util.ThreadGlobal.doWith(ThreadGlobal.scala:71) [lift-util_2.9.2-2.5-M3.jar:2.5-M3]
	at net.liftweb.http.S$$anonfun$net$liftweb$http$S$$_init$1$$anonfun$apply$46$$anonfun$apply$47$$anonfun$apply$48$$anonfun$apply$49.apply(S.scala:1673) ~[lift-webkit_2.9.2-2.5-M3.jar:2.5-M3]
	at net.liftweb.http.CoreRequestVarHandler$class.apply(Vars.scala:613) [lift-webkit_2.9.2-2.5-M3.jar:2.5-M3]
	at net.liftweb.http.RequestVarHandler$.apply(Vars.scala:515) [lift-webkit_2.9.2-2.5-M3.jar:2.5-M3]
	at net.liftweb.http.S$$anonfun$net$liftweb$http$S$$_init$1$$anonfun$apply$46$$anonfun$apply$47$$anonfun$apply$48.apply(S.scala:1672) ~[lift-webkit_2.9.2-2.5-M3.jar:2.5-M3]
	at net.liftweb.http.CoreRequestVarHandler$class.apply(Vars.scala:613) [lift-webkit_2.9.2-2.5-M3.jar:2.5-M3]
	at net.liftweb.http.TransientRequestVarHandler$.apply(Vars.scala:528) [lift-webkit_2.9.2-2.5-M3.jar:2.5-M3]
	at net.liftweb.http.S$$anonfun$net$liftweb$http$S$$_init$1$$anonfun$apply$46$$anonfun$apply$47.apply(S.scala:1671) ~[lift-webkit_2.9.2-2.5-M3.jar:2.5-M3]
	at net.liftweb.util.ThreadGlobal.doWith(ThreadGlobal.scala:71) [lift-util_2.9.2-2.5-M3.jar:2.5-M3]
	at net.liftweb.http.S$$anonfun$net$liftweb$http$S$$_init$1$$anonfun$apply$46.apply(S.scala:1670) ~[lift-webkit_2.9.2-2.5-M3.jar:2.5-M3]
	at net.liftweb.util.ThreadGlobal.doWith(ThreadGlobal.scala:71) [lift-util_2.9.2-2.5-M3.jar:2.5-M3]
	at net.liftweb.http.S$$anonfun$net$liftweb$http$S$$_init$1.apply(S.scala:1669) ~[lift-webkit_2.9.2-2.5-M3.jar:2.5-M3]
	at net.liftweb.util.ThreadGlobal.doWith(ThreadGlobal.scala:71) [lift-util_2.9.2-2.5-M3.jar:2.5-M3]
	at net.liftweb.http.S$class.net$liftweb$http$S$$_init(S.scala:1668) ~[lift-webkit_2.9.2-2.5-M3.jar:2.5-M3]
	at net.liftweb.http.S$class.init(S.scala:1267) ~[lift-webkit_2.9.2-2.5-M3.jar:2.5-M3]
	at net.liftweb.http.S$.init(S.scala:47) ~[lift-webkit_2.9.2-2.5-M3.jar:2.5-M3]
	at net.liftweb.http.LiftServlet.doSession$1(LiftServlet.scala:285) [lift-webkit_2.9.2-2.5-M3.jar:2.5-M3]
	at net.liftweb.http.LiftServlet.doService(LiftServlet.scala:295) [lift-webkit_2.9.2-2.5-M3.jar:2.5-M3]
	at net.liftweb.http.LiftServlet$$anonfun$doIt$1$1.apply(LiftServlet.scala:133) [lift-webkit_2.9.2-2.5-M3.jar:2.5-M3]
	at net.liftweb.http.LiftServlet$$anonfun$doIt$1$1.apply(LiftServlet.scala:132) [lift-webkit_2.9.2-2.5-M3.jar:2.5-M3]
	at net.liftweb.util.TimeHelpers$class.calcTime(TimeHelpers.scala:345) [lift-util_2.9.2-2.5-M3.jar:2.5-M3]
	at net.liftweb.util.Helpers$.calcTime(Helpers.scala:34) [lift-util_2.9.2-2.5-M3.jar:2.5-M3]
	at net.liftweb.util.TimeHelpers$class.logTime(TimeHelpers.scala:364) [lift-util_2.9.2-2.5-M3.jar:2.5-M3]
	at net.liftweb.util.Helpers$.logTime(Helpers.scala:34) [lift-util_2.9.2-2.5-M3.jar:2.5-M3]
	at net.liftweb.http.LiftServlet.doIt$1(LiftServlet.scala:132) [lift-webkit_2.9.2-2.5-M3.jar:2.5-M3]
	at net.liftweb.http.LiftServlet.service(LiftServlet.scala:143) [lift-webkit_2.9.2-2.5-M3.jar:2.5-M3]
	at net.liftweb.http.provider.HTTPProvider$$anonfun$service$2$$anonfun$apply$mcV$sp$1$$anonfun$apply$mcV$sp$2.apply$mcV$sp(HTTPProvider.scala:72) [lift-webkit_2.9.2-2.5-M3.jar:2.5-M3]
	at net.liftweb.http.provider.HTTPProvider$$anonfun$service$2$$anonfun$apply$mcV$sp$1$$anonfun$apply$mcV$sp$2.apply(HTTPProvider.scala:71) [lift-webkit_2.9.2-2.5-M3.jar:2.5-M3]
	at net.liftweb.http.provider.HTTPProvider$$anonfun$service$2$$anonfun$apply$mcV$sp$1$$anonfun$apply$mcV$sp$2.apply(HTTPProvider.scala:71) [lift-webkit_2.9.2-2.5-M3.jar:2.5-M3]
	at net.liftweb.util.ThreadGlobal.doWith(ThreadGlobal.scala:71) [lift-util_2.9.2-2.5-M3.jar:2.5-M3]
	at net.liftweb.http.URLRewriter$.doWith(Req.scala:1278) [lift-webkit_2.9.2-2.5-M3.jar:2.5-M3]
	at net.liftweb.http.provider.HTTPProvider$$anonfun$service$2$$anonfun$apply$mcV$sp$1.apply$mcV$sp(HTTPProvider.scala:70) [lift-webkit_2.9.2-2.5-M3.jar:2.5-M3]
	at net.liftweb.http.provider.HTTPProvider$$anonfun$service$2$$anonfun$apply$mcV$sp$1.apply(HTTPProvider.scala:70) [lift-webkit_2.9.2-2.5-M3.jar:2.5-M3]
	at net.liftweb.http.provider.HTTPProvider$$anonfun$service$2$$anonfun$apply$mcV$sp$1.apply(HTTPProvider.scala:70) [lift-webkit_2.9.2-2.5-M3.jar:2.5-M3]
	at net.liftweb.util.ThreadGlobal.doWith(ThreadGlobal.scala:71) [lift-util_2.9.2-2.5-M3.jar:2.5-M3]
	at net.liftweb.http.provider.HTTPProvider$$anonfun$service$2.apply$mcV$sp(HTTPProvider.scala:66) [lift-webkit_2.9.2-2.5-M3.jar:2.5-M3]
	at net.liftweb.http.provider.HTTPProvider$$anonfun$service$2.apply(HTTPProvider.scala:60) [lift-webkit_2.9.2-2.5-M3.jar:2.5-M3]
	at net.liftweb.http.provider.HTTPProvider$$anonfun$service$2.apply(HTTPProvider.scala:60) [lift-webkit_2.9.2-2.5-M3.jar:2.5-M3]
	at net.liftweb.util.ThreadGlobal.doWith(ThreadGlobal.scala:71) [lift-util_2.9.2-2.5-M3.jar:2.5-M3]
	at net.liftweb.http.provider.HTTPProvider$class.service(HTTPProvider.scala:60) [lift-webkit_2.9.2-2.5-M3.jar:2.5-M3]
	at net.liftweb.http.LiftFilter.service(LiftServlet.scala:904) [lift-webkit_2.9.2-2.5-M3.jar:2.5-M3]
	at net.liftweb.http.provider.servlet.ServletFilterProvider$$anonfun$doFilter$1$$anonfun$apply$mcV$sp$1$$anonfun$apply$mcV$sp$2.apply$mcV$sp(ServletFilterProvider.scala:82) [lift-webkit_2.9.2-2.5-M3.jar:2.5-M3]
	at net.liftweb.http.provider.servlet.ServletFilterProvider$$anonfun$doFilter$1$$anonfun$apply$mcV$sp$1$$anonfun$apply$mcV$sp$2.apply(ServletFilterProvider.scala:82) [lift-webkit_2.9.2-2.5-M3.jar:2.5-M3]
	at net.liftweb.http.provider.servlet.ServletFilterProvider$$anonfun$doFilter$1$$anonfun$apply$mcV$sp$1$$anonfun$apply$mcV$sp$2.apply(ServletFilterProvider.scala:82) [lift-webkit_2.9.2-2.5-M3.jar:2.5-M3]
	at net.liftweb.http.provider.servlet.ServletFilterProvider$class.handleLoan$1(ServletFilterProvider.scala:59) [lift-webkit_2.9.2-2.5-M3.jar:2.5-M3]
	at net.liftweb.http.provider.servlet.ServletFilterProvider$class.net$liftweb$http$provider$servlet$ServletFilterProvider$$handleLoanWrappers(ServletFilterProvider.scala:63) [lift-webkit_2.9.2-2.5-M3.jar:2.5-M3]
	at net.liftweb.http.provider.servlet.ServletFilterProvider$$anonfun$doFilter$1$$anonfun$apply$mcV$sp$1.apply$mcV$sp(ServletFilterProvider.scala:82) [lift-webkit_2.9.2-2.5-M3.jar:2.5-M3]
	at net.liftweb.http.provider.servlet.ServletFilterProvider$$anonfun$doFilter$1$$anonfun$apply$mcV$sp$1.apply(ServletFilterProvider.scala:77) [lift-webkit_2.9.2-2.5-M3.jar:2.5-M3]
	at net.liftweb.http.provider.servlet.ServletFilterProvider$$anonfun$doFilter$1$$anonfun$apply$mcV$sp$1.apply(ServletFilterProvider.scala:77) [lift-webkit_2.9.2-2.5-M3.jar:2.5-M3]
	at net.liftweb.http.CoreRequestVarHandler$$anonfun$apply$16$$anonfun$apply$17$$anonfun$apply$18$$anonfun$apply$19.apply(Vars.scala:619) [lift-webkit_2.9.2-2.5-M3.jar:2.5-M3]
	at net.liftweb.util.ThreadGlobal.doWith(ThreadGlobal.scala:71) [lift-util_2.9.2-2.5-M3.jar:2.5-M3]
	at net.liftweb.http.CoreRequestVarHandler$$anonfun$apply$16$$anonfun$apply$17$$anonfun$apply$18.apply(Vars.scala:618) [lift-webkit_2.9.2-2.5-M3.jar:2.5-M3]
	at net.liftweb.util.ThreadGlobal.doWith(ThreadGlobal.scala:71) [lift-util_2.9.2-2.5-M3.jar:2.5-M3]
	at net.liftweb.http.CoreRequestVarHandler$$anonfun$apply$16$$anonfun$apply$17.apply(Vars.scala:617) [lift-webkit_2.9.2-2.5-M3.jar:2.5-M3]
	at net.liftweb.util.ThreadGlobal.doWith(ThreadGlobal.scala:71) [lift-util_2.9.2-2.5-M3.jar:2.5-M3]
	at net.liftweb.http.CoreRequestVarHandler$$anonfun$apply$16.apply(Vars.scala:616) [lift-webkit_2.9.2-2.5-M3.jar:2.5-M3]
	at net.liftweb.util.ThreadGlobal.doWith(ThreadGlobal.scala:71) [lift-util_2.9.2-2.5-M3.jar:2.5-M3]
	at net.liftweb.http.CoreRequestVarHandler$class.apply(Vars.scala:615) [lift-webkit_2.9.2-2.5-M3.jar:2.5-M3]
	at net.liftweb.http.RequestVarHandler$.apply(Vars.scala:515) [lift-webkit_2.9.2-2.5-M3.jar:2.5-M3]
	at net.liftweb.http.provider.servlet.ServletFilterProvider$$anonfun$doFilter$1.apply$mcV$sp(ServletFilterProvider.scala:75) [lift-webkit_2.9.2-2.5-M3.jar:2.5-M3]
	at net.liftweb.http.provider.servlet.ServletFilterProvider$$anonfun$doFilter$1.apply(ServletFilterProvider.scala:75) [lift-webkit_2.9.2-2.5-M3.jar:2.5-M3]
	at net.liftweb.http.provider.servlet.ServletFilterProvider$$anonfun$doFilter$1.apply(ServletFilterProvider.scala:75) [lift-webkit_2.9.2-2.5-M3.jar:2.5-M3]
	at net.liftweb.http.CoreRequestVarHandler$$anonfun$apply$16$$anonfun$apply$17$$anonfun$apply$18$$anonfun$apply$19.apply(Vars.scala:619) [lift-webkit_2.9.2-2.5-M3.jar:2.5-M3]
	at net.liftweb.util.ThreadGlobal.doWith(ThreadGlobal.scala:71) [lift-util_2.9.2-2.5-M3.jar:2.5-M3]
	at net.liftweb.http.CoreRequestVarHandler$$anonfun$apply$16$$anonfun$apply$17$$anonfun$apply$18.apply(Vars.scala:618) [lift-webkit_2.9.2-2.5-M3.jar:2.5-M3]
	at net.liftweb.util.ThreadGlobal.doWith(ThreadGlobal.scala:71) [lift-util_2.9.2-2.5-M3.jar:2.5-M3]
	at net.liftweb.http.CoreRequestVarHandler$$anonfun$apply$16$$anonfun$apply$17.apply(Vars.scala:617) [lift-webkit_2.9.2-2.5-M3.jar:2.5-M3]
	at net.liftweb.util.ThreadGlobal.doWith(ThreadGlobal.scala:71) [lift-util_2.9.2-2.5-M3.jar:2.5-M3]
	at net.liftweb.http.CoreRequestVarHandler$$anonfun$apply$16.apply(Vars.scala:616) [lift-webkit_2.9.2-2.5-M3.jar:2.5-M3]
	at net.liftweb.util.ThreadGlobal.doWith(ThreadGlobal.scala:71) [lift-util_2.9.2-2.5-M3.jar:2.5-M3]
	at net.liftweb.http.CoreRequestVarHandler$class.apply(Vars.scala:615) [lift-webkit_2.9.2-2.5-M3.jar:2.5-M3]
	at net.liftweb.http.TransientRequestVarHandler$.apply(Vars.scala:528) [lift-webkit_2.9.2-2.5-M3.jar:2.5-M3]
	at net.liftweb.http.provider.servlet.ServletFilterProvider$class.doFilter(ServletFilterProvider.scala:74) [lift-webkit_2.9.2-2.5-M3.jar:2.5-M3]
	at net.liftweb.http.LiftFilter.doFilter(LiftServlet.scala:904) [lift-webkit_2.9.2-2.5-M3.jar:2.5-M3]
	at org.eclipse.jetty.servlet.ServletHandler$CachedChain.doFilter(ServletHandler.java:1307) [jetty-servlet-8.1.7.v20120910.jar:8.1.7.v20120910]
	at org.eclipse.jetty.servlet.ServletHandler.doHandle(ServletHandler.java:453) [jetty-servlet-8.1.7.v20120910.jar:8.1.7.v20120910]
	at org.eclipse.jetty.server.handler.ScopedHandler.handle(ScopedHandler.java:137) [jetty-server-8.1.7.v20120910.jar:8.1.7.v20120910]
	at org.eclipse.jetty.security.SecurityHandler.handle(SecurityHandler.java:559) [jetty-security-8.1.7.v20120910.jar:8.1.7.v20120910]
	at org.eclipse.jetty.server.session.SessionHandler.doHandle(SessionHandler.java:231) [jetty-server-8.1.7.v20120910.jar:8.1.7.v20120910]
	at org.eclipse.jetty.server.handler.ContextHandler.doHandle(ContextHandler.java:1072) [jetty-server-8.1.7.v20120910.jar:8.1.7.v20120910]
	at org.eclipse.jetty.servlet.ServletHandler.doScope(ServletHandler.java:382) [jetty-servlet-8.1.7.v20120910.jar:8.1.7.v20120910]
	at org.eclipse.jetty.server.session.SessionHandler.doScope(SessionHandler.java:193) [jetty-server-8.1.7.v20120910.jar:8.1.7.v20120910]
	at org.eclipse.jetty.server.handler.ContextHandler.doScope(ContextHandler.java:1006) [jetty-server-8.1.7.v20120910.jar:8.1.7.v20120910]
	at org.eclipse.jetty.server.handler.ScopedHandler.handle(ScopedHandler.java:135) [jetty-server-8.1.7.v20120910.jar:8.1.7.v20120910]
	at org.eclipse.jetty.server.handler.ContextHandlerCollection.handle(ContextHandlerCollection.java:255) [jetty-server-8.1.7.v20120910.jar:8.1.7.v20120910]
	at org.eclipse.jetty.server.handler.HandlerWrapper.handle(HandlerWrapper.java:116) [jetty-server-8.1.7.v20120910.jar:8.1.7.v20120910]
	at org.eclipse.jetty.server.Server.handle(Server.java:361) [jetty-server-8.1.7.v20120910.jar:8.1.7.v20120910]
	at org.eclipse.jetty.server.AbstractHttpConnection.handleRequest(AbstractHttpConnection.java:485) [jetty-server-8.1.7.v20120910.jar:8.1.7.v20120910]
	at org.eclipse.jetty.server.AbstractHttpConnection.headerComplete(AbstractHttpConnection.java:926) [jetty-server-8.1.7.v20120910.jar:8.1.7.v20120910]
	at org.eclipse.jetty.server.AbstractHttpConnection$RequestHandler.headerComplete(AbstractHttpConnection.java:988) [jetty-server-8.1.7.v20120910.jar:8.1.7.v20120910]
	at org.eclipse.jetty.http.HttpParser.parseNext(HttpParser.java:635) [jetty-http-8.1.7.v20120910.jar:8.1.7.v20120910]
	at org.eclipse.jetty.http.HttpParser.parseAvailable(HttpParser.java:235) [jetty-http-8.1.7.v20120910.jar:8.1.7.v20120910]
	at org.eclipse.jetty.server.AsyncHttpConnection.handle(AsyncHttpConnection.java:82) [jetty-server-8.1.7.v20120910.jar:8.1.7.v20120910]
	at org.eclipse.jetty.io.nio.SelectChannelEndPoint.handle(SelectChannelEndPoint.java:627) [jetty-io-8.1.7.v20120910.jar:8.1.7.v20120910]
	at org.eclipse.jetty.io.nio.SelectChannelEndPoint$1.run(SelectChannelEndPoint.java:51) [jetty-io-8.1.7.v20120910.jar:8.1.7.v20120910]
	at org.eclipse.jetty.util.thread.QueuedThreadPool.runJob(QueuedThreadPool.java:608) [jetty-util-8.1.7.v20120910.jar:8.1.7.v20120910]
	at org.eclipse.jetty.util.thread.QueuedThreadPool$3.run(QueuedThreadPool.java:543) [jetty-util-8.1.7.v20120910.jar:8.1.7.v20120910]
	at java.lang.Thread.run(Thread.java:722) [na:1.7.0_01]
18:45:40.206 INFO  [d.f.a.antnet.AntMap] [] - Computing ant ways data
18:45:40.423 INFO  [d.f.a.antnet.AntMap] [] - 126 ant ways data computed, took 187 ms
18:45:40.423 INFO  [d.f.a.antnet.AntMap] [] - Computing nodes
18:45:40.425 INFO  [d.f.a.antnet.AntMap] [] - 88 nodes computed
18:45:40.426 INFO  [d.f.a.a.AntNodeSupervisor] [akka://AntScout/user/antScout/antNode] - Initializing
18:45:40.447 INFO  [d.f.a.a.AntNodeSupervisor] [akka://AntScout/user/antScout/antNode] - Initialized
18:45:40.449 INFO  [d.f.a.antnet.AntMap] [] - Computing ant ways
18:45:40.531 INFO  [d.f.a.antnet.AntMap] [] - Ant ways computed
18:45:40.533 INFO  [d.f.a.antnet.AntMap] [] - Computing incoming and outgoing ways
18:45:40.558 INFO  [d.f.a.antnet.AntMap] [] - Incoming and outgoing ways computed
18:45:40.559 INFO  [d.f.a.antnet.AntMap] [] - Computing sources and destinations
18:45:40.562 INFO  [d.f.a.antnet.AntMap] [] - 86 sources and 86 destinations computed, took 1 ms
18:45:40.563 INFO  [d.f.a.a.AntNodeSupervisor] [akka://AntScout/user/antScout/antNode] - Initializing nodes
18:45:40.733 INFO  [d.f.a.antnet.AntMap] [] - Calculating shortest paths
18:45:41.203 INFO  [d.f.a.antnet.AntMap] [] - Shortest paths calculated, took 463 ms
18:45:41.799 INFO  [d.f.a.a.AntNodeSupervisor] [akka://AntScout/user/antScout/antNode] - Nodes initialized
18:45:53.925 WARN  [d.f.a.c.Statistics] [] - Unknown message: CometName(statistics)
18:45:53.930 WARN  [d.f.a.c.UserInterface] [] - Unknown message: CometName(userInterface)
18:48:07.937 INFO  [b.liftweb.Boot] [] - Shutting down
18:48:08.091 DEBUG [a.event.EventStream] [EventStream] - shutting down: StandardOutLogger started
18:49:35.610 INFO  [d.f.a.osm.OsmMap] [] - Loading file maps/Blankenese-Wedel.osm
18:49:35.708 INFO  [d.f.a.osm.OsmMap] [] - Initializing
18:49:35.713 INFO  [d.f.a.osm.OsmMap] [] - Parsing nodes
18:49:35.780 INFO  [d.f.a.osm.OsmMap] [] - 4821 nodes parsed in 64 milliseconds
18:49:35.785 INFO  [d.f.a.osm.OsmMap] [] - Parsing ways
18:49:37.213 WARN  [d.f.a.c.Statistics] [] - Unknown message: CometName(statistics)
18:49:37.252 WARN  [d.f.a.c.UserInterface] [] - Unknown message: CometName(userInterface)
18:49:37.930 ERROR [n.l.http.LiftRules] [] - Exception being returned to browser when processing Req(List(), Map(), ParsePath(List(ways),,true,false), , GetRequest, Empty)
java.lang.NullPointerException: null
	at de.fhwedel.antscout.rest.Rest$$anonfun$1.apply(Rest.scala:81) ~[classes/:na]
	at de.fhwedel.antscout.rest.Rest$$anonfun$1.apply(Rest.scala:24) ~[classes/:na]
	at net.liftweb.http.rest.RestHelper$class.apply(RestHelper.scala:508) ~[lift-webkit_2.9.2-2.5-M3.jar:2.5-M3]
	at de.fhwedel.antscout.rest.Rest$.apply(Rest.scala:20) ~[classes/:na]
	at de.fhwedel.antscout.rest.Rest$.apply(Rest.scala:20) ~[classes/:na]
	at net.liftweb.http.LiftServlet$$anonfun$liftedTree1$1$1.apply(LiftServlet.scala:351) ~[lift-webkit_2.9.2-2.5-M3.jar:2.5-M3]
	at net.liftweb.http.LiftServlet$$anonfun$liftedTree1$1$1.apply(LiftServlet.scala:351) ~[lift-webkit_2.9.2-2.5-M3.jar:2.5-M3]
	at net.liftweb.util.ThreadGlobal.doWith(ThreadGlobal.scala:71) [lift-util_2.9.2-2.5-M3.jar:2.5-M3]
	at net.liftweb.http.S$class.functionLifespan(S.scala:1712) ~[lift-webkit_2.9.2-2.5-M3.jar:2.5-M3]
	at net.liftweb.http.S$.functionLifespan(S.scala:47) ~[lift-webkit_2.9.2-2.5-M3.jar:2.5-M3]
	at net.liftweb.http.LiftServlet.liftedTree1$1(LiftServlet.scala:350) [lift-webkit_2.9.2-2.5-M3.jar:2.5-M3]
	at net.liftweb.http.LiftServlet.net$liftweb$http$LiftServlet$$dispatchStatefulRequest(LiftServlet.scala:337) [lift-webkit_2.9.2-2.5-M3.jar:2.5-M3]
	at net.liftweb.http.LiftServlet$$anonfun$doSession$1$1.apply(LiftServlet.scala:286) ~[lift-webkit_2.9.2-2.5-M3.jar:2.5-M3]
	at net.liftweb.http.LiftServlet$$anonfun$doSession$1$1.apply(LiftServlet.scala:286) ~[lift-webkit_2.9.2-2.5-M3.jar:2.5-M3]
	at net.liftweb.http.S$class.net$liftweb$http$S$$wrapQuery(S.scala:1453) ~[lift-webkit_2.9.2-2.5-M3.jar:2.5-M3]
	at net.liftweb.http.S$$anonfun$net$liftweb$http$S$$_nest2InnerInit$1$$anonfun$apply$36.apply(S.scala:1601) ~[lift-webkit_2.9.2-2.5-M3.jar:2.5-M3]
	at net.liftweb.http.S$class.net$liftweb$http$S$$doAround(S.scala:1382) ~[lift-webkit_2.9.2-2.5-M3.jar:2.5-M3]
	at net.liftweb.http.S$$anonfun$net$liftweb$http$S$$_nest2InnerInit$1.apply(S.scala:1599) ~[lift-webkit_2.9.2-2.5-M3.jar:2.5-M3]
	at net.liftweb.util.ThreadGlobal.doWith(ThreadGlobal.scala:71) [lift-util_2.9.2-2.5-M3.jar:2.5-M3]
	at net.liftweb.http.S$class.net$liftweb$http$S$$_nest2InnerInit(S.scala:1598) ~[lift-webkit_2.9.2-2.5-M3.jar:2.5-M3]
	at net.liftweb.http.S$$anonfun$net$liftweb$http$S$$_innerInit$1$$anonfun$apply$40$$anonfun$apply$41$$anonfun$apply$42$$anonfun$apply$43.apply(S.scala:1642) ~[lift-webkit_2.9.2-2.5-M3.jar:2.5-M3]
	at net.liftweb.util.ThreadGlobal.doWith(ThreadGlobal.scala:71) [lift-util_2.9.2-2.5-M3.jar:2.5-M3]
	at net.liftweb.http.S$$anonfun$withReq$1.apply(S.scala:1652) ~[lift-webkit_2.9.2-2.5-M3.jar:2.5-M3]
	at net.liftweb.util.ThreadGlobal.doWith(ThreadGlobal.scala:71) [lift-util_2.9.2-2.5-M3.jar:2.5-M3]
	at net.liftweb.http.S$class.withReq(S.scala:1651) ~[lift-webkit_2.9.2-2.5-M3.jar:2.5-M3]
	at net.liftweb.http.S$.withReq(S.scala:47) ~[lift-webkit_2.9.2-2.5-M3.jar:2.5-M3]
	at net.liftweb.http.S$$anonfun$net$liftweb$http$S$$_innerInit$1$$anonfun$apply$40$$anonfun$apply$41$$anonfun$apply$42.apply(S.scala:1638) ~[lift-webkit_2.9.2-2.5-M3.jar:2.5-M3]
	at net.liftweb.util.ThreadGlobal.doWith(ThreadGlobal.scala:71) [lift-util_2.9.2-2.5-M3.jar:2.5-M3]
	at net.liftweb.http.S$$anonfun$net$liftweb$http$S$$_innerInit$1$$anonfun$apply$40$$anonfun$apply$41.apply(S.scala:1636) ~[lift-webkit_2.9.2-2.5-M3.jar:2.5-M3]
	at net.liftweb.util.ThreadGlobal.doWith(ThreadGlobal.scala:71) [lift-util_2.9.2-2.5-M3.jar:2.5-M3]
	at net.liftweb.http.S$$anonfun$net$liftweb$http$S$$_innerInit$1$$anonfun$apply$40.apply(S.scala:1635) ~[lift-webkit_2.9.2-2.5-M3.jar:2.5-M3]
	at net.liftweb.util.ThreadGlobal.doWith(ThreadGlobal.scala:71) [lift-util_2.9.2-2.5-M3.jar:2.5-M3]
	at net.liftweb.http.S$$anonfun$net$liftweb$http$S$$_innerInit$1.apply(S.scala:1634) ~[lift-webkit_2.9.2-2.5-M3.jar:2.5-M3]
	at net.liftweb.util.ThreadGlobal.doWith(ThreadGlobal.scala:71) [lift-util_2.9.2-2.5-M3.jar:2.5-M3]
	at net.liftweb.http.S$class.net$liftweb$http$S$$_innerInit(S.scala:1633) ~[lift-webkit_2.9.2-2.5-M3.jar:2.5-M3]
	at net.liftweb.http.S$$anonfun$net$liftweb$http$S$$_init$1$$anonfun$apply$46$$anonfun$apply$47$$anonfun$apply$48$$anonfun$apply$49$$anonfun$apply$50.apply(S.scala:1675) ~[lift-webkit_2.9.2-2.5-M3.jar:2.5-M3]
	at net.liftweb.util.ThreadGlobal.doWith(ThreadGlobal.scala:71) [lift-util_2.9.2-2.5-M3.jar:2.5-M3]
	at net.liftweb.http.S$$anonfun$net$liftweb$http$S$$_init$1$$anonfun$apply$46$$anonfun$apply$47$$anonfun$apply$48$$anonfun$apply$49.apply(S.scala:1673) ~[lift-webkit_2.9.2-2.5-M3.jar:2.5-M3]
	at net.liftweb.http.CoreRequestVarHandler$class.apply(Vars.scala:613) [lift-webkit_2.9.2-2.5-M3.jar:2.5-M3]
	at net.liftweb.http.RequestVarHandler$.apply(Vars.scala:515) [lift-webkit_2.9.2-2.5-M3.jar:2.5-M3]
	at net.liftweb.http.S$$anonfun$net$liftweb$http$S$$_init$1$$anonfun$apply$46$$anonfun$apply$47$$anonfun$apply$48.apply(S.scala:1672) ~[lift-webkit_2.9.2-2.5-M3.jar:2.5-M3]
	at net.liftweb.http.CoreRequestVarHandler$class.apply(Vars.scala:613) [lift-webkit_2.9.2-2.5-M3.jar:2.5-M3]
	at net.liftweb.http.TransientRequestVarHandler$.apply(Vars.scala:528) [lift-webkit_2.9.2-2.5-M3.jar:2.5-M3]
	at net.liftweb.http.S$$anonfun$net$liftweb$http$S$$_init$1$$anonfun$apply$46$$anonfun$apply$47.apply(S.scala:1671) ~[lift-webkit_2.9.2-2.5-M3.jar:2.5-M3]
	at net.liftweb.util.ThreadGlobal.doWith(ThreadGlobal.scala:71) [lift-util_2.9.2-2.5-M3.jar:2.5-M3]
	at net.liftweb.http.S$$anonfun$net$liftweb$http$S$$_init$1$$anonfun$apply$46.apply(S.scala:1670) ~[lift-webkit_2.9.2-2.5-M3.jar:2.5-M3]
	at net.liftweb.util.ThreadGlobal.doWith(ThreadGlobal.scala:71) [lift-util_2.9.2-2.5-M3.jar:2.5-M3]
	at net.liftweb.http.S$$anonfun$net$liftweb$http$S$$_init$1.apply(S.scala:1669) ~[lift-webkit_2.9.2-2.5-M3.jar:2.5-M3]
	at net.liftweb.util.ThreadGlobal.doWith(ThreadGlobal.scala:71) [lift-util_2.9.2-2.5-M3.jar:2.5-M3]
	at net.liftweb.http.S$class.net$liftweb$http$S$$_init(S.scala:1668) ~[lift-webkit_2.9.2-2.5-M3.jar:2.5-M3]
	at net.liftweb.http.S$class.init(S.scala:1267) ~[lift-webkit_2.9.2-2.5-M3.jar:2.5-M3]
	at net.liftweb.http.S$.init(S.scala:47) ~[lift-webkit_2.9.2-2.5-M3.jar:2.5-M3]
	at net.liftweb.http.LiftServlet.doSession$1(LiftServlet.scala:285) [lift-webkit_2.9.2-2.5-M3.jar:2.5-M3]
	at net.liftweb.http.LiftServlet.doService(LiftServlet.scala:295) [lift-webkit_2.9.2-2.5-M3.jar:2.5-M3]
	at net.liftweb.http.LiftServlet$$anonfun$doIt$1$1.apply(LiftServlet.scala:133) [lift-webkit_2.9.2-2.5-M3.jar:2.5-M3]
	at net.liftweb.http.LiftServlet$$anonfun$doIt$1$1.apply(LiftServlet.scala:132) [lift-webkit_2.9.2-2.5-M3.jar:2.5-M3]
	at net.liftweb.util.TimeHelpers$class.calcTime(TimeHelpers.scala:345) [lift-util_2.9.2-2.5-M3.jar:2.5-M3]
	at net.liftweb.util.Helpers$.calcTime(Helpers.scala:34) [lift-util_2.9.2-2.5-M3.jar:2.5-M3]
	at net.liftweb.util.TimeHelpers$class.logTime(TimeHelpers.scala:364) [lift-util_2.9.2-2.5-M3.jar:2.5-M3]
	at net.liftweb.util.Helpers$.logTime(Helpers.scala:34) [lift-util_2.9.2-2.5-M3.jar:2.5-M3]
	at net.liftweb.http.LiftServlet.doIt$1(LiftServlet.scala:132) [lift-webkit_2.9.2-2.5-M3.jar:2.5-M3]
	at net.liftweb.http.LiftServlet.service(LiftServlet.scala:143) [lift-webkit_2.9.2-2.5-M3.jar:2.5-M3]
	at net.liftweb.http.provider.HTTPProvider$$anonfun$service$2$$anonfun$apply$mcV$sp$1$$anonfun$apply$mcV$sp$2.apply$mcV$sp(HTTPProvider.scala:72) [lift-webkit_2.9.2-2.5-M3.jar:2.5-M3]
	at net.liftweb.http.provider.HTTPProvider$$anonfun$service$2$$anonfun$apply$mcV$sp$1$$anonfun$apply$mcV$sp$2.apply(HTTPProvider.scala:71) [lift-webkit_2.9.2-2.5-M3.jar:2.5-M3]
	at net.liftweb.http.provider.HTTPProvider$$anonfun$service$2$$anonfun$apply$mcV$sp$1$$anonfun$apply$mcV$sp$2.apply(HTTPProvider.scala:71) [lift-webkit_2.9.2-2.5-M3.jar:2.5-M3]
	at net.liftweb.util.ThreadGlobal.doWith(ThreadGlobal.scala:71) [lift-util_2.9.2-2.5-M3.jar:2.5-M3]
	at net.liftweb.http.URLRewriter$.doWith(Req.scala:1278) [lift-webkit_2.9.2-2.5-M3.jar:2.5-M3]
	at net.liftweb.http.provider.HTTPProvider$$anonfun$service$2$$anonfun$apply$mcV$sp$1.apply$mcV$sp(HTTPProvider.scala:70) [lift-webkit_2.9.2-2.5-M3.jar:2.5-M3]
	at net.liftweb.http.provider.HTTPProvider$$anonfun$service$2$$anonfun$apply$mcV$sp$1.apply(HTTPProvider.scala:70) [lift-webkit_2.9.2-2.5-M3.jar:2.5-M3]
	at net.liftweb.http.provider.HTTPProvider$$anonfun$service$2$$anonfun$apply$mcV$sp$1.apply(HTTPProvider.scala:70) [lift-webkit_2.9.2-2.5-M3.jar:2.5-M3]
	at net.liftweb.util.ThreadGlobal.doWith(ThreadGlobal.scala:71) [lift-util_2.9.2-2.5-M3.jar:2.5-M3]
	at net.liftweb.http.provider.HTTPProvider$$anonfun$service$2.apply$mcV$sp(HTTPProvider.scala:66) [lift-webkit_2.9.2-2.5-M3.jar:2.5-M3]
	at net.liftweb.http.provider.HTTPProvider$$anonfun$service$2.apply(HTTPProvider.scala:60) [lift-webkit_2.9.2-2.5-M3.jar:2.5-M3]
	at net.liftweb.http.provider.HTTPProvider$$anonfun$service$2.apply(HTTPProvider.scala:60) [lift-webkit_2.9.2-2.5-M3.jar:2.5-M3]
	at net.liftweb.util.ThreadGlobal.doWith(ThreadGlobal.scala:71) [lift-util_2.9.2-2.5-M3.jar:2.5-M3]
	at net.liftweb.http.provider.HTTPProvider$class.service(HTTPProvider.scala:60) [lift-webkit_2.9.2-2.5-M3.jar:2.5-M3]
	at net.liftweb.http.LiftFilter.service(LiftServlet.scala:904) [lift-webkit_2.9.2-2.5-M3.jar:2.5-M3]
	at net.liftweb.http.provider.servlet.ServletFilterProvider$$anonfun$doFilter$1$$anonfun$apply$mcV$sp$1$$anonfun$apply$mcV$sp$2.apply$mcV$sp(ServletFilterProvider.scala:82) [lift-webkit_2.9.2-2.5-M3.jar:2.5-M3]
	at net.liftweb.http.provider.servlet.ServletFilterProvider$$anonfun$doFilter$1$$anonfun$apply$mcV$sp$1$$anonfun$apply$mcV$sp$2.apply(ServletFilterProvider.scala:82) [lift-webkit_2.9.2-2.5-M3.jar:2.5-M3]
	at net.liftweb.http.provider.servlet.ServletFilterProvider$$anonfun$doFilter$1$$anonfun$apply$mcV$sp$1$$anonfun$apply$mcV$sp$2.apply(ServletFilterProvider.scala:82) [lift-webkit_2.9.2-2.5-M3.jar:2.5-M3]
	at net.liftweb.http.provider.servlet.ServletFilterProvider$class.handleLoan$1(ServletFilterProvider.scala:59) [lift-webkit_2.9.2-2.5-M3.jar:2.5-M3]
	at net.liftweb.http.provider.servlet.ServletFilterProvider$class.net$liftweb$http$provider$servlet$ServletFilterProvider$$handleLoanWrappers(ServletFilterProvider.scala:63) [lift-webkit_2.9.2-2.5-M3.jar:2.5-M3]
	at net.liftweb.http.provider.servlet.ServletFilterProvider$$anonfun$doFilter$1$$anonfun$apply$mcV$sp$1.apply$mcV$sp(ServletFilterProvider.scala:82) [lift-webkit_2.9.2-2.5-M3.jar:2.5-M3]
	at net.liftweb.http.provider.servlet.ServletFilterProvider$$anonfun$doFilter$1$$anonfun$apply$mcV$sp$1.apply(ServletFilterProvider.scala:77) [lift-webkit_2.9.2-2.5-M3.jar:2.5-M3]
	at net.liftweb.http.provider.servlet.ServletFilterProvider$$anonfun$doFilter$1$$anonfun$apply$mcV$sp$1.apply(ServletFilterProvider.scala:77) [lift-webkit_2.9.2-2.5-M3.jar:2.5-M3]
	at net.liftweb.http.CoreRequestVarHandler$$anonfun$apply$16$$anonfun$apply$17$$anonfun$apply$18$$anonfun$apply$19.apply(Vars.scala:619) [lift-webkit_2.9.2-2.5-M3.jar:2.5-M3]
	at net.liftweb.util.ThreadGlobal.doWith(ThreadGlobal.scala:71) [lift-util_2.9.2-2.5-M3.jar:2.5-M3]
	at net.liftweb.http.CoreRequestVarHandler$$anonfun$apply$16$$anonfun$apply$17$$anonfun$apply$18.apply(Vars.scala:618) [lift-webkit_2.9.2-2.5-M3.jar:2.5-M3]
	at net.liftweb.util.ThreadGlobal.doWith(ThreadGlobal.scala:71) [lift-util_2.9.2-2.5-M3.jar:2.5-M3]
	at net.liftweb.http.CoreRequestVarHandler$$anonfun$apply$16$$anonfun$apply$17.apply(Vars.scala:617) [lift-webkit_2.9.2-2.5-M3.jar:2.5-M3]
	at net.liftweb.util.ThreadGlobal.doWith(ThreadGlobal.scala:71) [lift-util_2.9.2-2.5-M3.jar:2.5-M3]
	at net.liftweb.http.CoreRequestVarHandler$$anonfun$apply$16.apply(Vars.scala:616) [lift-webkit_2.9.2-2.5-M3.jar:2.5-M3]
	at net.liftweb.util.ThreadGlobal.doWith(ThreadGlobal.scala:71) [lift-util_2.9.2-2.5-M3.jar:2.5-M3]
	at net.liftweb.http.CoreRequestVarHandler$class.apply(Vars.scala:615) [lift-webkit_2.9.2-2.5-M3.jar:2.5-M3]
	at net.liftweb.http.RequestVarHandler$.apply(Vars.scala:515) [lift-webkit_2.9.2-2.5-M3.jar:2.5-M3]
	at net.liftweb.http.provider.servlet.ServletFilterProvider$$anonfun$doFilter$1.apply$mcV$sp(ServletFilterProvider.scala:75) [lift-webkit_2.9.2-2.5-M3.jar:2.5-M3]
	at net.liftweb.http.provider.servlet.ServletFilterProvider$$anonfun$doFilter$1.apply(ServletFilterProvider.scala:75) [lift-webkit_2.9.2-2.5-M3.jar:2.5-M3]
	at net.liftweb.http.provider.servlet.ServletFilterProvider$$anonfun$doFilter$1.apply(ServletFilterProvider.scala:75) [lift-webkit_2.9.2-2.5-M3.jar:2.5-M3]
	at net.liftweb.http.CoreRequestVarHandler$$anonfun$apply$16$$anonfun$apply$17$$anonfun$apply$18$$anonfun$apply$19.apply(Vars.scala:619) [lift-webkit_2.9.2-2.5-M3.jar:2.5-M3]
	at net.liftweb.util.ThreadGlobal.doWith(ThreadGlobal.scala:71) [lift-util_2.9.2-2.5-M3.jar:2.5-M3]
	at net.liftweb.http.CoreRequestVarHandler$$anonfun$apply$16$$anonfun$apply$17$$anonfun$apply$18.apply(Vars.scala:618) [lift-webkit_2.9.2-2.5-M3.jar:2.5-M3]
	at net.liftweb.util.ThreadGlobal.doWith(ThreadGlobal.scala:71) [lift-util_2.9.2-2.5-M3.jar:2.5-M3]
	at net.liftweb.http.CoreRequestVarHandler$$anonfun$apply$16$$anonfun$apply$17.apply(Vars.scala:617) [lift-webkit_2.9.2-2.5-M3.jar:2.5-M3]
	at net.liftweb.util.ThreadGlobal.doWith(ThreadGlobal.scala:71) [lift-util_2.9.2-2.5-M3.jar:2.5-M3]
	at net.liftweb.http.CoreRequestVarHandler$$anonfun$apply$16.apply(Vars.scala:616) [lift-webkit_2.9.2-2.5-M3.jar:2.5-M3]
	at net.liftweb.util.ThreadGlobal.doWith(ThreadGlobal.scala:71) [lift-util_2.9.2-2.5-M3.jar:2.5-M3]
	at net.liftweb.http.CoreRequestVarHandler$class.apply(Vars.scala:615) [lift-webkit_2.9.2-2.5-M3.jar:2.5-M3]
	at net.liftweb.http.TransientRequestVarHandler$.apply(Vars.scala:528) [lift-webkit_2.9.2-2.5-M3.jar:2.5-M3]
	at net.liftweb.http.provider.servlet.ServletFilterProvider$class.doFilter(ServletFilterProvider.scala:74) [lift-webkit_2.9.2-2.5-M3.jar:2.5-M3]
	at net.liftweb.http.LiftFilter.doFilter(LiftServlet.scala:904) [lift-webkit_2.9.2-2.5-M3.jar:2.5-M3]
	at org.eclipse.jetty.servlet.ServletHandler$CachedChain.doFilter(ServletHandler.java:1307) [jetty-servlet-8.1.7.v20120910.jar:8.1.7.v20120910]
	at org.eclipse.jetty.servlet.ServletHandler.doHandle(ServletHandler.java:453) [jetty-servlet-8.1.7.v20120910.jar:8.1.7.v20120910]
	at org.eclipse.jetty.server.handler.ScopedHandler.handle(ScopedHandler.java:137) [jetty-server-8.1.7.v20120910.jar:8.1.7.v20120910]
	at org.eclipse.jetty.security.SecurityHandler.handle(SecurityHandler.java:559) [jetty-security-8.1.7.v20120910.jar:8.1.7.v20120910]
	at org.eclipse.jetty.server.session.SessionHandler.doHandle(SessionHandler.java:231) [jetty-server-8.1.7.v20120910.jar:8.1.7.v20120910]
	at org.eclipse.jetty.server.handler.ContextHandler.doHandle(ContextHandler.java:1072) [jetty-server-8.1.7.v20120910.jar:8.1.7.v20120910]
	at org.eclipse.jetty.servlet.ServletHandler.doScope(ServletHandler.java:382) [jetty-servlet-8.1.7.v20120910.jar:8.1.7.v20120910]
	at org.eclipse.jetty.server.session.SessionHandler.doScope(SessionHandler.java:193) [jetty-server-8.1.7.v20120910.jar:8.1.7.v20120910]
	at org.eclipse.jetty.server.handler.ContextHandler.doScope(ContextHandler.java:1006) [jetty-server-8.1.7.v20120910.jar:8.1.7.v20120910]
	at org.eclipse.jetty.server.handler.ScopedHandler.handle(ScopedHandler.java:135) [jetty-server-8.1.7.v20120910.jar:8.1.7.v20120910]
	at org.eclipse.jetty.server.handler.ContextHandlerCollection.handle(ContextHandlerCollection.java:255) [jetty-server-8.1.7.v20120910.jar:8.1.7.v20120910]
	at org.eclipse.jetty.server.handler.HandlerWrapper.handle(HandlerWrapper.java:116) [jetty-server-8.1.7.v20120910.jar:8.1.7.v20120910]
	at org.eclipse.jetty.server.Server.handle(Server.java:361) [jetty-server-8.1.7.v20120910.jar:8.1.7.v20120910]
	at org.eclipse.jetty.server.AbstractHttpConnection.handleRequest(AbstractHttpConnection.java:485) [jetty-server-8.1.7.v20120910.jar:8.1.7.v20120910]
	at org.eclipse.jetty.server.AbstractHttpConnection.headerComplete(AbstractHttpConnection.java:926) [jetty-server-8.1.7.v20120910.jar:8.1.7.v20120910]
	at org.eclipse.jetty.server.AbstractHttpConnection$RequestHandler.headerComplete(AbstractHttpConnection.java:988) [jetty-server-8.1.7.v20120910.jar:8.1.7.v20120910]
	at org.eclipse.jetty.http.HttpParser.parseNext(HttpParser.java:635) [jetty-http-8.1.7.v20120910.jar:8.1.7.v20120910]
	at org.eclipse.jetty.http.HttpParser.parseAvailable(HttpParser.java:235) [jetty-http-8.1.7.v20120910.jar:8.1.7.v20120910]
	at org.eclipse.jetty.server.AsyncHttpConnection.handle(AsyncHttpConnection.java:82) [jetty-server-8.1.7.v20120910.jar:8.1.7.v20120910]
	at org.eclipse.jetty.io.nio.SelectChannelEndPoint.handle(SelectChannelEndPoint.java:627) [jetty-io-8.1.7.v20120910.jar:8.1.7.v20120910]
	at org.eclipse.jetty.io.nio.SelectChannelEndPoint$1.run(SelectChannelEndPoint.java:51) [jetty-io-8.1.7.v20120910.jar:8.1.7.v20120910]
	at org.eclipse.jetty.util.thread.QueuedThreadPool.runJob(QueuedThreadPool.java:608) [jetty-util-8.1.7.v20120910.jar:8.1.7.v20120910]
	at org.eclipse.jetty.util.thread.QueuedThreadPool$3.run(QueuedThreadPool.java:543) [jetty-util-8.1.7.v20120910.jar:8.1.7.v20120910]
	at java.lang.Thread.run(Thread.java:722) [na:1.7.0_01]
18:49:41.873 INFO  [d.f.a.osm.OsmMap] [] - 1343 ways parsed in 6087 milliseconds
18:49:41.874 INFO  [d.f.a.osm.OsmMap] [] - Computing node ways mapping
18:49:42.006 INFO  [d.f.a.osm.OsmMap] [] - Node ways mapping with 4821 elements computed, took 108 ms
18:49:42.009 INFO  [d.f.a.r.RoutingService] [akka://AntScout/user/antScout/routingService] - Initialized
18:49:42.014 INFO  [d.f.a.antnet.AntMap] [] - Preparing
18:49:42.030 INFO  [d.f.a.antnet.AntMap] [] - Computing ant ways data
18:49:42.166 INFO  [d.f.a.antnet.AntMap] [] - 126 ant ways data computed, took 134 ms
18:49:42.167 INFO  [d.f.a.antnet.AntMap] [] - Computing nodes
18:49:42.169 INFO  [d.f.a.antnet.AntMap] [] - 88 nodes computed
18:49:42.170 INFO  [d.f.a.a.AntNodeSupervisor] [akka://AntScout/user/antScout/antNode] - Initializing
18:49:42.181 INFO  [d.f.a.a.AntNodeSupervisor] [akka://AntScout/user/antScout/antNode] - Initialized
18:49:42.186 INFO  [d.f.a.antnet.AntMap] [] - Computing ant ways
18:49:42.266 INFO  [d.f.a.antnet.AntMap] [] - Ant ways computed
18:49:42.269 INFO  [d.f.a.antnet.AntMap] [] - Computing incoming and outgoing ways
18:49:42.294 INFO  [d.f.a.antnet.AntMap] [] - Incoming and outgoing ways computed
18:49:42.295 INFO  [d.f.a.antnet.AntMap] [] - Computing sources and destinations
18:49:42.297 INFO  [d.f.a.antnet.AntMap] [] - 86 sources and 86 destinations computed, took 1 ms
18:49:42.299 INFO  [d.f.a.a.AntNodeSupervisor] [akka://AntScout/user/antScout/antNode] - Initializing nodes
18:49:42.466 INFO  [d.f.a.antnet.AntMap] [] - Calculating shortest paths
18:49:42.910 INFO  [d.f.a.antnet.AntMap] [] - Shortest paths calculated, took 439 ms
18:49:43.747 INFO  [d.f.a.a.AntNodeSupervisor] [akka://AntScout/user/antScout/antNode] - Nodes initialized
18:49:45.332 WARN  [d.f.a.c.Statistics] [] - Unknown message: CometName(statistics)
18:49:45.488 WARN  [d.f.a.c.UserInterface] [] - Unknown message: CometName(userInterface)
19:03:59.650 INFO  [b.liftweb.Boot] [] - Shutting down
19:04:05.400 DEBUG [a.event.EventStream] [EventStream] - shutting down: StandardOutLogger started
19:06:01.692 INFO  [d.f.a.osm.OsmMap] [] - Loading file maps/Bahrenfeld-Gross-Flottbek-Othmarschen-Ottensen.osm
19:06:01.815 INFO  [d.f.a.osm.OsmMap] [] - Initializing
19:06:01.824 INFO  [d.f.a.osm.OsmMap] [] - Parsing nodes
19:06:01.890 INFO  [d.f.a.osm.OsmMap] [] - 2139 nodes parsed in 62 milliseconds
19:06:01.892 INFO  [d.f.a.osm.OsmMap] [] - Parsing ways
19:06:02.672 INFO  [d.f.a.osm.OsmMap] [] - 494 ways parsed in 778 milliseconds
19:06:02.673 INFO  [d.f.a.osm.OsmMap] [] - Computing node ways mapping
19:06:03.004 INFO  [d.f.a.osm.OsmMap] [] - Node ways mapping with 2139 elements computed, took 307 ms
19:06:03.007 INFO  [d.f.a.r.RoutingService] [akka://AntScout/user/antScout/routingService] - Initialized
19:06:03.018 INFO  [d.f.a.antnet.AntMap] [] - Preparing
19:06:03.091 INFO  [d.f.a.antnet.AntMap] [] - Computing ant ways data
19:06:03.227 INFO  [d.f.a.antnet.AntMap] [] - 151 ant ways data computed, took 132 ms
19:06:03.227 INFO  [d.f.a.antnet.AntMap] [] - Computing nodes
19:06:03.230 INFO  [d.f.a.antnet.AntMap] [] - 104 nodes computed
19:06:03.247 INFO  [d.f.a.a.AntNodeSupervisor] [akka://AntScout/user/antScout/antNode] - Initializing
19:06:03.247 INFO  [d.f.a.a.AntNodeSupervisor] [akka://AntScout/user/antScout/antNode] - Initialized
19:06:03.248 INFO  [d.f.a.antnet.AntMap] [] - Computing ant ways
19:06:03.366 INFO  [d.f.a.antnet.AntMap] [] - Ant ways computed
19:06:03.369 INFO  [d.f.a.antnet.AntMap] [] - Computing incoming and outgoing ways
19:06:03.403 INFO  [d.f.a.antnet.AntMap] [] - Incoming and outgoing ways computed
19:06:03.404 INFO  [d.f.a.antnet.AntMap] [] - Computing sources and destinations
19:06:03.411 INFO  [d.f.a.antnet.AntMap] [] - 99 sources and 100 destinations computed, took 6 ms
19:06:03.414 INFO  [d.f.a.a.AntNodeSupervisor] [akka://AntScout/user/antScout/antNode] - Initializing nodes
19:06:03.655 INFO  [d.f.a.antnet.AntMap] [] - Calculating shortest paths
19:06:03.749 WARN  [d.f.a.c.Statistics] [] - Unknown message: CometName(statistics)
19:06:03.796 WARN  [d.f.a.c.UserInterface] [] - Unknown message: CometName(userInterface)
19:06:04.442 INFO  [d.f.a.antnet.AntMap] [] - Shortest paths calculated, took 777 ms
19:06:05.643 INFO  [d.f.a.a.AntNodeSupervisor] [akka://AntScout/user/antScout/antNode] - Nodes initialized
19:20:27.107 INFO  [b.liftweb.Boot] [] - Shutting down
19:20:40.537 DEBUG [a.event.EventStream] [EventStream] - shutting down: StandardOutLogger started
19:21:06.289 INFO  [d.f.a.osm.OsmMap] [] - Loading file maps/Bahrenfeld-Gross-Flottbek-Othmarschen-Ottensen.osm
19:21:06.442 INFO  [d.f.a.osm.OsmMap] [] - Initializing
19:21:06.448 INFO  [d.f.a.osm.OsmMap] [] - Parsing nodes
19:21:06.508 INFO  [d.f.a.osm.OsmMap] [] - 2139 nodes parsed in 56 milliseconds
19:21:06.511 INFO  [d.f.a.osm.OsmMap] [] - Parsing ways
19:21:07.322 INFO  [d.f.a.osm.OsmMap] [] - 494 ways parsed in 809 milliseconds
19:21:07.324 INFO  [d.f.a.osm.OsmMap] [] - Computing node ways mapping
19:21:07.654 INFO  [d.f.a.osm.OsmMap] [] - Node ways mapping with 2139 elements computed, took 308 ms
19:21:07.657 INFO  [d.f.a.r.RoutingService] [akka://AntScout/user/antScout/routingService] - Initialized
19:21:07.667 INFO  [d.f.a.antnet.AntMap] [] - Preparing
19:21:07.745 INFO  [d.f.a.antnet.AntMap] [] - Computing ant ways data
19:21:07.862 INFO  [d.f.a.antnet.AntMap] [] - 151 ant ways data computed, took 115 ms
19:21:07.863 INFO  [d.f.a.antnet.AntMap] [] - Computing nodes
19:21:07.865 INFO  [d.f.a.antnet.AntMap] [] - 104 nodes computed
19:21:07.871 INFO  [d.f.a.a.AntNodeSupervisor] [akka://AntScout/user/antScout/antNode] - Initializing
19:21:07.896 INFO  [d.f.a.a.AntNodeSupervisor] [akka://AntScout/user/antScout/antNode] - Initialized
19:21:07.897 INFO  [d.f.a.antnet.AntMap] [] - Computing ant ways
19:21:08.004 INFO  [d.f.a.antnet.AntMap] [] - Ant ways computed
19:21:08.006 INFO  [d.f.a.antnet.AntMap] [] - Computing incoming and outgoing ways
19:21:08.038 INFO  [d.f.a.antnet.AntMap] [] - Incoming and outgoing ways computed
19:21:08.040 INFO  [d.f.a.antnet.AntMap] [] - Computing sources and destinations
19:21:08.044 INFO  [d.f.a.antnet.AntMap] [] - 99 sources and 100 destinations computed, took 2 ms
19:21:08.049 INFO  [d.f.a.a.AntNodeSupervisor] [akka://AntScout/user/antScout/antNode] - Initializing nodes
19:21:08.305 INFO  [d.f.a.antnet.AntMap] [] - Calculating shortest paths
19:21:08.370 WARN  [d.f.a.c.Statistics] [] - Unknown message: CometName(statistics)
19:21:08.399 WARN  [d.f.a.c.UserInterface] [] - Unknown message: CometName(userInterface)
19:21:09.098 INFO  [d.f.a.antnet.AntMap] [] - Shortest paths calculated, took 782 ms
19:21:10.651 INFO  [d.f.a.a.AntNodeSupervisor] [akka://AntScout/user/antScout/antNode] - Nodes initialized
