10:57:27.603 INFO  [d.f.a.osm.OsmMap] [] - Loading file maps/Altona-Wedel.osm
10:57:27.915 INFO  [d.f.a.osm.OsmMap] [] - Initializing
10:57:27.915 INFO  [d.f.a.osm.OsmMap] [] - Parsing nodes
10:57:28.055 INFO  [d.f.a.osm.OsmMap] [] - 7983 nodes parsed in 130 milliseconds
10:57:28.055 INFO  [d.f.a.osm.OsmMap] [] - Parsing ways
10:57:29.903 INFO  [d.f.a.osm.OsmMap] [] - 1914 ways parsed in 1788 milliseconds
10:57:29.903 INFO  [d.f.a.osm.OsmMap] [] - Computing node ways mapping
10:57:30.133 INFO  [d.f.a.osm.OsmMap] [] - Node ways mapping with 7983 elements computed, took 190 ms
10:57:30.133 INFO  [d.f.a.r.RoutingService] [akka://AntScout/user/antScout/routingService] - Initialized
10:57:30.143 INFO  [d.f.a.antnet.AntMap] [] - Preparing
10:57:30.183 INFO  [d.f.a.antnet.AntMap] [] - Computing ant ways data
10:57:30.283 INFO  [d.f.a.antnet.AntMap] [] - 208 ant ways data computed, took 90 ms
10:57:30.283 INFO  [d.f.a.antnet.AntMap] [] - Computing nodes
10:57:30.293 INFO  [d.f.a.antnet.AntMap] [] - 144 nodes computed
10:57:30.293 INFO  [d.f.a.a.AntNodeSupervisor] [akka://AntScout/user/antScout/antNode] - Initializing
10:57:30.303 INFO  [d.f.a.a.AntNodeSupervisor] [akka://AntScout/user/antScout/antNode] - Initialized
10:57:30.303 INFO  [d.f.a.antnet.AntMap] [] - Computing ant ways
10:57:30.383 INFO  [d.f.a.antnet.AntMap] [] - Ant ways computed
10:57:30.383 INFO  [d.f.a.antnet.AntMap] [] - Computing incoming and outgoing ways
10:57:30.393 INFO  [d.f.a.antnet.AntMap] [] - Incoming and outgoing ways computed
10:57:30.403 INFO  [d.f.a.antnet.AntMap] [] - Computing sources and destinations
10:57:30.403 INFO  [d.f.a.antnet.AntMap] [] - 140 sources and 140 destinations computed, took 0 ms
10:57:30.403 INFO  [d.f.a.a.AntNodeSupervisor] [akka://AntScout/user/antScout/antNode] - Initializing nodes
10:57:30.533 INFO  [d.f.a.antnet.AntMap] [] - Calculating shortest paths
10:57:30.885 INFO  [d.f.a.antnet.AntMap] [] - Shortest paths calculated, took 342 ms
10:57:31.305 INFO  [d.f.a.a.AntNodeSupervisor] [akka://AntScout/user/antScout/antNode] - Nodes initialized
10:57:38.218 WARN  [d.f.a.c.Statistics] [] - Unknown message: CometName(statistics)
10:57:38.248 WARN  [d.f.a.c.UserInterface] [] - Unknown message: CometName(userInterface)
11:04:57.277 ERROR [a.a.ActorSystemImpl] [ActorSystem(AntScout)] - Uncaught error from thread [AntScout-ant-node-dispatcher-8] shutting down JVM since 'akka.jvm-exit-on-fatal-error' is enabled
java.lang.OutOfMemoryError: GC overhead limit exceeded
	at scala.collection.mutable.HashMap.$plus$eq(HashMap.scala:86) ~[scala-library.jar:0.12.0]
	at scala.collection.mutable.HashMap.$plus$eq(HashMap.scala:45) ~[scala-library.jar:0.12.0]
	at scala.collection.TraversableLike$$anonfun$filter$1.apply(TraversableLike.scala:252) ~[scala-library.jar:0.12.0]
	at scala.collection.mutable.HashMap$$anonfun$foreach$1.apply(HashMap.scala:95) ~[scala-library.jar:0.12.0]
	at scala.collection.mutable.HashMap$$anonfun$foreach$1.apply(HashMap.scala:95) ~[scala-library.jar:0.12.0]
	at scala.collection.Iterator$class.foreach(Iterator.scala:772) ~[scala-library.jar:0.12.0]
	at scala.collection.mutable.HashTable$$anon$1.foreach(HashTable.scala:157) ~[scala-library.jar:0.12.0]
	at scala.collection.mutable.HashTable$class.foreachEntry(HashTable.scala:190) ~[scala-library.jar:0.12.0]
	at scala.collection.mutable.HashMap.foreachEntry(HashMap.scala:45) ~[scala-library.jar:0.12.0]
	at scala.collection.mutable.HashMap.foreach(HashMap.scala:95) ~[scala-library.jar:0.12.0]
	at scala.collection.TraversableLike$class.filter(TraversableLike.scala:251) ~[scala-library.jar:0.12.0]
	at scala.collection.mutable.HashMap.filter(HashMap.scala:45) ~[scala-library.jar:0.12.0]
	at de.fhwedel.antscout.antnet.Ant.nextNode(Ant.scala:80) ~[classes/:na]
	at de.fhwedel.antscout.antnet.AntNode.forwardAnt(AntNode.scala:104) ~[classes/:na]
	at de.fhwedel.antscout.antnet.AntNode$$anonfun$launchAnts$1$$anonfun$apply$13.apply(AntNode.scala:188) ~[classes/:na]
	at de.fhwedel.antscout.antnet.AntNode$$anonfun$launchAnts$1$$anonfun$apply$13.apply(AntNode.scala:187) ~[classes/:na]
	at scala.collection.TraversableLike$$anonfun$map$1.apply(TraversableLike.scala:233) ~[scala-library.jar:0.12.0]
	at scala.collection.TraversableLike$$anonfun$map$1.apply(TraversableLike.scala:233) ~[scala-library.jar:0.12.0]
	at scala.collection.immutable.HashSet$HashSet1.foreach(HashSet.scala:130) ~[scala-library.jar:0.12.0]
	at scala.collection.immutable.HashSet$HashTrieSet.foreach(HashSet.scala:275) ~[scala-library.jar:0.12.0]
	at scala.collection.TraversableLike$class.map(TraversableLike.scala:233) ~[scala-library.jar:0.12.0]
	at scala.collection.immutable.HashSet.scala$collection$SetLike$$super$map(HashSet.scala:33) ~[scala-library.jar:0.12.0]
	at scala.collection.SetLike$class.map(SetLike.scala:93) ~[scala-library.jar:0.12.0]
	at scala.collection.immutable.HashSet.map(HashSet.scala:33) ~[scala-library.jar:0.12.0]
	at de.fhwedel.antscout.antnet.AntNode$$anonfun$launchAnts$1.apply(AntNode.scala:187) ~[classes/:na]
	at de.fhwedel.antscout.antnet.AntNode$$anonfun$launchAnts$1.apply(AntNode.scala:185) ~[classes/:na]
	at scala.Option.map(Option.scala:133) ~[scala-library.jar:0.12.0]
	at de.fhwedel.antscout.antnet.AntNode.launchAnts(AntNode.scala:185) ~[classes/:na]
	at de.fhwedel.antscout.antnet.AntNode$$anonfun$receive$1.apply(AntNode.scala:391) ~[classes/:na]
	at de.fhwedel.antscout.antnet.AntNode$$anonfun$receive$1.apply(AntNode.scala:379) ~[classes/:na]
	at akka.actor.Actor$class.apply(Actor.scala:318) ~[akka-actor-2.0.5.jar:2.0.5]
	at de.fhwedel.antscout.antnet.AntNode.apply(AntNode.scala:18) ~[classes/:na]
11:05:03.127 ERROR [a.a.ActorSystemImpl] [ActorSystem(AntScout)] - Uncaught error from thread [AntScout-akka.actor.default-dispatcher-6] shutting down JVM since 'akka.jvm-exit-on-fatal-error' is enabled
java.lang.OutOfMemoryError: GC overhead limit exceeded
	at java.util.jar.Attributes.read(Attributes.java:394) ~[na:1.7.0_21]
	at java.util.jar.Manifest.read(Manifest.java:199) ~[na:1.7.0_21]
	at java.util.jar.Manifest.<init>(Manifest.java:69) ~[na:1.7.0_21]
	at java.util.jar.JarFile.getManifestFromReference(JarFile.java:185) ~[na:1.7.0_21]
	at java.util.jar.JarFile.getManifest(JarFile.java:166) ~[na:1.7.0_21]
	at sun.misc.URLClassPath$JarLoader$2.getManifest(URLClassPath.java:756) ~[na:1.7.0_21]
	at java.net.URLClassLoader.defineClass(URLClassLoader.java:416) ~[na:1.7.0_21]
	at java.net.URLClassLoader.access$100(URLClassLoader.java:71) ~[na:1.7.0_21]
	at java.net.URLClassLoader$1.run(URLClassLoader.java:361) ~[na:1.7.0_21]
	at java.net.URLClassLoader$1.run(URLClassLoader.java:355) ~[na:1.7.0_21]
	at java.security.AccessController.doPrivileged(Native Method) ~[na:1.7.0_21]
	at java.net.URLClassLoader.findClass(URLClassLoader.java:354) ~[na:1.7.0_21]
	at java.lang.ClassLoader.loadClass(ClassLoader.java:423) ~[na:1.7.0_21]
	at java.lang.ClassLoader.loadClass(ClassLoader.java:356) ~[na:1.7.0_21]
	at ch.qos.logback.classic.spi.PackagingDataCalculator.computeBySTEP(PackagingDataCalculator.java:139) ~[logback-classic-1.0.7.jar:na]
	at ch.qos.logback.classic.spi.PackagingDataCalculator.populateUncommonFrames(PackagingDataCalculator.java:111) ~[logback-classic-1.0.7.jar:na]
	at ch.qos.logback.classic.spi.PackagingDataCalculator.populateFrames(PackagingDataCalculator.java:103) ~[logback-classic-1.0.7.jar:na]
	at ch.qos.logback.classic.spi.PackagingDataCalculator.calculate(PackagingDataCalculator.java:55) ~[logback-classic-1.0.7.jar:na]
	at ch.qos.logback.classic.spi.ThrowableProxy.calculatePackagingData(ThrowableProxy.java:147) ~[logback-classic-1.0.7.jar:na]
	at ch.qos.logback.classic.spi.LoggingEvent.<init>(LoggingEvent.java:128) ~[logback-classic-1.0.7.jar:na]
	at ch.qos.logback.classic.Logger.buildLoggingEventAndAppend(Logger.java:447) ~[logback-classic-1.0.7.jar:na]
	at ch.qos.logback.classic.Logger.filterAndLog_0_Or3Plus(Logger.java:403) ~[logback-classic-1.0.7.jar:na]
	at ch.qos.logback.classic.Logger.error(Logger.java:566) ~[logback-classic-1.0.7.jar:na]
	at akka.event.slf4j.Slf4jEventHandler$$anonfun$receive$1$$anonfun$apply$1.apply$mcV$sp(Slf4jEventHandler.scala:47) ~[akka-slf4j-2.0.5.jar:2.0.5]
	at akka.event.slf4j.Slf4jEventHandler.withMdc(Slf4jEventHandler.scala:70) ~[akka-slf4j-2.0.5.jar:2.0.5]
	at akka.event.slf4j.Slf4jEventHandler$$anonfun$receive$1.apply(Slf4jEventHandler.scala:44) ~[akka-slf4j-2.0.5.jar:2.0.5]
	at akka.event.slf4j.Slf4jEventHandler$$anonfun$receive$1.apply(Slf4jEventHandler.scala:41) ~[akka-slf4j-2.0.5.jar:2.0.5]
	at akka.actor.Actor$class.apply(Actor.scala:318) ~[akka-actor-2.0.5.jar:2.0.5]
	at akka.event.slf4j.Slf4jEventHandler.apply(Slf4jEventHandler.scala:36) ~[akka-slf4j-2.0.5.jar:2.0.5]
	at akka.actor.ActorCell.invoke(ActorCell.scala:626) ~[akka-actor-2.0.5.jar:2.0.5]
	at akka.dispatch.Mailbox.processMailbox(Mailbox.scala:197) ~[akka-actor-2.0.5.jar:2.0.5]
	at akka.dispatch.Mailbox.run(Mailbox.scala:179) ~[akka-actor-2.0.5.jar:2.0.5]
11:05:05.569 ERROR [a.a.ActorSystemImpl] [ActorSystem(AntScout)] - Uncaught error from thread [AntScout-ant-node-dispatcher-21] shutting down JVM since 'akka.jvm-exit-on-fatal-error' is enabled
java.lang.OutOfMemoryError: GC overhead limit exceeded
	at scala.collection.mutable.ResizableArray$class.$init$(ResizableArray.scala:33) ~[scala-library.jar:0.12.0]
	at scala.collection.mutable.ArrayBuffer.<init>(ArrayBuffer.scala:47) ~[scala-library.jar:0.12.0]
	at scala.collection.mutable.ArrayBuffer.<init>(ArrayBuffer.scala:61) ~[scala-library.jar:0.12.0]
	at scala.collection.ViewMkString$class.thisSeq(TraversableViewLike.scala:21) ~[scala-library.jar:0.12.0]
	at scala.collection.IterableLike$$anon$1.thisSeq(IterableLike.scala:294) ~[scala-library.jar:0.12.0]
	at scala.collection.TraversableViewLike$$anonfun$scanLeft$1.apply(TraversableViewLike.scala:183) ~[scala-library.jar:0.12.0]
	at scala.collection.TraversableViewLike$$anonfun$scanLeft$1.apply(TraversableViewLike.scala:183) ~[scala-library.jar:0.12.0]
	at scala.collection.IterableViewLike$$anon$1.<init>(IterableViewLike.scala:78) ~[scala-library.jar:0.12.0]
	at scala.collection.IterableViewLike$class.newForced(IterableViewLike.scala:78) ~[scala-library.jar:0.12.0]
	at scala.collection.IterableLike$$anon$1.newForced(IterableLike.scala:294) ~[scala-library.jar:0.12.0]
	at scala.collection.IterableLike$$anon$1.newForced(IterableLike.scala:294) ~[scala-library.jar:0.12.0]
	at scala.collection.TraversableViewLike$class.scanLeft(TraversableViewLike.scala:183) ~[scala-library.jar:0.12.0]
	at scala.collection.IterableLike$$anon$1.scanLeft(IterableLike.scala:294) ~[scala-library.jar:0.12.0]
	at de.fhwedel.antscout.utils.StatisticsUtils$.selectByProbability(StatisticsUtils.scala:26) ~[classes/:na]
	at de.fhwedel.antscout.antnet.Ant.nextNode(Ant.scala:86) ~[classes/:na]
	at de.fhwedel.antscout.antnet.AntNode.forwardAnt(AntNode.scala:104) ~[classes/:na]
	at de.fhwedel.antscout.antnet.AntNode$$anonfun$launchAnts$1$$anonfun$apply$13.apply(AntNode.scala:188) ~[classes/:na]
	at de.fhwedel.antscout.antnet.AntNode$$anonfun$launchAnts$1$$anonfun$apply$13.apply(AntNode.scala:187) ~[classes/:na]
	at scala.collection.TraversableLike$$anonfun$map$1.apply(TraversableLike.scala:233) ~[scala-library.jar:0.12.0]
	at scala.collection.TraversableLike$$anonfun$map$1.apply(TraversableLike.scala:233) ~[scala-library.jar:0.12.0]
	at scala.collection.immutable.HashSet$HashSet1.foreach(HashSet.scala:130) ~[scala-library.jar:0.12.0]
	at scala.collection.immutable.HashSet$HashTrieSet.foreach(HashSet.scala:275) ~[scala-library.jar:0.12.0]
	at scala.collection.TraversableLike$class.map(TraversableLike.scala:233) ~[scala-library.jar:0.12.0]
	at scala.collection.immutable.HashSet.scala$collection$SetLike$$super$map(HashSet.scala:33) ~[scala-library.jar:0.12.0]
	at scala.collection.SetLike$class.map(SetLike.scala:93) ~[scala-library.jar:0.12.0]
	at scala.collection.immutable.HashSet.map(HashSet.scala:33) ~[scala-library.jar:0.12.0]
	at de.fhwedel.antscout.antnet.AntNode$$anonfun$launchAnts$1.apply(AntNode.scala:187) ~[classes/:na]
	at de.fhwedel.antscout.antnet.AntNode$$anonfun$launchAnts$1.apply(AntNode.scala:185) ~[classes/:na]
	at scala.Option.map(Option.scala:133) ~[scala-library.jar:0.12.0]
	at de.fhwedel.antscout.antnet.AntNode.launchAnts(AntNode.scala:185) ~[classes/:na]
	at de.fhwedel.antscout.antnet.AntNode$$anonfun$receive$1.apply(AntNode.scala:391) ~[classes/:na]
	at de.fhwedel.antscout.antnet.AntNode$$anonfun$receive$1.apply(AntNode.scala:379) ~[classes/:na]
11:05:07.155 ERROR [a.a.ActorSystemImpl] [ActorSystem(AntScout)] - Uncaught error from thread [AntScout-ant-node-dispatcher-18] shutting down JVM since 'akka.jvm-exit-on-fatal-error' is enabled
java.lang.OutOfMemoryError: GC overhead limit exceeded
11:05:07.156 ERROR [a.a.ActorSystemImpl] [ActorSystem(AntScout)] - Uncaught error from thread [AntScout-ant-node-dispatcher-26] shutting down JVM since 'akka.jvm-exit-on-fatal-error' is enabled
java.lang.OutOfMemoryError: GC overhead limit exceeded
