09:26:30.488 INFO  [d.f.a.osm.OsmMap] [] - Loading file maps/Map.osm
09:26:30.784 INFO  [d.f.a.osm.OsmMap] [] - Initializing
09:26:30.815 INFO  [d.f.a.osm.OsmMap] [] - Parsing nodes
09:26:31.049 INFO  [d.f.a.osm.OsmMap] [] - 7184 nodes parsed in 203 milliseconds
09:26:31.049 INFO  [d.f.a.osm.OsmMap] [] - Parsing ways
09:26:32.344 INFO  [d.f.a.osm.OsmMap] [] - 1384 ways parsed in 1295 milliseconds
09:26:32.406 INFO  [d.f.a.osm.OsmMap] [] - Computing node ways mapping
09:26:32.703 INFO  [d.f.a.osm.OsmMap] [] - Node ways mapping with 7184 elements computed, took 203 ms
09:26:32.718 INFO  [d.f.a.r.RoutingService] [akka://AntScout/user/antScout/routingService] - Initialized
09:26:32.796 INFO  [d.f.a.antnet.AntMap] [] - Preparing
09:26:32.935 INFO  [d.f.a.antnet.AntMap] [] - Computing ant ways data
09:26:33.152 INFO  [d.f.a.antnet.AntMap] [] - 10 ant ways data computed, took 207 ms
09:26:33.154 INFO  [d.f.a.antnet.AntMap] [] - Computing nodes
09:26:33.164 INFO  [d.f.a.antnet.AntMap] [] - 12 nodes computed
09:26:33.181 INFO  [d.f.a.a.AntNodeSupervisor] [akka://AntScout/user/antScout/antNode] - Initializing
09:26:33.216 INFO  [d.f.a.a.AntNodeSupervisor] [akka://AntScout/user/antScout/antNode] - Initialized
09:26:33.223 INFO  [d.f.a.antnet.AntMap] [] - Computing ant ways
09:26:33.319 INFO  [d.f.a.antnet.AntMap] [] - Ant ways computed
09:26:33.329 INFO  [d.f.a.antnet.AntMap] [] - Computing incoming and outgoing ways
09:26:33.344 INFO  [d.f.a.antnet.AntMap] [] - Incoming and outgoing ways computed
09:26:33.346 INFO  [d.f.a.antnet.AntMap] [] - Computing sources and destinations
09:26:33.355 INFO  [d.f.a.antnet.AntMap] [] - 11 sources and 12 destinations computed, took 3 ms
09:26:33.375 INFO  [d.f.a.a.AntNodeSupervisor] [akka://AntScout/user/antScout/antNode] - Initializing nodes
09:26:33.544 INFO  [d.f.a.antnet.AntMap] [] - Calculating shortest paths
09:26:33.790 INFO  [d.f.a.antnet.AntMap] [] - Shortest paths calculated, took 190 ms
09:26:33.875 INFO  [d.f.a.a.AntNodeSupervisor] [akka://AntScout/user/antScout/antNode] - Nodes initialized
09:26:38.023 WARN  [d.f.a.c.Statistics] [] - Unknown message: CometName(statistics)
09:26:38.110 WARN  [d.f.a.c.UserInterface] [] - Unknown message: CometName(userInterface)
09:26:49.677 WARN  [d.f.a.c.Statistics] [] - Unknown message: CometName(statistics)
09:26:49.679 WARN  [d.f.a.c.UserInterface] [] - Unknown message: CometName(userInterface)
09:27:02.843 INFO  [b.liftweb.Boot] [] - Shutting down
09:27:02.860 DEBUG [a.event.EventStream] [EventStream] - shutting down: StandardOutLogger started
09:28:28.730 INFO  [d.f.a.osm.OsmMap] [] - Loading file maps/Bahrenfeld-Gross-Flottbek-Othmarschen-Ottensen.osm
09:28:28.870 INFO  [d.f.a.osm.OsmMap] [] - Initializing
09:28:28.870 INFO  [d.f.a.osm.OsmMap] [] - Parsing nodes
09:28:28.886 INFO  [d.f.a.osm.OsmMap] [] - 2139 nodes parsed in 16 milliseconds
09:28:28.886 INFO  [d.f.a.osm.OsmMap] [] - Parsing ways
09:28:29.148 INFO  [d.f.a.osm.OsmMap] [] - 494 ways parsed in 262 milliseconds
09:28:29.148 INFO  [d.f.a.osm.OsmMap] [] - Computing node ways mapping
09:28:29.191 INFO  [d.f.a.osm.OsmMap] [] - Node ways mapping with 2139 elements computed, took 33 ms
09:28:29.193 INFO  [d.f.a.r.RoutingService] [akka://AntScout/user/antScout/routingService] - Initialized
09:28:29.196 INFO  [d.f.a.antnet.AntMap] [] - Preparing
09:28:29.204 INFO  [d.f.a.antnet.AntMap] [] - Computing ant ways data
09:28:29.229 WARN  [d.f.a.c.Statistics] [] - Unknown message: CometName(statistics)
09:28:29.238 WARN  [d.f.a.c.UserInterface] [] - Unknown message: CometName(userInterface)
09:28:29.395 INFO  [d.f.a.antnet.AntMap] [] - 151 ant ways data computed, took 190 ms
09:28:29.396 INFO  [d.f.a.antnet.AntMap] [] - Computing nodes
09:28:29.396 INFO  [d.f.a.antnet.AntMap] [] - 104 nodes computed
09:28:29.397 INFO  [d.f.a.a.AntNodeSupervisor] [akka://AntScout/user/antScout/antNode] - Initializing
09:28:29.407 INFO  [d.f.a.a.AntNodeSupervisor] [akka://AntScout/user/antScout/antNode] - Initialized
09:28:29.408 INFO  [d.f.a.antnet.AntMap] [] - Computing ant ways
09:28:29.458 INFO  [d.f.a.antnet.AntMap] [] - Ant ways computed
09:28:29.459 INFO  [d.f.a.antnet.AntMap] [] - Computing incoming and outgoing ways
09:28:29.473 INFO  [d.f.a.antnet.AntMap] [] - Incoming and outgoing ways computed
09:28:29.474 INFO  [d.f.a.antnet.AntMap] [] - Computing sources and destinations
09:28:29.475 INFO  [d.f.a.antnet.AntMap] [] - 99 sources and 100 destinations computed, took 1 ms
09:28:29.476 INFO  [d.f.a.a.AntNodeSupervisor] [akka://AntScout/user/antScout/antNode] - Initializing nodes
09:28:29.759 INFO  [d.f.a.antnet.AntMap] [] - Calculating shortest paths
09:28:30.012 INFO  [d.f.a.antnet.AntMap] [] - Shortest paths calculated, took 249 ms
09:28:30.362 INFO  [d.f.a.a.AntNodeSupervisor] [akka://AntScout/user/antScout/antNode] - Nodes initialized
09:28:32.316 WARN  [d.f.a.c.Statistics] [] - Unknown message: CometName(statistics)
09:28:32.322 WARN  [d.f.a.c.UserInterface] [] - Unknown message: CometName(userInterface)
09:28:34.657 WARN  [d.f.a.c.Statistics] [] - Unknown message: CometName(statistics)
09:28:34.658 WARN  [d.f.a.c.UserInterface] [] - Unknown message: CometName(userInterface)
09:28:49.484 INFO  [d.f.a.osm.OsmMap] [] - Loading file maps/Bahrenfeld-Gross-Flottbek-Othmarschen-Ottensen.osm
09:28:49.773 INFO  [d.f.a.osm.OsmMap] [] - Initializing
09:28:49.776 INFO  [d.f.a.osm.OsmMap] [] - Parsing nodes
09:28:49.857 INFO  [d.f.a.osm.OsmMap] [] - 2139 nodes parsed in 78 milliseconds
09:28:49.859 INFO  [d.f.a.osm.OsmMap] [] - Parsing ways
09:28:50.133 INFO  [d.f.a.osm.OsmMap] [] - 494 ways parsed in 274 milliseconds
09:28:50.134 INFO  [d.f.a.osm.OsmMap] [] - Computing node ways mapping
09:28:50.303 INFO  [d.f.a.osm.OsmMap] [] - Node ways mapping with 2139 elements computed, took 149 ms
09:28:50.305 INFO  [d.f.a.r.RoutingService] [akka://AntScout/user/antScout/routingService] - Initialized
09:28:50.310 INFO  [d.f.a.antnet.AntMap] [] - Preparing
09:28:50.348 INFO  [d.f.a.antnet.AntMap] [] - Computing ant ways data
09:28:50.431 INFO  [d.f.a.antnet.AntMap] [] - 151 ant ways data computed, took 82 ms
09:28:50.432 INFO  [d.f.a.antnet.AntMap] [] - Computing nodes
09:28:50.433 INFO  [d.f.a.antnet.AntMap] [] - 104 nodes computed
09:28:50.434 INFO  [d.f.a.a.AntNodeSupervisor] [akka://AntScout/user/antScout/antNode] - Initializing
09:28:50.447 INFO  [d.f.a.a.AntNodeSupervisor] [akka://AntScout/user/antScout/antNode] - Initialized
09:28:50.448 INFO  [d.f.a.antnet.AntMap] [] - Computing ant ways
09:28:50.513 INFO  [d.f.a.antnet.AntMap] [] - Ant ways computed
09:28:50.514 INFO  [d.f.a.antnet.AntMap] [] - Computing incoming and outgoing ways
09:28:50.536 INFO  [d.f.a.antnet.AntMap] [] - Incoming and outgoing ways computed
09:28:50.536 INFO  [d.f.a.antnet.AntMap] [] - Computing sources and destinations
09:28:50.538 INFO  [d.f.a.antnet.AntMap] [] - 99 sources and 100 destinations computed, took 1 ms
09:28:50.540 INFO  [d.f.a.a.AntNodeSupervisor] [akka://AntScout/user/antScout/antNode] - Initializing nodes
09:28:50.723 INFO  [d.f.a.antnet.AntMap] [] - Calculating shortest paths
09:28:51.063 INFO  [d.f.a.antnet.AntMap] [] - Shortest paths calculated, took 336 ms
09:28:51.710 INFO  [d.f.a.a.AntNodeSupervisor] [akka://AntScout/user/antScout/antNode] - Nodes initialized
09:28:52.349 WARN  [d.f.a.c.Statistics] [] - Unknown message: CometName(statistics)
09:28:52.394 WARN  [d.f.a.c.UserInterface] [] - Unknown message: CometName(userInterface)
09:28:52.433 WARN  [d.f.a.c.Statistics] [] - Unknown message: CometName(statistics)
09:28:52.474 WARN  [d.f.a.c.UserInterface] [] - Unknown message: CometName(userInterface)
09:38:55.668 INFO  [d.f.a.osm.OsmMap] [] - Loading file maps/Bahrenfeld-Gross-Flottbek-Othmarschen-Ottensen.osm
09:38:55.855 INFO  [d.f.a.osm.OsmMap] [] - Initializing
09:38:55.855 INFO  [d.f.a.osm.OsmMap] [] - Parsing nodes
09:38:55.918 INFO  [d.f.a.osm.OsmMap] [] - 2139 nodes parsed in 63 milliseconds
09:38:55.933 INFO  [d.f.a.osm.OsmMap] [] - Parsing ways
09:38:56.152 INFO  [d.f.a.osm.OsmMap] [] - 494 ways parsed in 219 milliseconds
09:38:56.152 INFO  [d.f.a.osm.OsmMap] [] - Computing node ways mapping
09:38:56.277 INFO  [d.f.a.osm.OsmMap] [] - Node ways mapping with 2139 elements computed, took 94 ms
09:38:56.277 INFO  [d.f.a.r.RoutingService] [akka://AntScout/user/antScout/routingService] - Initialized
09:38:56.277 INFO  [d.f.a.antnet.AntMap] [] - Preparing
09:38:56.308 INFO  [d.f.a.antnet.AntMap] [] - Computing ant ways data
09:38:56.370 INFO  [d.f.a.antnet.AntMap] [] - 151 ant ways data computed, took 62 ms
09:38:56.370 INFO  [d.f.a.antnet.AntMap] [] - Computing nodes
09:38:56.386 INFO  [d.f.a.antnet.AntMap] [] - 104 nodes computed
09:38:56.386 INFO  [d.f.a.a.AntNodeSupervisor] [akka://AntScout/user/antScout/antNode] - Initializing
09:38:56.386 INFO  [d.f.a.a.AntNodeSupervisor] [akka://AntScout/user/antScout/antNode] - Initialized
09:38:56.386 INFO  [d.f.a.antnet.AntMap] [] - Computing ant ways
09:38:56.433 INFO  [d.f.a.antnet.AntMap] [] - Ant ways computed
09:38:56.433 INFO  [d.f.a.antnet.AntMap] [] - Computing incoming and outgoing ways
09:38:56.448 INFO  [d.f.a.antnet.AntMap] [] - Incoming and outgoing ways computed
09:38:56.448 INFO  [d.f.a.antnet.AntMap] [] - Computing sources and destinations
09:38:56.448 INFO  [d.f.a.antnet.AntMap] [] - 99 sources and 100 destinations computed, took 0 ms
09:38:56.448 INFO  [d.f.a.a.AntNodeSupervisor] [akka://AntScout/user/antScout/antNode] - Initializing nodes
09:38:56.573 INFO  [d.f.a.antnet.AntMap] [] - Calculating shortest paths
09:38:56.791 INFO  [d.f.a.antnet.AntMap] [] - Shortest paths calculated, took 218 ms
09:38:57.088 INFO  [d.f.a.a.AntNodeSupervisor] [akka://AntScout/user/antScout/antNode] - Nodes initialized
09:38:58.927 WARN  [d.f.a.c.Statistics] [] - Unknown message: CometName(statistics)
09:38:58.938 WARN  [d.f.a.c.UserInterface] [] - Unknown message: CometName(userInterface)
09:40:09.581 WARN  [d.f.a.c.Statistics] [] - Unknown message: CometName(statistics)
09:40:09.581 WARN  [d.f.a.c.UserInterface] [] - Unknown message: CometName(userInterface)
09:40:58.344 INFO  [d.f.a.osm.OsmMap] [] - Loading file maps/Map.osm
09:40:58.609 INFO  [d.f.a.osm.OsmMap] [] - Initializing
09:40:58.609 INFO  [d.f.a.osm.OsmMap] [] - Parsing nodes
09:40:58.718 INFO  [d.f.a.osm.OsmMap] [] - 7184 nodes parsed in 109 milliseconds
09:40:58.718 INFO  [d.f.a.osm.OsmMap] [] - Parsing ways
09:40:59.966 INFO  [d.f.a.osm.OsmMap] [] - 1384 ways parsed in 1248 milliseconds
09:40:59.966 INFO  [d.f.a.osm.OsmMap] [] - Computing node ways mapping
09:41:00.213 INFO  [d.f.a.osm.OsmMap] [] - Node ways mapping with 7184 elements computed, took 169 ms
09:41:00.213 INFO  [d.f.a.r.RoutingService] [akka://AntScout/user/antScout/routingService] - Initialized
09:41:00.213 INFO  [d.f.a.antnet.AntMap] [] - Preparing
09:41:00.276 INFO  [d.f.a.antnet.AntMap] [] - Computing ant ways data
09:41:00.291 INFO  [d.f.a.antnet.AntMap] [] - 10 ant ways data computed, took 15 ms
09:41:00.291 INFO  [d.f.a.antnet.AntMap] [] - Computing nodes
09:41:00.291 INFO  [d.f.a.antnet.AntMap] [] - 12 nodes computed
09:41:00.291 INFO  [d.f.a.a.AntNodeSupervisor] [akka://AntScout/user/antScout/antNode] - Initializing
09:41:00.307 INFO  [d.f.a.a.AntNodeSupervisor] [akka://AntScout/user/antScout/antNode] - Initialized
09:41:00.307 INFO  [d.f.a.antnet.AntMap] [] - Computing ant ways
09:41:00.322 INFO  [d.f.a.antnet.AntMap] [] - Ant ways computed
09:41:00.322 INFO  [d.f.a.antnet.AntMap] [] - Computing incoming and outgoing ways
09:41:00.322 INFO  [d.f.a.antnet.AntMap] [] - Incoming and outgoing ways computed
09:41:00.322 INFO  [d.f.a.antnet.AntMap] [] - Computing sources and destinations
09:41:00.322 INFO  [d.f.a.antnet.AntMap] [] - 11 sources and 12 destinations computed, took 0 ms
09:41:00.322 INFO  [d.f.a.a.AntNodeSupervisor] [akka://AntScout/user/antScout/antNode] - Initializing nodes
09:41:00.338 INFO  [d.f.a.antnet.AntMap] [] - Calculating shortest paths
09:41:00.354 INFO  [d.f.a.antnet.AntMap] [] - Shortest paths calculated, took 16 ms
09:41:00.369 INFO  [d.f.a.a.AntNodeSupervisor] [akka://AntScout/user/antScout/antNode] - Nodes initialized
09:41:03.945 WARN  [d.f.a.c.Statistics] [] - Unknown message: CometName(statistics)
09:41:03.955 WARN  [d.f.a.c.UserInterface] [] - Unknown message: CometName(userInterface)
09:42:41.883 INFO  [b.liftweb.Boot] [] - Shutting down
09:42:41.898 ERROR [n.l.h.p.s.c.Servlet30AsyncProvider] [] - Servlet 3.0 Async: Couldn't resume thread
java.lang.NullPointerException: null
	at net.liftweb.http.provider.servlet.containers.Servlet30AsyncProvider.resume(Servlet30AsyncProvider.scala:114) ~[lift-webkit_2.9.2-2.5-M3.jar:2.5-M3]
	at net.liftweb.http.provider.servlet.HTTPRequestServlet.resume(HTTPRequestServlet.scala:163) [lift-webkit_2.9.2-2.5-M3.jar:2.5-M3]
	at net.liftweb.http.LiftServlet$$anonfun$15.apply(LiftServlet.scala:683) [lift-webkit_2.9.2-2.5-M3.jar:2.5-M3]
	at net.liftweb.http.LiftServlet$$anonfun$15.apply(LiftServlet.scala:683) [lift-webkit_2.9.2-2.5-M3.jar:2.5-M3]
	at net.liftweb.http.LiftServlet$ContinuationActor$$anonfun$messageHandler$1.apply(LiftServlet.scala:669) [lift-webkit_2.9.2-2.5-M3.jar:2.5-M3]
	at net.liftweb.http.LiftServlet$ContinuationActor$$anonfun$messageHandler$1.apply(LiftServlet.scala:651) [lift-webkit_2.9.2-2.5-M3.jar:2.5-M3]
	at net.liftweb.actor.LiftActor$class.execTranslate(LiftActor.scala:441) [lift-actor_2.9.2-2.5-M3.jar:2.5-M3]
	at net.liftweb.http.LiftServlet$ContinuationActor.execTranslate(LiftServlet.scala:644) [lift-webkit_2.9.2-2.5-M3.jar:2.5-M3]
	at net.liftweb.actor.SpecializedLiftActor$class.net$liftweb$actor$SpecializedLiftActor$$proc2(LiftActor.scala:289) [lift-actor_2.9.2-2.5-M3.jar:2.5-M3]
	at net.liftweb.actor.SpecializedLiftActor$$anonfun$net$liftweb$actor$SpecializedLiftActor$$processMailbox$1.apply$mcV$sp(LiftActor.scala:210) [lift-actor_2.9.2-2.5-M3.jar:2.5-M3]
	at net.liftweb.actor.SpecializedLiftActor$$anonfun$net$liftweb$actor$SpecializedLiftActor$$processMailbox$1.apply(LiftActor.scala:210) [lift-actor_2.9.2-2.5-M3.jar:2.5-M3]
	at net.liftweb.actor.SpecializedLiftActor$$anonfun$net$liftweb$actor$SpecializedLiftActor$$processMailbox$1.apply(LiftActor.scala:210) [lift-actor_2.9.2-2.5-M3.jar:2.5-M3]
	at net.liftweb.actor.SpecializedLiftActor$class.around(LiftActor.scala:224) [lift-actor_2.9.2-2.5-M3.jar:2.5-M3]
	at net.liftweb.http.LiftServlet$ContinuationActor.around(LiftServlet.scala:644) [lift-webkit_2.9.2-2.5-M3.jar:2.5-M3]
	at net.liftweb.actor.SpecializedLiftActor$class.net$liftweb$actor$SpecializedLiftActor$$processMailbox(LiftActor.scala:209) [lift-actor_2.9.2-2.5-M3.jar:2.5-M3]
	at net.liftweb.actor.SpecializedLiftActor$$anonfun$2$$anonfun$apply$mcV$sp$1.apply$mcV$sp(LiftActor.scala:173) [lift-actor_2.9.2-2.5-M3.jar:2.5-M3]
	at net.liftweb.actor.LAScheduler$$anonfun$9$$anon$2$$anon$3.run(LiftActor.scala:64) [lift-actor_2.9.2-2.5-M3.jar:2.5-M3]
	at java.util.concurrent.ThreadPoolExecutor.runWorker(ThreadPoolExecutor.java:1145) [na:1.7.0_21]
	at java.util.concurrent.ThreadPoolExecutor$Worker.run(ThreadPoolExecutor.java:615) [na:1.7.0_21]
	at java.lang.Thread.run(Thread.java:722) [na:1.7.0_21]
09:42:41.901 DEBUG [a.event.EventStream] [EventStream] - shutting down: StandardOutLogger started
09:48:34.393 INFO  [d.f.a.osm.OsmMap] [] - Loading file maps/Bahrenfeld-Gross-Flottbek-Othmarschen-Ottensen.osm
09:48:34.596 INFO  [d.f.a.osm.OsmMap] [] - Initializing
09:48:34.596 INFO  [d.f.a.osm.OsmMap] [] - Parsing nodes
09:48:34.674 INFO  [d.f.a.osm.OsmMap] [] - 2139 nodes parsed in 78 milliseconds
09:48:34.674 INFO  [d.f.a.osm.OsmMap] [] - Parsing ways
09:48:34.893 INFO  [d.f.a.osm.OsmMap] [] - 494 ways parsed in 219 milliseconds
09:48:34.893 INFO  [d.f.a.osm.OsmMap] [] - Computing node ways mapping
09:48:35.017 INFO  [d.f.a.osm.OsmMap] [] - Node ways mapping with 2139 elements computed, took 109 ms
09:48:35.017 INFO  [d.f.a.r.RoutingService] [akka://AntScout/user/antScout/routingService] - Initialized
09:48:35.017 INFO  [d.f.a.antnet.AntMap] [] - Preparing
09:48:35.049 INFO  [d.f.a.antnet.AntMap] [] - Computing ant ways data
09:48:35.111 INFO  [d.f.a.antnet.AntMap] [] - 151 ant ways data computed, took 62 ms
09:48:35.111 INFO  [d.f.a.antnet.AntMap] [] - Computing nodes
09:48:35.127 INFO  [d.f.a.antnet.AntMap] [] - 104 nodes computed
09:48:35.127 INFO  [d.f.a.a.AntNodeSupervisor] [akka://AntScout/user/antScout/antNode] - Initializing
09:48:35.127 INFO  [d.f.a.a.AntNodeSupervisor] [akka://AntScout/user/antScout/antNode] - Initialized
09:48:35.127 INFO  [d.f.a.antnet.AntMap] [] - Computing ant ways
09:48:35.173 INFO  [d.f.a.antnet.AntMap] [] - Ant ways computed
09:48:35.173 INFO  [d.f.a.antnet.AntMap] [] - Computing incoming and outgoing ways
09:48:35.189 INFO  [d.f.a.antnet.AntMap] [] - Incoming and outgoing ways computed
09:48:35.189 INFO  [d.f.a.antnet.AntMap] [] - Computing sources and destinations
09:48:35.189 INFO  [d.f.a.antnet.AntMap] [] - 99 sources and 100 destinations computed, took 0 ms
09:48:35.189 INFO  [d.f.a.a.AntNodeSupervisor] [akka://AntScout/user/antScout/antNode] - Initializing nodes
09:48:35.314 INFO  [d.f.a.antnet.AntMap] [] - Calculating shortest paths
09:48:35.517 INFO  [d.f.a.antnet.AntMap] [] - Shortest paths calculated, took 203 ms
09:48:35.782 INFO  [d.f.a.a.AntNodeSupervisor] [akka://AntScout/user/antScout/antNode] - Nodes initialized
10:00:47.256 INFO  [d.f.a.osm.OsmMap] [] - Loading file maps/Bahrenfeld-Gross-Flottbek-Othmarschen-Ottensen.osm
10:00:47.458 INFO  [d.f.a.osm.OsmMap] [] - Initializing
10:00:47.458 INFO  [d.f.a.osm.OsmMap] [] - Parsing nodes
10:00:47.536 INFO  [d.f.a.osm.OsmMap] [] - 2139 nodes parsed in 78 milliseconds
10:00:47.536 INFO  [d.f.a.osm.OsmMap] [] - Parsing ways
10:00:47.755 INFO  [d.f.a.osm.OsmMap] [] - 494 ways parsed in 219 milliseconds
10:00:47.755 INFO  [d.f.a.osm.OsmMap] [] - Computing node ways mapping
10:00:47.880 INFO  [d.f.a.osm.OsmMap] [] - Node ways mapping with 2139 elements computed, took 110 ms
10:00:47.880 INFO  [d.f.a.r.RoutingService] [akka://AntScout/user/antScout/routingService] - Initialized
10:00:47.895 INFO  [d.f.a.antnet.AntMap] [] - Preparing
10:00:47.926 INFO  [d.f.a.antnet.AntMap] [] - Computing ant ways data
10:00:47.989 INFO  [d.f.a.antnet.AntMap] [] - 151 ant ways data computed, took 63 ms
10:00:47.989 INFO  [d.f.a.antnet.AntMap] [] - Computing nodes
10:00:47.989 INFO  [d.f.a.antnet.AntMap] [] - 104 nodes computed
10:00:47.989 INFO  [d.f.a.a.AntNodeSupervisor] [akka://AntScout/user/antScout/antNode] - Initializing
10:00:48.004 INFO  [d.f.a.a.AntNodeSupervisor] [akka://AntScout/user/antScout/antNode] - Initialized
10:00:48.004 INFO  [d.f.a.antnet.AntMap] [] - Computing ant ways
10:00:48.051 INFO  [d.f.a.antnet.AntMap] [] - Ant ways computed
10:00:48.051 INFO  [d.f.a.antnet.AntMap] [] - Computing incoming and outgoing ways
10:00:48.067 INFO  [d.f.a.antnet.AntMap] [] - Incoming and outgoing ways computed
10:00:48.067 INFO  [d.f.a.antnet.AntMap] [] - Computing sources and destinations
10:00:48.067 INFO  [d.f.a.antnet.AntMap] [] - 99 sources and 100 destinations computed, took 0 ms
10:00:48.067 INFO  [d.f.a.a.AntNodeSupervisor] [akka://AntScout/user/antScout/antNode] - Initializing nodes
10:00:48.207 INFO  [d.f.a.antnet.AntMap] [] - Calculating shortest paths
10:00:48.441 INFO  [d.f.a.antnet.AntMap] [] - Shortest paths calculated, took 218 ms
10:00:48.753 INFO  [d.f.a.a.AntNodeSupervisor] [akka://AntScout/user/antScout/antNode] - Nodes initialized
10:01:12.306 INFO  [b.liftweb.Boot] [] - Shutting down
10:01:12.322 DEBUG [a.event.EventStream] [EventStream] - shutting down: StandardOutLogger started
10:02:08.390 INFO  [d.f.a.osm.OsmMap] [] - Loading file maps/Map.osm
10:02:08.671 INFO  [d.f.a.osm.OsmMap] [] - Initializing
10:02:08.671 INFO  [d.f.a.osm.OsmMap] [] - Parsing nodes
10:02:08.780 INFO  [d.f.a.osm.OsmMap] [] - 7184 nodes parsed in 109 milliseconds
10:02:08.780 INFO  [d.f.a.osm.OsmMap] [] - Parsing ways
10:02:10.013 INFO  [d.f.a.osm.OsmMap] [] - 1384 ways parsed in 1233 milliseconds
10:02:10.013 INFO  [d.f.a.osm.OsmMap] [] - Computing node ways mapping
10:02:10.247 INFO  [d.f.a.osm.OsmMap] [] - Node ways mapping with 7184 elements computed, took 203 ms
10:02:10.247 INFO  [d.f.a.r.RoutingService] [akka://AntScout/user/antScout/routingService] - Initialized
10:02:10.247 INFO  [d.f.a.antnet.AntMap] [] - Preparing
10:02:10.278 INFO  [d.f.a.antnet.AntMap] [] - Computing ant ways data
10:02:10.294 INFO  [d.f.a.antnet.AntMap] [] - 10 ant ways data computed, took 16 ms
10:02:10.294 INFO  [d.f.a.antnet.AntMap] [] - Computing nodes
10:02:10.294 INFO  [d.f.a.antnet.AntMap] [] - 12 nodes computed
10:02:10.309 INFO  [d.f.a.a.AntNodeSupervisor] [akka://AntScout/user/antScout/antNode] - Initializing
10:02:10.309 INFO  [d.f.a.a.AntNodeSupervisor] [akka://AntScout/user/antScout/antNode] - Initialized
10:02:10.309 INFO  [d.f.a.antnet.AntMap] [] - Computing ant ways
10:02:10.325 INFO  [d.f.a.antnet.AntMap] [] - Ant ways computed
10:02:10.325 INFO  [d.f.a.antnet.AntMap] [] - Computing incoming and outgoing ways
10:02:10.325 INFO  [d.f.a.antnet.AntMap] [] - Incoming and outgoing ways computed
10:02:10.325 INFO  [d.f.a.antnet.AntMap] [] - Computing sources and destinations
10:02:10.325 INFO  [d.f.a.antnet.AntMap] [] - 11 sources and 12 destinations computed, took 0 ms
10:02:10.325 INFO  [d.f.a.a.AntNodeSupervisor] [akka://AntScout/user/antScout/antNode] - Initializing nodes
10:02:10.340 INFO  [d.f.a.antnet.AntMap] [] - Calculating shortest paths
10:02:10.356 INFO  [d.f.a.antnet.AntMap] [] - Shortest paths calculated, took 16 ms
10:02:10.372 INFO  [d.f.a.a.AntNodeSupervisor] [akka://AntScout/user/antScout/antNode] - Nodes initialized
10:02:22.553 WARN  [d.f.a.c.Statistics] [] - Unknown message: CometName(statistics)
10:02:22.562 WARN  [d.f.a.c.UserInterface] [] - Unknown message: CometName(userInterface)
10:02:30.118 INFO  [b.liftweb.Boot] [] - Shutting down
10:02:30.159 DEBUG [a.event.EventStream] [EventStream] - shutting down: StandardOutLogger started
10:02:30.165 ERROR [n.l.h.p.s.c.Servlet30AsyncProvider] [] - Servlet 3.0 Async: Couldn't resume thread
java.lang.NullPointerException: null
	at net.liftweb.http.provider.servlet.containers.Servlet30AsyncProvider.resume(Servlet30AsyncProvider.scala:114) ~[lift-webkit_2.9.2-2.5-M3.jar:2.5-M3]
	at net.liftweb.http.provider.servlet.HTTPRequestServlet.resume(HTTPRequestServlet.scala:163) [lift-webkit_2.9.2-2.5-M3.jar:2.5-M3]
	at net.liftweb.http.LiftServlet$$anonfun$15.apply(LiftServlet.scala:683) [lift-webkit_2.9.2-2.5-M3.jar:2.5-M3]
	at net.liftweb.http.LiftServlet$$anonfun$15.apply(LiftServlet.scala:683) [lift-webkit_2.9.2-2.5-M3.jar:2.5-M3]
	at net.liftweb.http.LiftServlet$ContinuationActor$$anonfun$messageHandler$1.apply(LiftServlet.scala:669) [lift-webkit_2.9.2-2.5-M3.jar:2.5-M3]
	at net.liftweb.http.LiftServlet$ContinuationActor$$anonfun$messageHandler$1.apply(LiftServlet.scala:651) [lift-webkit_2.9.2-2.5-M3.jar:2.5-M3]
	at net.liftweb.actor.LiftActor$class.execTranslate(LiftActor.scala:441) [lift-actor_2.9.2-2.5-M3.jar:2.5-M3]
	at net.liftweb.http.LiftServlet$ContinuationActor.execTranslate(LiftServlet.scala:644) [lift-webkit_2.9.2-2.5-M3.jar:2.5-M3]
	at net.liftweb.actor.SpecializedLiftActor$class.net$liftweb$actor$SpecializedLiftActor$$proc2(LiftActor.scala:289) [lift-actor_2.9.2-2.5-M3.jar:2.5-M3]
	at net.liftweb.actor.SpecializedLiftActor$$anonfun$net$liftweb$actor$SpecializedLiftActor$$processMailbox$1.apply$mcV$sp(LiftActor.scala:210) [lift-actor_2.9.2-2.5-M3.jar:2.5-M3]
	at net.liftweb.actor.SpecializedLiftActor$$anonfun$net$liftweb$actor$SpecializedLiftActor$$processMailbox$1.apply(LiftActor.scala:210) [lift-actor_2.9.2-2.5-M3.jar:2.5-M3]
	at net.liftweb.actor.SpecializedLiftActor$$anonfun$net$liftweb$actor$SpecializedLiftActor$$processMailbox$1.apply(LiftActor.scala:210) [lift-actor_2.9.2-2.5-M3.jar:2.5-M3]
	at net.liftweb.actor.SpecializedLiftActor$class.around(LiftActor.scala:224) [lift-actor_2.9.2-2.5-M3.jar:2.5-M3]
	at net.liftweb.http.LiftServlet$ContinuationActor.around(LiftServlet.scala:644) [lift-webkit_2.9.2-2.5-M3.jar:2.5-M3]
	at net.liftweb.actor.SpecializedLiftActor$class.net$liftweb$actor$SpecializedLiftActor$$processMailbox(LiftActor.scala:209) [lift-actor_2.9.2-2.5-M3.jar:2.5-M3]
	at net.liftweb.actor.SpecializedLiftActor$$anonfun$2$$anonfun$apply$mcV$sp$1.apply$mcV$sp(LiftActor.scala:173) [lift-actor_2.9.2-2.5-M3.jar:2.5-M3]
	at net.liftweb.actor.LAScheduler$$anonfun$9$$anon$2$$anon$3.run(LiftActor.scala:64) [lift-actor_2.9.2-2.5-M3.jar:2.5-M3]
	at java.util.concurrent.ThreadPoolExecutor.runWorker(ThreadPoolExecutor.java:1145) [na:1.7.0_21]
	at java.util.concurrent.ThreadPoolExecutor$Worker.run(ThreadPoolExecutor.java:615) [na:1.7.0_21]
	at java.lang.Thread.run(Thread.java:722) [na:1.7.0_21]
