10:14:03.956 INFO  [d.f.a.osm.OsmMap] [] - Loading file maps/Map.osm
10:14:04.276 INFO  [d.f.a.osm.OsmMap] [] - Initializing
10:14:04.296 INFO  [d.f.a.osm.OsmMap] [] - Parsing nodes
10:14:04.546 INFO  [d.f.a.osm.OsmMap] [] - 7184 nodes parsed in 210 milliseconds
10:14:04.546 INFO  [d.f.a.osm.OsmMap] [] - Parsing ways
10:14:05.963 INFO  [d.f.a.osm.OsmMap] [] - 1384 ways parsed in 1417 milliseconds
10:14:06.033 INFO  [d.f.a.osm.OsmMap] [] - Computing node ways mapping
10:14:06.333 INFO  [d.f.a.osm.OsmMap] [] - Node ways mapping with 7184 elements computed, took 220 ms
10:14:06.343 INFO  [d.f.a.r.RoutingService] [akka://AntScout/user/antScout/routingService] - Initialized
10:14:06.450 INFO  [d.f.a.antnet.AntMap] [] - Preparing
10:14:06.537 INFO  [d.f.a.antnet.AntMap] [] - Computing ant ways data
10:14:06.707 INFO  [d.f.a.antnet.AntMap] [] - 10 ant ways data computed, took 163 ms
10:14:06.709 INFO  [d.f.a.antnet.AntMap] [] - Computing nodes
10:14:06.716 INFO  [d.f.a.antnet.AntMap] [] - 12 nodes computed
10:14:06.724 INFO  [d.f.a.a.AntNodeSupervisor] [akka://AntScout/user/antScout/antNode] - Initializing
10:14:06.756 INFO  [d.f.a.a.AntNodeSupervisor] [akka://AntScout/user/antScout/antNode] - Initialized
10:14:06.762 INFO  [d.f.a.antnet.AntMap] [] - Computing ant ways
10:14:06.838 INFO  [d.f.a.antnet.AntMap] [] - Ant ways computed
10:14:06.846 INFO  [d.f.a.antnet.AntMap] [] - Computing incoming and outgoing ways
10:14:06.859 INFO  [d.f.a.antnet.AntMap] [] - Incoming and outgoing ways computed
10:14:06.861 INFO  [d.f.a.antnet.AntMap] [] - Computing sources and destinations
10:14:06.870 INFO  [d.f.a.antnet.AntMap] [] - 11 sources and 12 destinations computed, took 4 ms
10:14:06.891 INFO  [d.f.a.a.AntNodeSupervisor] [akka://AntScout/user/antScout/antNode] - Initializing nodes
10:14:06.974 INFO  [d.f.a.antnet.AntMap] [] - Calculating shortest paths
10:14:07.201 INFO  [d.f.a.antnet.AntMap] [] - Shortest paths calculated, took 157 ms
10:14:07.286 INFO  [d.f.a.a.AntNodeSupervisor] [akka://AntScout/user/antScout/antNode] - Nodes initialized
10:14:13.517 WARN  [d.f.a.c.Statistics] [] - Unknown message: CometName(statistics)
10:14:13.612 WARN  [d.f.a.c.UserInterface] [] - Unknown message: CometName(userInterface)
10:21:24.785 WARN  [d.f.a.c.Statistics] [] - Unknown message: CometName(statistics)
10:21:24.786 WARN  [d.f.a.c.UserInterface] [] - Unknown message: CometName(userInterface)
10:21:28.108 WARN  [d.f.a.c.Statistics] [] - Unknown message: CometName(statistics)
10:21:28.110 WARN  [d.f.a.c.UserInterface] [] - Unknown message: CometName(userInterface)
10:34:28.035 WARN  [d.f.a.c.Statistics] [] - Unknown message: CometName(statistics)
10:34:28.037 WARN  [d.f.a.c.UserInterface] [] - Unknown message: CometName(userInterface)
10:55:12.825 WARN  [d.f.a.c.Statistics] [] - Unknown message: CometName(statistics)
10:55:12.826 WARN  [d.f.a.c.UserInterface] [] - Unknown message: CometName(userInterface)
10:55:47.620 INFO  [b.liftweb.Boot] [] - Shutting down
10:55:47.646 DEBUG [a.event.EventStream] [EventStream] - shutting down: StandardOutLogger started
10:55:50.688 INFO  [d.f.a.osm.OsmMap] [] - Loading file maps/Map.osm
10:55:50.795 INFO  [d.f.a.osm.OsmMap] [] - Initializing
10:55:50.797 INFO  [d.f.a.osm.OsmMap] [] - Parsing nodes
10:55:50.833 INFO  [d.f.a.osm.OsmMap] [] - 7184 nodes parsed in 34 milliseconds
10:55:50.834 INFO  [d.f.a.osm.OsmMap] [] - Parsing ways
10:55:52.218 INFO  [d.f.a.osm.OsmMap] [] - 1384 ways parsed in 1337 milliseconds
10:55:52.218 INFO  [d.f.a.osm.OsmMap] [] - Computing node ways mapping
10:55:52.308 INFO  [d.f.a.osm.OsmMap] [] - Node ways mapping with 7184 elements computed, took 72 ms
10:55:52.310 INFO  [d.f.a.r.RoutingService] [akka://AntScout/user/antScout/routingService] - Initialized
10:55:52.314 INFO  [d.f.a.antnet.AntMap] [] - Preparing
10:55:52.331 INFO  [d.f.a.antnet.AntMap] [] - Computing ant ways data
10:55:52.349 INFO  [d.f.a.antnet.AntMap] [] - 10 ant ways data computed, took 16 ms
10:55:52.350 INFO  [d.f.a.antnet.AntMap] [] - Computing nodes
10:55:52.350 INFO  [d.f.a.antnet.AntMap] [] - 12 nodes computed
10:55:52.352 INFO  [d.f.a.a.AntNodeSupervisor] [akka://AntScout/user/antScout/antNode] - Initializing
10:55:52.357 INFO  [d.f.a.a.AntNodeSupervisor] [akka://AntScout/user/antScout/antNode] - Initialized
10:55:52.358 INFO  [d.f.a.antnet.AntMap] [] - Computing ant ways
10:55:52.384 INFO  [d.f.a.antnet.AntMap] [] - Ant ways computed
10:55:52.385 INFO  [d.f.a.antnet.AntMap] [] - Computing incoming and outgoing ways
10:55:52.387 INFO  [d.f.a.antnet.AntMap] [] - Incoming and outgoing ways computed
10:55:52.388 INFO  [d.f.a.antnet.AntMap] [] - Computing sources and destinations
10:55:52.389 INFO  [d.f.a.antnet.AntMap] [] - 11 sources and 12 destinations computed, took 1 ms
10:55:52.390 INFO  [d.f.a.a.AntNodeSupervisor] [akka://AntScout/user/antScout/antNode] - Initializing nodes
10:55:52.401 INFO  [d.f.a.antnet.AntMap] [] - Calculating shortest paths
10:55:52.422 INFO  [d.f.a.antnet.AntMap] [] - Shortest paths calculated, took 19 ms
10:55:52.435 INFO  [d.f.a.a.AntNodeSupervisor] [akka://AntScout/user/antScout/antNode] - Nodes initialized
10:55:53.268 WARN  [d.f.a.c.Statistics] [] - Unknown message: CometName(statistics)
10:55:53.280 WARN  [d.f.a.c.UserInterface] [] - Unknown message: CometName(userInterface)
10:55:56.020 WARN  [d.f.a.c.Statistics] [] - Unknown message: CometName(statistics)
10:55:56.022 WARN  [d.f.a.c.UserInterface] [] - Unknown message: CometName(userInterface)
10:55:58.960 WARN  [d.f.a.c.Statistics] [] - Unknown message: CometName(statistics)
10:55:58.964 WARN  [d.f.a.c.UserInterface] [] - Unknown message: CometName(userInterface)
10:57:17.616 WARN  [d.f.a.c.Statistics] [] - Unknown message: CometName(statistics)
10:57:17.618 WARN  [d.f.a.c.UserInterface] [] - Unknown message: CometName(userInterface)
10:59:01.337 WARN  [d.f.a.c.Statistics] [] - Unknown message: CometName(statistics)
10:59:01.338 WARN  [d.f.a.c.UserInterface] [] - Unknown message: CometName(userInterface)
