09:34:09.426 INFO  [d.f.a.osm.OsmMap] [] - Loading file maps/Bahrenfeld-Gross-Flottbek-Othmarschen-Ottensen.osm
09:34:09.888 INFO  [d.f.a.osm.OsmMap] [] - Initializing
09:34:09.928 INFO  [d.f.a.osm.OsmMap] [] - Parsing nodes
09:34:10.670 INFO  [d.f.a.osm.OsmMap] [] - 2139 nodes parsed in 644 milliseconds
09:34:10.713 INFO  [d.f.a.osm.OsmMap] [] - Parsing ways
09:34:12.050 INFO  [d.f.a.osm.OsmMap] [] - 494 ways parsed in 1263 milliseconds
09:34:12.071 INFO  [d.f.a.osm.OsmMap] [] - Computing node ways mapping
09:34:12.865 INFO  [d.f.a.osm.OsmMap] [] - Node ways mapping with 2139 elements computed, took 600 ms
09:34:12.962 INFO  [d.f.a.r.RoutingService] [akka://AntScout/user/antScout/routingService] - Initialized
09:34:13.143 INFO  [d.f.a.antnet.AntMap] [] - Preparing
09:34:13.358 INFO  [d.f.a.antnet.AntMap] [] - Computing ant ways data
09:34:14.167 INFO  [d.f.a.antnet.AntMap] [] - 151 ant ways data computed, took 761 ms
09:34:14.175 INFO  [d.f.a.antnet.AntMap] [] - Computing nodes
09:34:14.238 INFO  [d.f.a.antnet.AntMap] [] - 104 nodes computed
09:34:14.422 INFO  [d.f.a.a.AntNodeSupervisor] [akka://AntScout/user/antScout/antNode] - Initializing
09:34:14.810 INFO  [d.f.a.a.AntNodeSupervisor] [akka://AntScout/user/antScout/antNode] - Initialized
09:34:14.910 INFO  [d.f.a.antnet.AntMap] [] - Computing ant ways
09:34:15.731 INFO  [d.f.a.antnet.AntMap] [] - Ant ways computed
09:34:15.895 INFO  [d.f.a.antnet.AntMap] [] - Computing incoming and outgoing ways
09:34:16.298 INFO  [d.f.a.antnet.AntMap] [] - Incoming and outgoing ways computed
09:34:16.319 INFO  [d.f.a.antnet.AntMap] [] - Computing sources and destinations
09:34:16.395 INFO  [d.f.a.antnet.AntMap] [] - 99 sources and 100 destinations computed, took 29 ms
09:34:16.445 INFO  [d.f.a.a.AntNodeSupervisor] [akka://AntScout/user/antScout/antNode] - Initializing nodes
09:34:17.086 INFO  [d.f.a.antnet.AntMap] [] - Calculating shortest paths
09:34:18.505 INFO  [d.f.a.antnet.AntMap] [] - Shortest paths calculated, took 1245 ms
09:34:19.592 INFO  [d.f.a.a.AntNodeSupervisor] [akka://AntScout/user/antScout/antNode] - Nodes initialized
09:34:51.121 WARN  [d.f.a.c.Statistics] [] - Unknown message: CometName(statistics)
09:34:52.240 WARN  [d.f.a.c.UserInterface] [] - Unknown message: CometName(userInterface)
