13:10:21.606 INFO  [d.f.a.osm.OsmMap] [] - Loading file maps/Map.osm
13:10:21.876 INFO  [d.f.a.osm.OsmMap] [] - Initializing
13:10:21.886 INFO  [d.f.a.osm.OsmMap] [] - Parsing nodes
13:10:22.096 INFO  [d.f.a.osm.OsmMap] [] - 7184 nodes parsed in 190 milliseconds
13:10:22.096 INFO  [d.f.a.osm.OsmMap] [] - Parsing ways
13:10:23.476 INFO  [d.f.a.osm.OsmMap] [] - 1384 ways parsed in 1380 milliseconds
13:10:23.496 INFO  [d.f.a.osm.OsmMap] [] - Computing node ways mapping
13:10:24.172 INFO  [d.f.a.osm.OsmMap] [] - Node ways mapping with 7184 elements computed, took 480 ms
13:10:24.184 INFO  [d.f.a.r.RoutingService] [akka://AntScout/user/antScout/routingService] - Initialized
13:10:24.229 INFO  [d.f.a.antnet.AntMap] [] - Preparing
13:10:24.352 INFO  [d.f.a.antnet.AntMap] [] - Computing ant ways data
13:10:24.543 INFO  [d.f.a.antnet.AntMap] [] - 10 ant ways data computed, took 185 ms
13:10:24.545 INFO  [d.f.a.antnet.AntMap] [] - Computing nodes
13:10:24.550 INFO  [d.f.a.antnet.AntMap] [] - 12 nodes computed
13:10:24.559 INFO  [d.f.a.a.AntNodeSupervisor] [akka://AntScout/user/antScout/antNode] - Initializing
13:10:24.596 INFO  [d.f.a.a.AntNodeSupervisor] [akka://AntScout/user/antScout/antNode] - Initialized
13:10:24.610 INFO  [d.f.a.antnet.AntMap] [] - Computing ant ways
13:10:24.696 INFO  [d.f.a.antnet.AntMap] [] - Ant ways computed
13:10:24.704 INFO  [d.f.a.antnet.AntMap] [] - Computing incoming and outgoing ways
13:10:24.718 INFO  [d.f.a.antnet.AntMap] [] - Incoming and outgoing ways computed
13:10:24.720 INFO  [d.f.a.antnet.AntMap] [] - Computing sources and destinations
13:10:24.743 INFO  [d.f.a.antnet.AntMap] [] - 11 sources and 12 destinations computed, took 3 ms
13:10:24.749 INFO  [d.f.a.a.AntNodeSupervisor] [akka://AntScout/user/antScout/antNode] - Initializing nodes
13:10:24.825 INFO  [d.f.a.antnet.AntMap] [] - Calculating shortest paths
13:10:25.037 INFO  [d.f.a.antnet.AntMap] [] - Shortest paths calculated, took 147 ms
13:10:25.108 INFO  [d.f.a.a.AntNodeSupervisor] [akka://AntScout/user/antScout/antNode] - Nodes initialized
13:10:28.629 WARN  [d.f.a.c.Statistics] [] - Unknown message: CometName(statistics)
13:10:28.710 WARN  [d.f.a.c.UserInterface] [] - Unknown message: CometName(userInterface)
13:11:07.988 INFO  [b.liftweb.Boot] [] - Shutting down
13:11:08.008 DEBUG [a.event.EventStream] [EventStream] - shutting down: StandardOutLogger started
13:12:37.683 INFO  [d.f.a.osm.OsmMap] [] - Loading file maps/Map.osm
13:12:37.753 INFO  [d.f.a.osm.OsmMap] [] - Initializing
13:12:37.753 INFO  [d.f.a.osm.OsmMap] [] - Parsing nodes
13:12:37.783 INFO  [d.f.a.osm.OsmMap] [] - 7184 nodes parsed in 30 milliseconds
13:12:37.783 INFO  [d.f.a.osm.OsmMap] [] - Parsing ways
13:12:39.203 INFO  [d.f.a.osm.OsmMap] [] - 1384 ways parsed in 1410 milliseconds
13:12:39.203 INFO  [d.f.a.osm.OsmMap] [] - Computing node ways mapping
13:12:39.283 INFO  [d.f.a.osm.OsmMap] [] - Node ways mapping with 7184 elements computed, took 60 ms
13:12:39.283 INFO  [d.f.a.r.RoutingService] [akka://AntScout/user/antScout/routingService] - Initialized
13:12:39.293 INFO  [d.f.a.antnet.AntMap] [] - Preparing
13:12:39.303 INFO  [d.f.a.antnet.AntMap] [] - Computing ant ways data
13:12:39.323 INFO  [d.f.a.antnet.AntMap] [] - 10 ant ways data computed, took 20 ms
13:12:39.323 INFO  [d.f.a.antnet.AntMap] [] - Computing nodes
13:12:39.323 INFO  [d.f.a.antnet.AntMap] [] - 12 nodes computed
13:12:39.323 INFO  [d.f.a.a.AntNodeSupervisor] [akka://AntScout/user/antScout/antNode] - Initializing
13:12:39.323 INFO  [d.f.a.a.AntNodeSupervisor] [akka://AntScout/user/antScout/antNode] - Initialized
13:12:39.323 INFO  [d.f.a.antnet.AntMap] [] - Computing ant ways
13:12:39.343 INFO  [d.f.a.antnet.AntMap] [] - Ant ways computed
13:12:39.343 INFO  [d.f.a.antnet.AntMap] [] - Computing incoming and outgoing ways
13:12:39.353 INFO  [d.f.a.antnet.AntMap] [] - Incoming and outgoing ways computed
13:12:39.353 INFO  [d.f.a.antnet.AntMap] [] - Computing sources and destinations
13:12:39.353 INFO  [d.f.a.antnet.AntMap] [] - 11 sources and 12 destinations computed, took 0 ms
13:12:39.353 INFO  [d.f.a.a.AntNodeSupervisor] [akka://AntScout/user/antScout/antNode] - Initializing nodes
13:12:39.363 INFO  [d.f.a.antnet.AntMap] [] - Calculating shortest paths
13:12:39.383 INFO  [d.f.a.antnet.AntMap] [] - Shortest paths calculated, took 20 ms
13:12:39.393 INFO  [d.f.a.a.AntNodeSupervisor] [akka://AntScout/user/antScout/antNode] - Nodes initialized
13:12:44.437 WARN  [d.f.a.c.Statistics] [] - Unknown message: CometName(statistics)
13:12:44.446 WARN  [d.f.a.c.UserInterface] [] - Unknown message: CometName(userInterface)
13:12:49.348 WARN  [d.f.a.c.Statistics] [] - Unknown message: CometName(statistics)
13:12:49.350 WARN  [d.f.a.c.UserInterface] [] - Unknown message: CometName(userInterface)
13:12:53.361 INFO  [b.liftweb.Boot] [] - Shutting down
13:12:53.373 ERROR [n.l.h.p.s.c.Servlet30AsyncProvider] [] - Servlet 3.0 Async: Couldn't resume thread
java.lang.NullPointerException: null
	at net.liftweb.http.provider.servlet.containers.Servlet30AsyncProvider.resume(Servlet30AsyncProvider.scala:114) ~[lift-webkit_2.9.2-2.5-M3.jar:2.5-M3]
	at net.liftweb.http.provider.servlet.HTTPRequestServlet.resume(HTTPRequestServlet.scala:163) [lift-webkit_2.9.2-2.5-M3.jar:2.5-M3]
	at net.liftweb.http.LiftServlet$$anonfun$15.apply(LiftServlet.scala:683) [lift-webkit_2.9.2-2.5-M3.jar:2.5-M3]
	at net.liftweb.http.LiftServlet$$anonfun$15.apply(LiftServlet.scala:683) [lift-webkit_2.9.2-2.5-M3.jar:2.5-M3]
	at net.liftweb.http.LiftServlet$ContinuationActor$$anonfun$messageHandler$1.apply(LiftServlet.scala:669) [lift-webkit_2.9.2-2.5-M3.jar:2.5-M3]
	at net.liftweb.http.LiftServlet$ContinuationActor$$anonfun$messageHandler$1.apply(LiftServlet.scala:651) [lift-webkit_2.9.2-2.5-M3.jar:2.5-M3]
	at net.liftweb.actor.LiftActor$class.execTranslate(LiftActor.scala:441) [lift-actor_2.9.2-2.5-M3.jar:2.5-M3]
	at net.liftweb.http.LiftServlet$ContinuationActor.execTranslate(LiftServlet.scala:644) [lift-webkit_2.9.2-2.5-M3.jar:2.5-M3]
	at net.liftweb.actor.SpecializedLiftActor$class.net$liftweb$actor$SpecializedLiftActor$$proc2(LiftActor.scala:289) [lift-actor_2.9.2-2.5-M3.jar:2.5-M3]
	at net.liftweb.actor.SpecializedLiftActor$$anonfun$net$liftweb$actor$SpecializedLiftActor$$processMailbox$1.apply$mcV$sp(LiftActor.scala:210) [lift-actor_2.9.2-2.5-M3.jar:2.5-M3]
	at net.liftweb.actor.SpecializedLiftActor$$anonfun$net$liftweb$actor$SpecializedLiftActor$$processMailbox$1.apply(LiftActor.scala:210) [lift-actor_2.9.2-2.5-M3.jar:2.5-M3]
	at net.liftweb.actor.SpecializedLiftActor$$anonfun$net$liftweb$actor$SpecializedLiftActor$$processMailbox$1.apply(LiftActor.scala:210) [lift-actor_2.9.2-2.5-M3.jar:2.5-M3]
	at net.liftweb.actor.SpecializedLiftActor$class.around(LiftActor.scala:224) [lift-actor_2.9.2-2.5-M3.jar:2.5-M3]
	at net.liftweb.http.LiftServlet$ContinuationActor.around(LiftServlet.scala:644) [lift-webkit_2.9.2-2.5-M3.jar:2.5-M3]
	at net.liftweb.actor.SpecializedLiftActor$class.net$liftweb$actor$SpecializedLiftActor$$processMailbox(LiftActor.scala:209) [lift-actor_2.9.2-2.5-M3.jar:2.5-M3]
	at net.liftweb.actor.SpecializedLiftActor$$anonfun$2$$anonfun$apply$mcV$sp$1.apply$mcV$sp(LiftActor.scala:173) [lift-actor_2.9.2-2.5-M3.jar:2.5-M3]
	at net.liftweb.actor.LAScheduler$$anonfun$9$$anon$2$$anon$3.run(LiftActor.scala:64) [lift-actor_2.9.2-2.5-M3.jar:2.5-M3]
	at java.util.concurrent.ThreadPoolExecutor.runWorker(ThreadPoolExecutor.java:1145) [na:1.7.0_21]
	at java.util.concurrent.ThreadPoolExecutor$Worker.run(ThreadPoolExecutor.java:615) [na:1.7.0_21]
	at java.lang.Thread.run(Thread.java:722) [na:1.7.0_21]
13:12:53.373 ERROR [n.l.h.p.s.c.Servlet30AsyncProvider] [] - Servlet 3.0 Async: Couldn't resume thread
java.lang.NullPointerException: null
	at net.liftweb.http.provider.servlet.containers.Servlet30AsyncProvider.resume(Servlet30AsyncProvider.scala:114) ~[lift-webkit_2.9.2-2.5-M3.jar:2.5-M3]
	at net.liftweb.http.provider.servlet.HTTPRequestServlet.resume(HTTPRequestServlet.scala:163) [lift-webkit_2.9.2-2.5-M3.jar:2.5-M3]
	at net.liftweb.http.LiftServlet$$anonfun$15.apply(LiftServlet.scala:683) [lift-webkit_2.9.2-2.5-M3.jar:2.5-M3]
	at net.liftweb.http.LiftServlet$$anonfun$15.apply(LiftServlet.scala:683) [lift-webkit_2.9.2-2.5-M3.jar:2.5-M3]
	at net.liftweb.http.LiftServlet$ContinuationActor$$anonfun$messageHandler$1.apply(LiftServlet.scala:669) [lift-webkit_2.9.2-2.5-M3.jar:2.5-M3]
	at net.liftweb.http.LiftServlet$ContinuationActor$$anonfun$messageHandler$1.apply(LiftServlet.scala:651) [lift-webkit_2.9.2-2.5-M3.jar:2.5-M3]
	at net.liftweb.actor.LiftActor$class.execTranslate(LiftActor.scala:441) [lift-actor_2.9.2-2.5-M3.jar:2.5-M3]
	at net.liftweb.http.LiftServlet$ContinuationActor.execTranslate(LiftServlet.scala:644) [lift-webkit_2.9.2-2.5-M3.jar:2.5-M3]
	at net.liftweb.actor.SpecializedLiftActor$class.net$liftweb$actor$SpecializedLiftActor$$proc2(LiftActor.scala:289) [lift-actor_2.9.2-2.5-M3.jar:2.5-M3]
	at net.liftweb.actor.SpecializedLiftActor$$anonfun$net$liftweb$actor$SpecializedLiftActor$$processMailbox$1.apply$mcV$sp(LiftActor.scala:210) [lift-actor_2.9.2-2.5-M3.jar:2.5-M3]
	at net.liftweb.actor.SpecializedLiftActor$$anonfun$net$liftweb$actor$SpecializedLiftActor$$processMailbox$1.apply(LiftActor.scala:210) [lift-actor_2.9.2-2.5-M3.jar:2.5-M3]
	at net.liftweb.actor.SpecializedLiftActor$$anonfun$net$liftweb$actor$SpecializedLiftActor$$processMailbox$1.apply(LiftActor.scala:210) [lift-actor_2.9.2-2.5-M3.jar:2.5-M3]
	at net.liftweb.actor.SpecializedLiftActor$class.around(LiftActor.scala:224) [lift-actor_2.9.2-2.5-M3.jar:2.5-M3]
	at net.liftweb.http.LiftServlet$ContinuationActor.around(LiftServlet.scala:644) [lift-webkit_2.9.2-2.5-M3.jar:2.5-M3]
	at net.liftweb.actor.SpecializedLiftActor$class.net$liftweb$actor$SpecializedLiftActor$$processMailbox(LiftActor.scala:209) [lift-actor_2.9.2-2.5-M3.jar:2.5-M3]
	at net.liftweb.actor.SpecializedLiftActor$$anonfun$2$$anonfun$apply$mcV$sp$1.apply$mcV$sp(LiftActor.scala:173) [lift-actor_2.9.2-2.5-M3.jar:2.5-M3]
	at net.liftweb.actor.LAScheduler$$anonfun$9$$anon$2$$anon$3.run(LiftActor.scala:64) [lift-actor_2.9.2-2.5-M3.jar:2.5-M3]
	at java.util.concurrent.ThreadPoolExecutor.runWorker(ThreadPoolExecutor.java:1145) [na:1.7.0_21]
	at java.util.concurrent.ThreadPoolExecutor$Worker.run(ThreadPoolExecutor.java:615) [na:1.7.0_21]
	at java.lang.Thread.run(Thread.java:722) [na:1.7.0_21]
13:12:53.378 DEBUG [a.event.EventStream] [EventStream] - shutting down: StandardOutLogger started
13:13:31.321 INFO  [d.f.a.osm.OsmMap] [] - Loading file maps/Altona-50-Knoten.osm
13:13:31.391 INFO  [d.f.a.osm.OsmMap] [] - Initializing
13:13:31.391 INFO  [d.f.a.osm.OsmMap] [] - Parsing nodes
13:13:31.401 INFO  [d.f.a.osm.OsmMap] [] - 891 nodes parsed in 0 milliseconds
13:13:31.401 INFO  [d.f.a.osm.OsmMap] [] - Parsing ways
13:13:31.441 WARN  [d.f.a.osm.OsmWay] [] - Way 33891761: unknown max speed "5 mph"
13:13:31.441 WARN  [d.f.a.osm.OsmWay] [] - Way 33891763: unknown max speed "5 mph"
13:13:31.481 INFO  [d.f.a.osm.OsmMap] [] - 245 ways parsed in 80 milliseconds
13:13:31.481 INFO  [d.f.a.osm.OsmMap] [] - Computing node ways mapping
13:13:31.501 INFO  [d.f.a.osm.OsmMap] [] - Node ways mapping with 891 elements computed, took 20 ms
13:13:31.501 INFO  [d.f.a.r.RoutingService] [akka://AntScout/user/antScout/routingService] - Initialized
13:13:31.501 INFO  [d.f.a.antnet.AntMap] [] - Preparing
13:13:31.501 INFO  [d.f.a.antnet.AntMap] [] - Computing ant ways data
13:13:31.561 INFO  [d.f.a.antnet.AntMap] [] - 67 ant ways data computed, took 40 ms
13:13:31.561 INFO  [d.f.a.antnet.AntMap] [] - Computing nodes
13:13:31.561 INFO  [d.f.a.antnet.AntMap] [] - 47 nodes computed
13:13:31.561 INFO  [d.f.a.a.AntNodeSupervisor] [akka://AntScout/user/antScout/antNode] - Initializing
13:13:31.561 INFO  [d.f.a.a.AntNodeSupervisor] [akka://AntScout/user/antScout/antNode] - Initialized
13:13:31.561 INFO  [d.f.a.antnet.AntMap] [] - Computing ant ways
13:13:31.601 INFO  [d.f.a.antnet.AntMap] [] - Ant ways computed
13:13:31.601 INFO  [d.f.a.antnet.AntMap] [] - Computing incoming and outgoing ways
13:13:31.601 INFO  [d.f.a.antnet.AntMap] [] - Incoming and outgoing ways computed
13:13:31.601 INFO  [d.f.a.antnet.AntMap] [] - Computing sources and destinations
13:13:31.601 INFO  [d.f.a.antnet.AntMap] [] - 43 sources and 45 destinations computed, took 0 ms
13:13:31.601 INFO  [d.f.a.a.AntNodeSupervisor] [akka://AntScout/user/antScout/antNode] - Initializing nodes
13:13:31.662 INFO  [d.f.a.antnet.AntMap] [] - Calculating shortest paths
13:13:31.722 INFO  [d.f.a.antnet.AntMap] [] - Shortest paths calculated, took 60 ms
13:13:31.812 INFO  [d.f.a.a.AntNodeSupervisor] [akka://AntScout/user/antScout/antNode] - Nodes initialized
13:13:33.178 WARN  [d.f.a.c.Statistics] [] - Unknown message: CometName(statistics)
13:13:33.239 WARN  [d.f.a.c.UserInterface] [] - Unknown message: CometName(userInterface)
13:13:34.124 WARN  [d.f.a.c.Statistics] [] - Unknown message: CometName(statistics)
13:13:34.125 WARN  [d.f.a.c.UserInterface] [] - Unknown message: CometName(userInterface)
13:34:42.161 INFO  [b.liftweb.Boot] [] - Shutting down
13:34:42.173 DEBUG [a.event.EventStream] [EventStream] - shutting down: StandardOutLogger started
13:34:47.123 INFO  [d.f.a.osm.OsmMap] [] - Loading file maps/Altona-50-Knoten.osm
13:34:47.132 INFO  [d.f.a.osm.OsmMap] [] - Initializing
13:34:47.132 INFO  [d.f.a.osm.OsmMap] [] - Parsing nodes
13:34:47.146 INFO  [d.f.a.osm.OsmMap] [] - 891 nodes parsed in 9 milliseconds
13:34:47.147 INFO  [d.f.a.osm.OsmMap] [] - Parsing ways
13:34:47.172 WARN  [d.f.a.osm.OsmWay] [] - Way 33891761: unknown max speed "5 mph"
13:34:47.173 WARN  [d.f.a.osm.OsmWay] [] - Way 33891763: unknown max speed "5 mph"
13:34:47.205 INFO  [d.f.a.osm.OsmMap] [] - 245 ways parsed in 57 milliseconds
13:34:47.206 INFO  [d.f.a.osm.OsmMap] [] - Computing node ways mapping
13:34:47.220 INFO  [d.f.a.osm.OsmMap] [] - Node ways mapping with 891 elements computed, took 11 ms
13:34:47.222 INFO  [d.f.a.r.RoutingService] [akka://AntScout/user/antScout/routingService] - Initialized
13:34:47.225 INFO  [d.f.a.antnet.AntMap] [] - Preparing
13:34:47.228 INFO  [d.f.a.antnet.AntMap] [] - Computing ant ways data
13:34:47.255 INFO  [d.f.a.antnet.AntMap] [] - 67 ant ways data computed, took 26 ms
13:34:47.256 INFO  [d.f.a.antnet.AntMap] [] - Computing nodes
13:34:47.256 INFO  [d.f.a.antnet.AntMap] [] - 47 nodes computed
13:34:47.257 INFO  [d.f.a.a.AntNodeSupervisor] [akka://AntScout/user/antScout/antNode] - Initializing
13:34:47.264 INFO  [d.f.a.a.AntNodeSupervisor] [akka://AntScout/user/antScout/antNode] - Initialized
13:34:47.265 INFO  [d.f.a.antnet.AntMap] [] - Computing ant ways
13:34:47.294 INFO  [d.f.a.antnet.AntMap] [] - Ant ways computed
13:34:47.295 INFO  [d.f.a.antnet.AntMap] [] - Computing incoming and outgoing ways
13:34:47.299 INFO  [d.f.a.antnet.AntMap] [] - Incoming and outgoing ways computed
13:34:47.299 INFO  [d.f.a.antnet.AntMap] [] - Computing sources and destinations
13:34:47.300 INFO  [d.f.a.antnet.AntMap] [] - 43 sources and 45 destinations computed, took 1 ms
13:34:47.301 INFO  [d.f.a.a.AntNodeSupervisor] [akka://AntScout/user/antScout/antNode] - Initializing nodes
13:34:47.335 INFO  [d.f.a.antnet.AntMap] [] - Calculating shortest paths
13:34:47.395 INFO  [d.f.a.antnet.AntMap] [] - Shortest paths calculated, took 58 ms
13:34:47.481 INFO  [d.f.a.a.AntNodeSupervisor] [akka://AntScout/user/antScout/antNode] - Nodes initialized
13:34:50.153 WARN  [d.f.a.c.Statistics] [] - Unknown message: CometName(statistics)
13:34:50.162 WARN  [d.f.a.c.UserInterface] [] - Unknown message: CometName(userInterface)
13:35:04.735 INFO  [b.liftweb.Boot] [] - Shutting down
13:35:04.747 ERROR [n.l.h.p.s.c.Servlet30AsyncProvider] [] - Servlet 3.0 Async: Couldn't resume thread
java.lang.NullPointerException: null
	at net.liftweb.http.provider.servlet.containers.Servlet30AsyncProvider.resume(Servlet30AsyncProvider.scala:114) ~[lift-webkit_2.9.2-2.5-M3.jar:2.5-M3]
	at net.liftweb.http.provider.servlet.HTTPRequestServlet.resume(HTTPRequestServlet.scala:163) [lift-webkit_2.9.2-2.5-M3.jar:2.5-M3]
	at net.liftweb.http.LiftServlet$$anonfun$15.apply(LiftServlet.scala:683) [lift-webkit_2.9.2-2.5-M3.jar:2.5-M3]
	at net.liftweb.http.LiftServlet$$anonfun$15.apply(LiftServlet.scala:683) [lift-webkit_2.9.2-2.5-M3.jar:2.5-M3]
	at net.liftweb.http.LiftServlet$ContinuationActor$$anonfun$messageHandler$1.apply(LiftServlet.scala:669) [lift-webkit_2.9.2-2.5-M3.jar:2.5-M3]
	at net.liftweb.http.LiftServlet$ContinuationActor$$anonfun$messageHandler$1.apply(LiftServlet.scala:651) [lift-webkit_2.9.2-2.5-M3.jar:2.5-M3]
	at net.liftweb.actor.LiftActor$class.execTranslate(LiftActor.scala:441) [lift-actor_2.9.2-2.5-M3.jar:2.5-M3]
	at net.liftweb.http.LiftServlet$ContinuationActor.execTranslate(LiftServlet.scala:644) [lift-webkit_2.9.2-2.5-M3.jar:2.5-M3]
	at net.liftweb.actor.SpecializedLiftActor$class.net$liftweb$actor$SpecializedLiftActor$$proc2(LiftActor.scala:289) [lift-actor_2.9.2-2.5-M3.jar:2.5-M3]
	at net.liftweb.actor.SpecializedLiftActor$$anonfun$net$liftweb$actor$SpecializedLiftActor$$processMailbox$1.apply$mcV$sp(LiftActor.scala:210) [lift-actor_2.9.2-2.5-M3.jar:2.5-M3]
	at net.liftweb.actor.SpecializedLiftActor$$anonfun$net$liftweb$actor$SpecializedLiftActor$$processMailbox$1.apply(LiftActor.scala:210) [lift-actor_2.9.2-2.5-M3.jar:2.5-M3]
	at net.liftweb.actor.SpecializedLiftActor$$anonfun$net$liftweb$actor$SpecializedLiftActor$$processMailbox$1.apply(LiftActor.scala:210) [lift-actor_2.9.2-2.5-M3.jar:2.5-M3]
	at net.liftweb.actor.SpecializedLiftActor$class.around(LiftActor.scala:224) [lift-actor_2.9.2-2.5-M3.jar:2.5-M3]
	at net.liftweb.http.LiftServlet$ContinuationActor.around(LiftServlet.scala:644) [lift-webkit_2.9.2-2.5-M3.jar:2.5-M3]
	at net.liftweb.actor.SpecializedLiftActor$class.net$liftweb$actor$SpecializedLiftActor$$processMailbox(LiftActor.scala:209) [lift-actor_2.9.2-2.5-M3.jar:2.5-M3]
	at net.liftweb.actor.SpecializedLiftActor$$anonfun$2$$anonfun$apply$mcV$sp$1.apply$mcV$sp(LiftActor.scala:173) [lift-actor_2.9.2-2.5-M3.jar:2.5-M3]
	at net.liftweb.actor.LAScheduler$$anonfun$9$$anon$2$$anon$3.run(LiftActor.scala:64) [lift-actor_2.9.2-2.5-M3.jar:2.5-M3]
	at java.util.concurrent.ThreadPoolExecutor.runWorker(ThreadPoolExecutor.java:1145) [na:1.7.0_21]
	at java.util.concurrent.ThreadPoolExecutor$Worker.run(ThreadPoolExecutor.java:615) [na:1.7.0_21]
	at java.lang.Thread.run(Thread.java:722) [na:1.7.0_21]
13:35:04.749 DEBUG [a.event.EventStream] [EventStream] - shutting down: StandardOutLogger started
13:35:18.655 INFO  [d.f.a.osm.OsmMap] [] - Loading file maps/Map.osm
13:35:18.784 INFO  [d.f.a.osm.OsmMap] [] - Initializing
13:35:18.786 INFO  [d.f.a.osm.OsmMap] [] - Parsing nodes
13:35:18.819 INFO  [d.f.a.osm.OsmMap] [] - 7184 nodes parsed in 31 milliseconds
13:35:18.820 INFO  [d.f.a.osm.OsmMap] [] - Parsing ways
13:35:20.051 INFO  [d.f.a.osm.OsmMap] [] - 1384 ways parsed in 1227 milliseconds
13:35:20.051 INFO  [d.f.a.osm.OsmMap] [] - Computing node ways mapping
13:35:20.136 INFO  [d.f.a.osm.OsmMap] [] - Node ways mapping with 7184 elements computed, took 70 ms
13:35:20.137 INFO  [d.f.a.r.RoutingService] [akka://AntScout/user/antScout/routingService] - Initialized
13:35:20.141 INFO  [d.f.a.antnet.AntMap] [] - Preparing
13:35:20.150 INFO  [d.f.a.antnet.AntMap] [] - Computing ant ways data
13:35:20.164 INFO  [d.f.a.antnet.AntMap] [] - 10 ant ways data computed, took 12 ms
13:35:20.164 INFO  [d.f.a.antnet.AntMap] [] - Computing nodes
13:35:20.165 INFO  [d.f.a.antnet.AntMap] [] - 12 nodes computed
13:35:20.166 INFO  [d.f.a.a.AntNodeSupervisor] [akka://AntScout/user/antScout/antNode] - Initializing
13:35:20.169 INFO  [d.f.a.a.AntNodeSupervisor] [akka://AntScout/user/antScout/antNode] - Initialized
13:35:20.171 INFO  [d.f.a.antnet.AntMap] [] - Computing ant ways
13:35:20.191 INFO  [d.f.a.antnet.AntMap] [] - Ant ways computed
13:35:20.192 INFO  [d.f.a.antnet.AntMap] [] - Computing incoming and outgoing ways
13:35:20.195 INFO  [d.f.a.antnet.AntMap] [] - Incoming and outgoing ways computed
13:35:20.195 INFO  [d.f.a.antnet.AntMap] [] - Computing sources and destinations
13:35:20.196 INFO  [d.f.a.antnet.AntMap] [] - 11 sources and 12 destinations computed, took 1 ms
13:35:20.197 INFO  [d.f.a.a.AntNodeSupervisor] [akka://AntScout/user/antScout/antNode] - Initializing nodes
13:35:20.204 INFO  [d.f.a.antnet.AntMap] [] - Calculating shortest paths
13:35:20.221 INFO  [d.f.a.antnet.AntMap] [] - Shortest paths calculated, took 15 ms
13:35:20.230 INFO  [d.f.a.a.AntNodeSupervisor] [akka://AntScout/user/antScout/antNode] - Nodes initialized
13:35:24.995 WARN  [d.f.a.c.Statistics] [] - Unknown message: CometName(statistics)
13:35:25.004 WARN  [d.f.a.c.UserInterface] [] - Unknown message: CometName(userInterface)
13:35:58.017 INFO  [b.liftweb.Boot] [] - Shutting down
13:35:58.032 DEBUG [a.event.EventStream] [EventStream] - shutting down: StandardOutLogger started
13:35:58.032 ERROR [n.l.h.p.s.c.Servlet30AsyncProvider] [] - Servlet 3.0 Async: Couldn't resume thread
java.lang.NullPointerException: null
	at net.liftweb.http.provider.servlet.containers.Servlet30AsyncProvider.resume(Servlet30AsyncProvider.scala:114) ~[lift-webkit_2.9.2-2.5-M3.jar:2.5-M3]
	at net.liftweb.http.provider.servlet.HTTPRequestServlet.resume(HTTPRequestServlet.scala:163) [lift-webkit_2.9.2-2.5-M3.jar:2.5-M3]
	at net.liftweb.http.LiftServlet$$anonfun$15.apply(LiftServlet.scala:683) [lift-webkit_2.9.2-2.5-M3.jar:2.5-M3]
	at net.liftweb.http.LiftServlet$$anonfun$15.apply(LiftServlet.scala:683) [lift-webkit_2.9.2-2.5-M3.jar:2.5-M3]
	at net.liftweb.http.LiftServlet$ContinuationActor$$anonfun$messageHandler$1.apply(LiftServlet.scala:669) [lift-webkit_2.9.2-2.5-M3.jar:2.5-M3]
	at net.liftweb.http.LiftServlet$ContinuationActor$$anonfun$messageHandler$1.apply(LiftServlet.scala:651) [lift-webkit_2.9.2-2.5-M3.jar:2.5-M3]
	at net.liftweb.actor.LiftActor$class.execTranslate(LiftActor.scala:441) [lift-actor_2.9.2-2.5-M3.jar:2.5-M3]
	at net.liftweb.http.LiftServlet$ContinuationActor.execTranslate(LiftServlet.scala:644) [lift-webkit_2.9.2-2.5-M3.jar:2.5-M3]
	at net.liftweb.actor.SpecializedLiftActor$class.net$liftweb$actor$SpecializedLiftActor$$proc2(LiftActor.scala:289) [lift-actor_2.9.2-2.5-M3.jar:2.5-M3]
	at net.liftweb.actor.SpecializedLiftActor$$anonfun$net$liftweb$actor$SpecializedLiftActor$$processMailbox$1.apply$mcV$sp(LiftActor.scala:210) [lift-actor_2.9.2-2.5-M3.jar:2.5-M3]
	at net.liftweb.actor.SpecializedLiftActor$$anonfun$net$liftweb$actor$SpecializedLiftActor$$processMailbox$1.apply(LiftActor.scala:210) [lift-actor_2.9.2-2.5-M3.jar:2.5-M3]
	at net.liftweb.actor.SpecializedLiftActor$$anonfun$net$liftweb$actor$SpecializedLiftActor$$processMailbox$1.apply(LiftActor.scala:210) [lift-actor_2.9.2-2.5-M3.jar:2.5-M3]
	at net.liftweb.actor.SpecializedLiftActor$class.around(LiftActor.scala:224) [lift-actor_2.9.2-2.5-M3.jar:2.5-M3]
	at net.liftweb.http.LiftServlet$ContinuationActor.around(LiftServlet.scala:644) [lift-webkit_2.9.2-2.5-M3.jar:2.5-M3]
	at net.liftweb.actor.SpecializedLiftActor$class.net$liftweb$actor$SpecializedLiftActor$$processMailbox(LiftActor.scala:209) [lift-actor_2.9.2-2.5-M3.jar:2.5-M3]
	at net.liftweb.actor.SpecializedLiftActor$$anonfun$2$$anonfun$apply$mcV$sp$1.apply$mcV$sp(LiftActor.scala:173) [lift-actor_2.9.2-2.5-M3.jar:2.5-M3]
	at net.liftweb.actor.LAScheduler$$anonfun$9$$anon$2$$anon$3.run(LiftActor.scala:64) [lift-actor_2.9.2-2.5-M3.jar:2.5-M3]
	at java.util.concurrent.ThreadPoolExecutor.runWorker(ThreadPoolExecutor.java:1145) [na:1.7.0_21]
	at java.util.concurrent.ThreadPoolExecutor$Worker.run(ThreadPoolExecutor.java:615) [na:1.7.0_21]
	at java.lang.Thread.run(Thread.java:722) [na:1.7.0_21]
14:25:35.264 INFO  [d.f.a.osm.OsmMap] [] - Loading file maps/Map.osm
14:25:35.467 INFO  [d.f.a.osm.OsmMap] [] - Initializing
14:25:35.467 INFO  [d.f.a.osm.OsmMap] [] - Parsing nodes
14:25:35.576 INFO  [d.f.a.osm.OsmMap] [] - 7184 nodes parsed in 109 milliseconds
14:25:35.576 INFO  [d.f.a.osm.OsmMap] [] - Parsing ways
14:25:36.762 INFO  [d.f.a.osm.OsmMap] [] - 1384 ways parsed in 1186 milliseconds
14:25:36.762 INFO  [d.f.a.osm.OsmMap] [] - Computing node ways mapping
14:25:36.949 INFO  [d.f.a.osm.OsmMap] [] - Node ways mapping with 7184 elements computed, took 156 ms
14:25:36.949 INFO  [d.f.a.r.RoutingService] [akka://AntScout/user/antScout/routingService] - Initialized
14:25:36.949 INFO  [d.f.a.antnet.AntMap] [] - Preparing
14:25:36.980 INFO  [d.f.a.antnet.AntMap] [] - Computing ant ways data
14:25:36.996 INFO  [d.f.a.antnet.AntMap] [] - 10 ant ways data computed, took 16 ms
14:25:36.996 INFO  [d.f.a.antnet.AntMap] [] - Computing nodes
14:25:36.996 INFO  [d.f.a.antnet.AntMap] [] - 12 nodes computed
14:25:36.996 INFO  [d.f.a.a.AntNodeSupervisor] [akka://AntScout/user/antScout/antNode] - Initializing
14:25:37.012 INFO  [d.f.a.a.AntNodeSupervisor] [akka://AntScout/user/antScout/antNode] - Initialized
14:25:37.012 INFO  [d.f.a.antnet.AntMap] [] - Computing ant ways
14:25:37.027 INFO  [d.f.a.antnet.AntMap] [] - Ant ways computed
14:25:37.027 INFO  [d.f.a.antnet.AntMap] [] - Computing incoming and outgoing ways
14:25:37.027 INFO  [d.f.a.antnet.AntMap] [] - Incoming and outgoing ways computed
14:25:37.027 INFO  [d.f.a.antnet.AntMap] [] - Computing sources and destinations
14:25:37.027 INFO  [d.f.a.antnet.AntMap] [] - 11 sources and 12 destinations computed, took 0 ms
14:25:37.027 INFO  [d.f.a.a.AntNodeSupervisor] [akka://AntScout/user/antScout/antNode] - Initializing nodes
14:25:37.043 INFO  [d.f.a.antnet.AntMap] [] - Calculating shortest paths
14:25:37.058 INFO  [d.f.a.antnet.AntMap] [] - Shortest paths calculated, took 15 ms
14:25:37.074 INFO  [d.f.a.a.AntNodeSupervisor] [akka://AntScout/user/antScout/antNode] - Nodes initialized
14:25:39.014 WARN  [d.f.a.c.Statistics] [] - Unknown message: CometName(statistics)
14:25:39.023 WARN  [d.f.a.c.UserInterface] [] - Unknown message: CometName(userInterface)
14:26:05.207 WARN  [d.f.a.c.Statistics] [] - Unknown message: CometName(statistics)
14:26:05.208 WARN  [d.f.a.c.UserInterface] [] - Unknown message: CometName(userInterface)
14:26:25.312 WARN  [d.f.a.c.Statistics] [] - Unknown message: CometName(statistics)
14:26:25.313 WARN  [d.f.a.c.UserInterface] [] - Unknown message: CometName(userInterface)
14:26:56.935 WARN  [d.f.a.c.Statistics] [] - Unknown message: CometName(statistics)
14:26:56.936 WARN  [d.f.a.c.UserInterface] [] - Unknown message: CometName(userInterface)
