12:34:19.474 INFO  [d.f.a.osm.OsmMap] [] - Loading file maps/Blankenese-Wedel.osm
12:34:19.775 INFO  [d.f.a.osm.OsmMap] [] - Initializing
12:34:19.790 INFO  [d.f.a.osm.OsmMap] [] - Parsing nodes
12:34:20.153 INFO  [d.f.a.osm.OsmMap] [] - 4821 nodes parsed in 335 milliseconds
12:34:20.164 INFO  [d.f.a.osm.OsmMap] [] - Parsing ways
12:34:25.998 INFO  [d.f.a.osm.OsmMap] [] - 1343 ways parsed in 5808 milliseconds
12:34:26.005 INFO  [d.f.a.osm.OsmMap] [] - Computing node ways mapping
12:34:26.424 INFO  [d.f.a.osm.OsmMap] [] - Node ways mapping with 4821 elements computed, took 310 ms
12:34:26.452 INFO  [d.f.a.r.RoutingService] [akka://AntScout/user/antScout/routingService] - Initialized
12:34:26.593 INFO  [d.f.a.antnet.AntMap] [] - Preparing
12:34:26.703 INFO  [d.f.a.antnet.AntMap] [] - Computing ant ways data
12:34:27.315 INFO  [d.f.a.antnet.AntMap] [] - 126 ant ways data computed, took 587 ms
12:34:27.322 INFO  [d.f.a.antnet.AntMap] [] - Computing nodes
12:34:27.347 INFO  [d.f.a.antnet.AntMap] [] - 88 nodes computed
12:34:27.383 INFO  [d.f.a.a.AntNodeSupervisor] [akka://AntScout/user/antScout/antNode] - Initializing
12:34:27.541 INFO  [d.f.a.a.AntNodeSupervisor] [akka://AntScout/user/antScout/antNode] - Initialized
12:34:27.567 INFO  [d.f.a.antnet.AntMap] [] - Computing ant ways
12:34:27.897 INFO  [d.f.a.antnet.AntMap] [] - Ant ways computed
12:34:27.928 INFO  [d.f.a.antnet.AntMap] [] - Computing incoming and outgoing ways
12:34:28.022 INFO  [d.f.a.antnet.AntMap] [] - Incoming and outgoing ways computed
12:34:28.031 INFO  [d.f.a.antnet.AntMap] [] - Computing sources and destinations
12:34:28.071 INFO  [d.f.a.antnet.AntMap] [] - 86 sources and 86 destinations computed, took 15 ms
12:34:28.103 INFO  [d.f.a.a.AntNodeSupervisor] [akka://AntScout/user/antScout/antNode] - Initializing nodes
12:34:28.450 INFO  [d.f.a.antnet.AntMap] [] - Calculating shortest paths
12:34:29.424 INFO  [d.f.a.antnet.AntMap] [] - Shortest paths calculated, took 830 ms
12:34:30.187 INFO  [d.f.a.a.AntNodeSupervisor] [akka://AntScout/user/antScout/antNode] - Nodes initialized
12:34:45.158 WARN  [d.f.a.c.Statistics] [] - Unknown message: CometName(statistics)
12:34:46.019 WARN  [d.f.a.c.UserInterface] [] - Unknown message: CometName(userInterface)
12:41:17.764 INFO  [b.liftweb.Boot] [] - Shutting down
12:41:18.623 DEBUG [a.event.EventStream] [EventStream] - shutting down: StandardOutLogger started
13:40:19.233 INFO  [d.f.a.osm.OsmMap] [] - Loading file maps/Blankenese-Wedel.osm
13:40:19.495 INFO  [d.f.a.osm.OsmMap] [] - Initializing
13:40:19.508 INFO  [d.f.a.osm.OsmMap] [] - Parsing nodes
13:40:19.922 INFO  [d.f.a.osm.OsmMap] [] - 4821 nodes parsed in 386 milliseconds
13:40:19.933 INFO  [d.f.a.osm.OsmMap] [] - Parsing ways
13:40:25.155 INFO  [d.f.a.osm.OsmMap] [] - 1343 ways parsed in 5196 milliseconds
13:40:25.162 INFO  [d.f.a.osm.OsmMap] [] - Computing node ways mapping
13:40:25.572 INFO  [d.f.a.osm.OsmMap] [] - Node ways mapping with 4821 elements computed, took 297 ms
13:40:25.599 INFO  [d.f.a.r.RoutingService] [akka://AntScout/user/antScout/routingService] - Initialized
13:40:25.739 INFO  [d.f.a.antnet.AntMap] [] - Preparing
13:40:25.845 INFO  [d.f.a.antnet.AntMap] [] - Computing ant ways data
13:40:26.376 INFO  [d.f.a.antnet.AntMap] [] - 126 ant ways data computed, took 506 ms
13:40:26.383 INFO  [d.f.a.antnet.AntMap] [] - Computing nodes
13:40:26.408 INFO  [d.f.a.antnet.AntMap] [] - 88 nodes computed
13:40:26.444 INFO  [d.f.a.a.AntNodeSupervisor] [akka://AntScout/user/antScout/antNode] - Initializing
13:40:26.589 INFO  [d.f.a.a.AntNodeSupervisor] [akka://AntScout/user/antScout/antNode] - Initialized
13:40:26.611 INFO  [d.f.a.antnet.AntMap] [] - Computing ant ways
13:40:26.859 INFO  [d.f.a.antnet.AntMap] [] - Ant ways computed
13:40:26.889 INFO  [d.f.a.antnet.AntMap] [] - Computing incoming and outgoing ways
13:40:26.969 INFO  [d.f.a.antnet.AntMap] [] - Incoming and outgoing ways computed
13:40:26.976 INFO  [d.f.a.antnet.AntMap] [] - Computing sources and destinations
13:40:27.011 INFO  [d.f.a.antnet.AntMap] [] - 86 sources and 86 destinations computed, took 14 ms
13:40:27.035 INFO  [d.f.a.a.AntNodeSupervisor] [akka://AntScout/user/antScout/antNode] - Initializing nodes
13:40:27.369 INFO  [d.f.a.antnet.AntMap] [] - Calculating shortest paths
13:40:28.311 INFO  [d.f.a.antnet.AntMap] [] - Shortest paths calculated, took 801 ms
13:40:29.048 INFO  [d.f.a.a.AntNodeSupervisor] [akka://AntScout/user/antScout/antNode] - Nodes initialized
13:40:48.837 WARN  [d.f.a.c.Statistics] [] - Unknown message: CometName(statistics)
13:40:49.544 WARN  [d.f.a.c.UserInterface] [] - Unknown message: CometName(userInterface)
13:53:47.717 INFO  [b.liftweb.Boot] [] - Shutting down
13:53:57.945 DEBUG [a.event.EventStream] [EventStream] - shutting down: StandardOutLogger started
13:54:16.272 INFO  [d.f.a.osm.OsmMap] [] - Loading file maps/Blankenese-Wedel.osm
13:54:16.372 INFO  [d.f.a.osm.OsmMap] [] - Initializing
13:54:16.377 INFO  [d.f.a.osm.OsmMap] [] - Parsing nodes
13:54:16.447 INFO  [d.f.a.osm.OsmMap] [] - 4821 nodes parsed in 65 milliseconds
13:54:16.452 INFO  [d.f.a.osm.OsmMap] [] - Parsing ways
13:54:20.873 WARN  [d.f.a.c.Statistics] [] - Unknown message: CometName(statistics)
13:54:20.876 WARN  [d.f.a.c.Statistics] [] - Unknown message: CometName(statistics)
13:54:20.911 WARN  [d.f.a.c.UserInterface] [] - Unknown message: CometName(userInterface)
13:54:20.945 WARN  [d.f.a.c.UserInterface] [] - Unknown message: CometName(userInterface)
13:54:21.768 ERROR [n.l.http.LiftRules] [] - Exception being returned to browser when processing Req(List(), Map(), ParsePath(List(ways),,true,false), , GetRequest, Empty)
java.lang.NullPointerException: null
	at de.fhwedel.antscout.rest.Rest$$anonfun$1.apply(Rest.scala:81) ~[classes/:na]
	at de.fhwedel.antscout.rest.Rest$$anonfun$1.apply(Rest.scala:24) ~[classes/:na]
	at net.liftweb.http.rest.RestHelper$class.apply(RestHelper.scala:508) ~[lift-webkit_2.9.2-2.5-M3.jar:2.5-M3]
	at de.fhwedel.antscout.rest.Rest$.apply(Rest.scala:20) ~[classes/:na]
	at de.fhwedel.antscout.rest.Rest$.apply(Rest.scala:20) ~[classes/:na]
	at net.liftweb.http.LiftServlet$$anonfun$liftedTree1$1$1.apply(LiftServlet.scala:351) ~[lift-webkit_2.9.2-2.5-M3.jar:2.5-M3]
	at net.liftweb.http.LiftServlet$$anonfun$liftedTree1$1$1.apply(LiftServlet.scala:351) ~[lift-webkit_2.9.2-2.5-M3.jar:2.5-M3]
	at net.liftweb.util.ThreadGlobal.doWith(ThreadGlobal.scala:71) [lift-util_2.9.2-2.5-M3.jar:2.5-M3]
	at net.liftweb.http.S$class.functionLifespan(S.scala:1712) ~[lift-webkit_2.9.2-2.5-M3.jar:2.5-M3]
	at net.liftweb.http.S$.functionLifespan(S.scala:47) ~[lift-webkit_2.9.2-2.5-M3.jar:2.5-M3]
	at net.liftweb.http.LiftServlet.liftedTree1$1(LiftServlet.scala:350) [lift-webkit_2.9.2-2.5-M3.jar:2.5-M3]
	at net.liftweb.http.LiftServlet.net$liftweb$http$LiftServlet$$dispatchStatefulRequest(LiftServlet.scala:337) [lift-webkit_2.9.2-2.5-M3.jar:2.5-M3]
	at net.liftweb.http.LiftServlet$$anonfun$doSession$1$1.apply(LiftServlet.scala:286) ~[lift-webkit_2.9.2-2.5-M3.jar:2.5-M3]
	at net.liftweb.http.LiftServlet$$anonfun$doSession$1$1.apply(LiftServlet.scala:286) ~[lift-webkit_2.9.2-2.5-M3.jar:2.5-M3]
	at net.liftweb.http.S$class.net$liftweb$http$S$$wrapQuery(S.scala:1453) ~[lift-webkit_2.9.2-2.5-M3.jar:2.5-M3]
	at net.liftweb.http.S$$anonfun$net$liftweb$http$S$$_nest2InnerInit$1$$anonfun$apply$36.apply(S.scala:1601) ~[lift-webkit_2.9.2-2.5-M3.jar:2.5-M3]
	at net.liftweb.http.S$class.net$liftweb$http$S$$doAround(S.scala:1382) ~[lift-webkit_2.9.2-2.5-M3.jar:2.5-M3]
	at net.liftweb.http.S$$anonfun$net$liftweb$http$S$$_nest2InnerInit$1.apply(S.scala:1599) ~[lift-webkit_2.9.2-2.5-M3.jar:2.5-M3]
	at net.liftweb.util.ThreadGlobal.doWith(ThreadGlobal.scala:71) [lift-util_2.9.2-2.5-M3.jar:2.5-M3]
	at net.liftweb.http.S$class.net$liftweb$http$S$$_nest2InnerInit(S.scala:1598) ~[lift-webkit_2.9.2-2.5-M3.jar:2.5-M3]
	at net.liftweb.http.S$$anonfun$net$liftweb$http$S$$_innerInit$1$$anonfun$apply$40$$anonfun$apply$41$$anonfun$apply$42$$anonfun$apply$43.apply(S.scala:1642) ~[lift-webkit_2.9.2-2.5-M3.jar:2.5-M3]
	at net.liftweb.util.ThreadGlobal.doWith(ThreadGlobal.scala:71) [lift-util_2.9.2-2.5-M3.jar:2.5-M3]
	at net.liftweb.http.S$$anonfun$withReq$1.apply(S.scala:1652) ~[lift-webkit_2.9.2-2.5-M3.jar:2.5-M3]
	at net.liftweb.util.ThreadGlobal.doWith(ThreadGlobal.scala:71) [lift-util_2.9.2-2.5-M3.jar:2.5-M3]
	at net.liftweb.http.S$class.withReq(S.scala:1651) ~[lift-webkit_2.9.2-2.5-M3.jar:2.5-M3]
	at net.liftweb.http.S$.withReq(S.scala:47) ~[lift-webkit_2.9.2-2.5-M3.jar:2.5-M3]
	at net.liftweb.http.S$$anonfun$net$liftweb$http$S$$_innerInit$1$$anonfun$apply$40$$anonfun$apply$41$$anonfun$apply$42.apply(S.scala:1638) ~[lift-webkit_2.9.2-2.5-M3.jar:2.5-M3]
	at net.liftweb.util.ThreadGlobal.doWith(ThreadGlobal.scala:71) [lift-util_2.9.2-2.5-M3.jar:2.5-M3]
	at net.liftweb.http.S$$anonfun$net$liftweb$http$S$$_innerInit$1$$anonfun$apply$40$$anonfun$apply$41.apply(S.scala:1636) ~[lift-webkit_2.9.2-2.5-M3.jar:2.5-M3]
	at net.liftweb.util.ThreadGlobal.doWith(ThreadGlobal.scala:71) [lift-util_2.9.2-2.5-M3.jar:2.5-M3]
	at net.liftweb.http.S$$anonfun$net$liftweb$http$S$$_innerInit$1$$anonfun$apply$40.apply(S.scala:1635) ~[lift-webkit_2.9.2-2.5-M3.jar:2.5-M3]
	at net.liftweb.util.ThreadGlobal.doWith(ThreadGlobal.scala:71) [lift-util_2.9.2-2.5-M3.jar:2.5-M3]
	at net.liftweb.http.S$$anonfun$net$liftweb$http$S$$_innerInit$1.apply(S.scala:1634) ~[lift-webkit_2.9.2-2.5-M3.jar:2.5-M3]
	at net.liftweb.util.ThreadGlobal.doWith(ThreadGlobal.scala:71) [lift-util_2.9.2-2.5-M3.jar:2.5-M3]
	at net.liftweb.http.S$class.net$liftweb$http$S$$_innerInit(S.scala:1633) ~[lift-webkit_2.9.2-2.5-M3.jar:2.5-M3]
	at net.liftweb.http.S$$anonfun$net$liftweb$http$S$$_init$1$$anonfun$apply$46$$anonfun$apply$47$$anonfun$apply$48$$anonfun$apply$49$$anonfun$apply$50.apply(S.scala:1675) ~[lift-webkit_2.9.2-2.5-M3.jar:2.5-M3]
	at net.liftweb.util.ThreadGlobal.doWith(ThreadGlobal.scala:71) [lift-util_2.9.2-2.5-M3.jar:2.5-M3]
	at net.liftweb.http.S$$anonfun$net$liftweb$http$S$$_init$1$$anonfun$apply$46$$anonfun$apply$47$$anonfun$apply$48$$anonfun$apply$49.apply(S.scala:1673) ~[lift-webkit_2.9.2-2.5-M3.jar:2.5-M3]
	at net.liftweb.http.CoreRequestVarHandler$class.apply(Vars.scala:613) [lift-webkit_2.9.2-2.5-M3.jar:2.5-M3]
	at net.liftweb.http.RequestVarHandler$.apply(Vars.scala:515) [lift-webkit_2.9.2-2.5-M3.jar:2.5-M3]
	at net.liftweb.http.S$$anonfun$net$liftweb$http$S$$_init$1$$anonfun$apply$46$$anonfun$apply$47$$anonfun$apply$48.apply(S.scala:1672) ~[lift-webkit_2.9.2-2.5-M3.jar:2.5-M3]
	at net.liftweb.http.CoreRequestVarHandler$class.apply(Vars.scala:613) [lift-webkit_2.9.2-2.5-M3.jar:2.5-M3]
	at net.liftweb.http.TransientRequestVarHandler$.apply(Vars.scala:528) [lift-webkit_2.9.2-2.5-M3.jar:2.5-M3]
	at net.liftweb.http.S$$anonfun$net$liftweb$http$S$$_init$1$$anonfun$apply$46$$anonfun$apply$47.apply(S.scala:1671) ~[lift-webkit_2.9.2-2.5-M3.jar:2.5-M3]
	at net.liftweb.util.ThreadGlobal.doWith(ThreadGlobal.scala:71) [lift-util_2.9.2-2.5-M3.jar:2.5-M3]
	at net.liftweb.http.S$$anonfun$net$liftweb$http$S$$_init$1$$anonfun$apply$46.apply(S.scala:1670) ~[lift-webkit_2.9.2-2.5-M3.jar:2.5-M3]
	at net.liftweb.util.ThreadGlobal.doWith(ThreadGlobal.scala:71) [lift-util_2.9.2-2.5-M3.jar:2.5-M3]
	at net.liftweb.http.S$$anonfun$net$liftweb$http$S$$_init$1.apply(S.scala:1669) ~[lift-webkit_2.9.2-2.5-M3.jar:2.5-M3]
	at net.liftweb.util.ThreadGlobal.doWith(ThreadGlobal.scala:71) [lift-util_2.9.2-2.5-M3.jar:2.5-M3]
	at net.liftweb.http.S$class.net$liftweb$http$S$$_init(S.scala:1668) ~[lift-webkit_2.9.2-2.5-M3.jar:2.5-M3]
	at net.liftweb.http.S$class.init(S.scala:1267) ~[lift-webkit_2.9.2-2.5-M3.jar:2.5-M3]
	at net.liftweb.http.S$.init(S.scala:47) ~[lift-webkit_2.9.2-2.5-M3.jar:2.5-M3]
	at net.liftweb.http.LiftServlet.doSession$1(LiftServlet.scala:285) [lift-webkit_2.9.2-2.5-M3.jar:2.5-M3]
	at net.liftweb.http.LiftServlet.doService(LiftServlet.scala:295) [lift-webkit_2.9.2-2.5-M3.jar:2.5-M3]
	at net.liftweb.http.LiftServlet$$anonfun$doIt$1$1.apply(LiftServlet.scala:133) [lift-webkit_2.9.2-2.5-M3.jar:2.5-M3]
	at net.liftweb.http.LiftServlet$$anonfun$doIt$1$1.apply(LiftServlet.scala:132) [lift-webkit_2.9.2-2.5-M3.jar:2.5-M3]
	at net.liftweb.util.TimeHelpers$class.calcTime(TimeHelpers.scala:345) [lift-util_2.9.2-2.5-M3.jar:2.5-M3]
	at net.liftweb.util.Helpers$.calcTime(Helpers.scala:34) [lift-util_2.9.2-2.5-M3.jar:2.5-M3]
	at net.liftweb.util.TimeHelpers$class.logTime(TimeHelpers.scala:364) [lift-util_2.9.2-2.5-M3.jar:2.5-M3]
	at net.liftweb.util.Helpers$.logTime(Helpers.scala:34) [lift-util_2.9.2-2.5-M3.jar:2.5-M3]
	at net.liftweb.http.LiftServlet.doIt$1(LiftServlet.scala:132) [lift-webkit_2.9.2-2.5-M3.jar:2.5-M3]
	at net.liftweb.http.LiftServlet.service(LiftServlet.scala:143) [lift-webkit_2.9.2-2.5-M3.jar:2.5-M3]
	at net.liftweb.http.provider.HTTPProvider$$anonfun$service$2$$anonfun$apply$mcV$sp$1$$anonfun$apply$mcV$sp$2.apply$mcV$sp(HTTPProvider.scala:72) [lift-webkit_2.9.2-2.5-M3.jar:2.5-M3]
	at net.liftweb.http.provider.HTTPProvider$$anonfun$service$2$$anonfun$apply$mcV$sp$1$$anonfun$apply$mcV$sp$2.apply(HTTPProvider.scala:71) [lift-webkit_2.9.2-2.5-M3.jar:2.5-M3]
	at net.liftweb.http.provider.HTTPProvider$$anonfun$service$2$$anonfun$apply$mcV$sp$1$$anonfun$apply$mcV$sp$2.apply(HTTPProvider.scala:71) [lift-webkit_2.9.2-2.5-M3.jar:2.5-M3]
	at net.liftweb.util.ThreadGlobal.doWith(ThreadGlobal.scala:71) [lift-util_2.9.2-2.5-M3.jar:2.5-M3]
	at net.liftweb.http.URLRewriter$.doWith(Req.scala:1278) [lift-webkit_2.9.2-2.5-M3.jar:2.5-M3]
	at net.liftweb.http.provider.HTTPProvider$$anonfun$service$2$$anonfun$apply$mcV$sp$1.apply$mcV$sp(HTTPProvider.scala:70) [lift-webkit_2.9.2-2.5-M3.jar:2.5-M3]
	at net.liftweb.http.provider.HTTPProvider$$anonfun$service$2$$anonfun$apply$mcV$sp$1.apply(HTTPProvider.scala:70) [lift-webkit_2.9.2-2.5-M3.jar:2.5-M3]
	at net.liftweb.http.provider.HTTPProvider$$anonfun$service$2$$anonfun$apply$mcV$sp$1.apply(HTTPProvider.scala:70) [lift-webkit_2.9.2-2.5-M3.jar:2.5-M3]
	at net.liftweb.util.ThreadGlobal.doWith(ThreadGlobal.scala:71) [lift-util_2.9.2-2.5-M3.jar:2.5-M3]
	at net.liftweb.http.provider.HTTPProvider$$anonfun$service$2.apply$mcV$sp(HTTPProvider.scala:66) [lift-webkit_2.9.2-2.5-M3.jar:2.5-M3]
	at net.liftweb.http.provider.HTTPProvider$$anonfun$service$2.apply(HTTPProvider.scala:60) [lift-webkit_2.9.2-2.5-M3.jar:2.5-M3]
	at net.liftweb.http.provider.HTTPProvider$$anonfun$service$2.apply(HTTPProvider.scala:60) [lift-webkit_2.9.2-2.5-M3.jar:2.5-M3]
	at net.liftweb.util.ThreadGlobal.doWith(ThreadGlobal.scala:71) [lift-util_2.9.2-2.5-M3.jar:2.5-M3]
	at net.liftweb.http.provider.HTTPProvider$class.service(HTTPProvider.scala:60) [lift-webkit_2.9.2-2.5-M3.jar:2.5-M3]
	at net.liftweb.http.LiftFilter.service(LiftServlet.scala:904) [lift-webkit_2.9.2-2.5-M3.jar:2.5-M3]
	at net.liftweb.http.provider.servlet.ServletFilterProvider$$anonfun$doFilter$1$$anonfun$apply$mcV$sp$1$$anonfun$apply$mcV$sp$2.apply$mcV$sp(ServletFilterProvider.scala:82) [lift-webkit_2.9.2-2.5-M3.jar:2.5-M3]
	at net.liftweb.http.provider.servlet.ServletFilterProvider$$anonfun$doFilter$1$$anonfun$apply$mcV$sp$1$$anonfun$apply$mcV$sp$2.apply(ServletFilterProvider.scala:82) [lift-webkit_2.9.2-2.5-M3.jar:2.5-M3]
	at net.liftweb.http.provider.servlet.ServletFilterProvider$$anonfun$doFilter$1$$anonfun$apply$mcV$sp$1$$anonfun$apply$mcV$sp$2.apply(ServletFilterProvider.scala:82) [lift-webkit_2.9.2-2.5-M3.jar:2.5-M3]
	at net.liftweb.http.provider.servlet.ServletFilterProvider$class.handleLoan$1(ServletFilterProvider.scala:59) [lift-webkit_2.9.2-2.5-M3.jar:2.5-M3]
	at net.liftweb.http.provider.servlet.ServletFilterProvider$class.net$liftweb$http$provider$servlet$ServletFilterProvider$$handleLoanWrappers(ServletFilterProvider.scala:63) [lift-webkit_2.9.2-2.5-M3.jar:2.5-M3]
	at net.liftweb.http.provider.servlet.ServletFilterProvider$$anonfun$doFilter$1$$anonfun$apply$mcV$sp$1.apply$mcV$sp(ServletFilterProvider.scala:82) [lift-webkit_2.9.2-2.5-M3.jar:2.5-M3]
	at net.liftweb.http.provider.servlet.ServletFilterProvider$$anonfun$doFilter$1$$anonfun$apply$mcV$sp$1.apply(ServletFilterProvider.scala:77) [lift-webkit_2.9.2-2.5-M3.jar:2.5-M3]
	at net.liftweb.http.provider.servlet.ServletFilterProvider$$anonfun$doFilter$1$$anonfun$apply$mcV$sp$1.apply(ServletFilterProvider.scala:77) [lift-webkit_2.9.2-2.5-M3.jar:2.5-M3]
	at net.liftweb.http.CoreRequestVarHandler$$anonfun$apply$16$$anonfun$apply$17$$anonfun$apply$18$$anonfun$apply$19.apply(Vars.scala:619) [lift-webkit_2.9.2-2.5-M3.jar:2.5-M3]
	at net.liftweb.util.ThreadGlobal.doWith(ThreadGlobal.scala:71) [lift-util_2.9.2-2.5-M3.jar:2.5-M3]
	at net.liftweb.http.CoreRequestVarHandler$$anonfun$apply$16$$anonfun$apply$17$$anonfun$apply$18.apply(Vars.scala:618) [lift-webkit_2.9.2-2.5-M3.jar:2.5-M3]
	at net.liftweb.util.ThreadGlobal.doWith(ThreadGlobal.scala:71) [lift-util_2.9.2-2.5-M3.jar:2.5-M3]
	at net.liftweb.http.CoreRequestVarHandler$$anonfun$apply$16$$anonfun$apply$17.apply(Vars.scala:617) [lift-webkit_2.9.2-2.5-M3.jar:2.5-M3]
	at net.liftweb.util.ThreadGlobal.doWith(ThreadGlobal.scala:71) [lift-util_2.9.2-2.5-M3.jar:2.5-M3]
	at net.liftweb.http.CoreRequestVarHandler$$anonfun$apply$16.apply(Vars.scala:616) [lift-webkit_2.9.2-2.5-M3.jar:2.5-M3]
	at net.liftweb.util.ThreadGlobal.doWith(ThreadGlobal.scala:71) [lift-util_2.9.2-2.5-M3.jar:2.5-M3]
	at net.liftweb.http.CoreRequestVarHandler$class.apply(Vars.scala:615) [lift-webkit_2.9.2-2.5-M3.jar:2.5-M3]
	at net.liftweb.http.RequestVarHandler$.apply(Vars.scala:515) [lift-webkit_2.9.2-2.5-M3.jar:2.5-M3]
	at net.liftweb.http.provider.servlet.ServletFilterProvider$$anonfun$doFilter$1.apply$mcV$sp(ServletFilterProvider.scala:75) [lift-webkit_2.9.2-2.5-M3.jar:2.5-M3]
	at net.liftweb.http.provider.servlet.ServletFilterProvider$$anonfun$doFilter$1.apply(ServletFilterProvider.scala:75) [lift-webkit_2.9.2-2.5-M3.jar:2.5-M3]
	at net.liftweb.http.provider.servlet.ServletFilterProvider$$anonfun$doFilter$1.apply(ServletFilterProvider.scala:75) [lift-webkit_2.9.2-2.5-M3.jar:2.5-M3]
	at net.liftweb.http.CoreRequestVarHandler$$anonfun$apply$16$$anonfun$apply$17$$anonfun$apply$18$$anonfun$apply$19.apply(Vars.scala:619) [lift-webkit_2.9.2-2.5-M3.jar:2.5-M3]
	at net.liftweb.util.ThreadGlobal.doWith(ThreadGlobal.scala:71) [lift-util_2.9.2-2.5-M3.jar:2.5-M3]
	at net.liftweb.http.CoreRequestVarHandler$$anonfun$apply$16$$anonfun$apply$17$$anonfun$apply$18.apply(Vars.scala:618) [lift-webkit_2.9.2-2.5-M3.jar:2.5-M3]
	at net.liftweb.util.ThreadGlobal.doWith(ThreadGlobal.scala:71) [lift-util_2.9.2-2.5-M3.jar:2.5-M3]
	at net.liftweb.http.CoreRequestVarHandler$$anonfun$apply$16$$anonfun$apply$17.apply(Vars.scala:617) [lift-webkit_2.9.2-2.5-M3.jar:2.5-M3]
	at net.liftweb.util.ThreadGlobal.doWith(ThreadGlobal.scala:71) [lift-util_2.9.2-2.5-M3.jar:2.5-M3]
	at net.liftweb.http.CoreRequestVarHandler$$anonfun$apply$16.apply(Vars.scala:616) [lift-webkit_2.9.2-2.5-M3.jar:2.5-M3]
	at net.liftweb.util.ThreadGlobal.doWith(ThreadGlobal.scala:71) [lift-util_2.9.2-2.5-M3.jar:2.5-M3]
	at net.liftweb.http.CoreRequestVarHandler$class.apply(Vars.scala:615) [lift-webkit_2.9.2-2.5-M3.jar:2.5-M3]
	at net.liftweb.http.TransientRequestVarHandler$.apply(Vars.scala:528) [lift-webkit_2.9.2-2.5-M3.jar:2.5-M3]
	at net.liftweb.http.provider.servlet.ServletFilterProvider$class.doFilter(ServletFilterProvider.scala:74) [lift-webkit_2.9.2-2.5-M3.jar:2.5-M3]
	at net.liftweb.http.LiftFilter.doFilter(LiftServlet.scala:904) [lift-webkit_2.9.2-2.5-M3.jar:2.5-M3]
	at org.eclipse.jetty.servlet.ServletHandler$CachedChain.doFilter(ServletHandler.java:1307) [jetty-servlet-8.1.7.v20120910.jar:8.1.7.v20120910]
	at org.eclipse.jetty.servlet.ServletHandler.doHandle(ServletHandler.java:453) [jetty-servlet-8.1.7.v20120910.jar:8.1.7.v20120910]
	at org.eclipse.jetty.server.handler.ScopedHandler.handle(ScopedHandler.java:137) [jetty-server-8.1.7.v20120910.jar:8.1.7.v20120910]
	at org.eclipse.jetty.security.SecurityHandler.handle(SecurityHandler.java:559) [jetty-security-8.1.7.v20120910.jar:8.1.7.v20120910]
	at org.eclipse.jetty.server.session.SessionHandler.doHandle(SessionHandler.java:231) [jetty-server-8.1.7.v20120910.jar:8.1.7.v20120910]
	at org.eclipse.jetty.server.handler.ContextHandler.doHandle(ContextHandler.java:1072) [jetty-server-8.1.7.v20120910.jar:8.1.7.v20120910]
	at org.eclipse.jetty.servlet.ServletHandler.doScope(ServletHandler.java:382) [jetty-servlet-8.1.7.v20120910.jar:8.1.7.v20120910]
	at org.eclipse.jetty.server.session.SessionHandler.doScope(SessionHandler.java:193) [jetty-server-8.1.7.v20120910.jar:8.1.7.v20120910]
	at org.eclipse.jetty.server.handler.ContextHandler.doScope(ContextHandler.java:1006) [jetty-server-8.1.7.v20120910.jar:8.1.7.v20120910]
	at org.eclipse.jetty.server.handler.ScopedHandler.handle(ScopedHandler.java:135) [jetty-server-8.1.7.v20120910.jar:8.1.7.v20120910]
	at org.eclipse.jetty.server.handler.ContextHandlerCollection.handle(ContextHandlerCollection.java:255) [jetty-server-8.1.7.v20120910.jar:8.1.7.v20120910]
	at org.eclipse.jetty.server.handler.HandlerWrapper.handle(HandlerWrapper.java:116) [jetty-server-8.1.7.v20120910.jar:8.1.7.v20120910]
	at org.eclipse.jetty.server.Server.handle(Server.java:361) [jetty-server-8.1.7.v20120910.jar:8.1.7.v20120910]
	at org.eclipse.jetty.server.AbstractHttpConnection.handleRequest(AbstractHttpConnection.java:485) [jetty-server-8.1.7.v20120910.jar:8.1.7.v20120910]
	at org.eclipse.jetty.server.AbstractHttpConnection.headerComplete(AbstractHttpConnection.java:926) [jetty-server-8.1.7.v20120910.jar:8.1.7.v20120910]
	at org.eclipse.jetty.server.AbstractHttpConnection$RequestHandler.headerComplete(AbstractHttpConnection.java:988) [jetty-server-8.1.7.v20120910.jar:8.1.7.v20120910]
	at org.eclipse.jetty.http.HttpParser.parseNext(HttpParser.java:635) [jetty-http-8.1.7.v20120910.jar:8.1.7.v20120910]
	at org.eclipse.jetty.http.HttpParser.parseAvailable(HttpParser.java:235) [jetty-http-8.1.7.v20120910.jar:8.1.7.v20120910]
	at org.eclipse.jetty.server.AsyncHttpConnection.handle(AsyncHttpConnection.java:82) [jetty-server-8.1.7.v20120910.jar:8.1.7.v20120910]
	at org.eclipse.jetty.io.nio.SelectChannelEndPoint.handle(SelectChannelEndPoint.java:627) [jetty-io-8.1.7.v20120910.jar:8.1.7.v20120910]
	at org.eclipse.jetty.io.nio.SelectChannelEndPoint$1.run(SelectChannelEndPoint.java:51) [jetty-io-8.1.7.v20120910.jar:8.1.7.v20120910]
	at org.eclipse.jetty.util.thread.QueuedThreadPool.runJob(QueuedThreadPool.java:608) [jetty-util-8.1.7.v20120910.jar:8.1.7.v20120910]
	at org.eclipse.jetty.util.thread.QueuedThreadPool$3.run(QueuedThreadPool.java:543) [jetty-util-8.1.7.v20120910.jar:8.1.7.v20120910]
	at java.lang.Thread.run(Thread.java:722) [na:1.7.0_01]
13:54:21.888 INFO  [d.f.a.osm.OsmMap] [] - 1343 ways parsed in 5435 milliseconds
13:54:21.889 INFO  [d.f.a.osm.OsmMap] [] - Computing node ways mapping
13:54:21.987 INFO  [d.f.a.osm.OsmMap] [] - Node ways mapping with 4821 elements computed, took 77 ms
13:54:21.990 INFO  [d.f.a.r.RoutingService] [akka://AntScout/user/antScout/routingService] - Initialized
13:54:21.995 INFO  [d.f.a.antnet.AntMap] [] - Preparing
13:54:22.010 INFO  [d.f.a.antnet.AntMap] [] - Computing ant ways data
13:54:22.142 INFO  [d.f.a.antnet.AntMap] [] - 126 ant ways data computed, took 131 ms
13:54:22.143 INFO  [d.f.a.antnet.AntMap] [] - Computing nodes
13:54:22.145 INFO  [d.f.a.antnet.AntMap] [] - 88 nodes computed
13:54:22.145 INFO  [d.f.a.a.AntNodeSupervisor] [akka://AntScout/user/antScout/antNode] - Initializing
13:54:22.156 INFO  [d.f.a.a.AntNodeSupervisor] [akka://AntScout/user/antScout/antNode] - Initialized
13:54:22.161 INFO  [d.f.a.antnet.AntMap] [] - Computing ant ways
13:54:22.238 INFO  [d.f.a.antnet.AntMap] [] - Ant ways computed
13:54:22.242 INFO  [d.f.a.antnet.AntMap] [] - Computing incoming and outgoing ways
13:54:22.265 INFO  [d.f.a.antnet.AntMap] [] - Incoming and outgoing ways computed
13:54:22.266 INFO  [d.f.a.antnet.AntMap] [] - Computing sources and destinations
13:54:22.268 INFO  [d.f.a.antnet.AntMap] [] - 86 sources and 86 destinations computed, took 1 ms
13:54:22.270 INFO  [d.f.a.a.AntNodeSupervisor] [akka://AntScout/user/antScout/antNode] - Initializing nodes
13:54:22.442 INFO  [d.f.a.antnet.AntMap] [] - Calculating shortest paths
13:54:22.893 INFO  [d.f.a.antnet.AntMap] [] - Shortest paths calculated, took 445 ms
13:54:23.431 INFO  [d.f.a.a.AntNodeSupervisor] [akka://AntScout/user/antScout/antNode] - Nodes initialized
13:56:16.530 WARN  [d.f.a.c.Statistics] [] - Unknown message: CometName(statistics)
13:56:16.532 WARN  [d.f.a.c.UserInterface] [] - Unknown message: CometName(userInterface)
