11:22:19.965 INFO  [d.f.a.osm.OsmMap] [] - Loading file maps/Blankenese-Wedel.osm
11:22:20.552 INFO  [d.f.a.osm.OsmMap] [] - Initializing
11:22:20.615 INFO  [d.f.a.osm.OsmMap] [] - Parsing nodes
11:22:21.129 INFO  [d.f.a.osm.OsmMap] [] - 4821 nodes parsed in 436 milliseconds
11:22:21.161 INFO  [d.f.a.osm.OsmMap] [] - Parsing ways
11:22:27.346 INFO  [d.f.a.osm.OsmMap] [] - 1343 ways parsed in 6123 milliseconds
11:22:27.408 INFO  [d.f.a.osm.OsmMap] [] - Computing node ways mapping
11:22:28.079 INFO  [d.f.a.osm.OsmMap] [] - Node ways mapping with 4821 elements computed, took 546 ms
11:22:28.126 INFO  [d.f.a.r.RoutingService] [akka://AntScout/user/antScout/routingService] - Initialized
11:22:28.188 INFO  [d.f.a.antnet.AntMap] [] - Preparing
11:22:28.380 INFO  [d.f.a.antnet.AntMap] [] - Computing ant ways data
11:22:29.195 INFO  [d.f.a.antnet.AntMap] [] - 126 ant ways data computed, took 781 ms
11:22:29.214 INFO  [d.f.a.antnet.AntMap] [] - Computing nodes
11:22:29.244 INFO  [d.f.a.antnet.AntMap] [] - 88 nodes computed
11:22:29.308 INFO  [d.f.a.a.AntNodeSupervisor] [akka://AntScout/user/antScout/antNode] - Initializing
11:22:29.463 INFO  [d.f.a.a.AntNodeSupervisor] [akka://AntScout/user/antScout/antNode] - Initialized
11:22:29.566 INFO  [d.f.a.antnet.AntMap] [] - Computing ant ways
11:22:29.875 INFO  [d.f.a.antnet.AntMap] [] - Ant ways computed
11:22:30.063 INFO  [d.f.a.antnet.AntMap] [] - Computing incoming and outgoing ways
11:22:30.392 INFO  [d.f.a.antnet.AntMap] [] - Incoming and outgoing ways computed
11:22:30.408 INFO  [d.f.a.antnet.AntMap] [] - Computing sources and destinations
11:22:30.483 INFO  [d.f.a.antnet.AntMap] [] - 86 sources and 86 destinations computed, took 54 ms
11:22:30.580 INFO  [d.f.a.a.AntNodeSupervisor] [akka://AntScout/user/antScout/antNode] - Initializing nodes
11:22:30.981 INFO  [d.f.a.antnet.AntMap] [] - Calculating shortest paths
11:22:32.134 WARN  [d.f.a.c.Statistics] [] - Unknown message: CometName(statistics)
11:22:32.508 INFO  [d.f.a.antnet.AntMap] [] - Shortest paths calculated, took 1291 ms
11:22:32.526 WARN  [d.f.a.c.UserInterface] [] - Unknown message: CometName(userInterface)
11:22:34.517 INFO  [d.f.a.a.AntNodeSupervisor] [akka://AntScout/user/antScout/antNode] - Nodes initialized
11:25:50.640 INFO  [b.liftweb.Boot] [] - Shutting down
11:25:55.748 DEBUG [a.event.EventStream] [EventStream] - shutting down: StandardOutLogger started
